Step T_hot T_cold

0 0.0000 0.0000
10000 345.3228 258.6957
20000 340.2643 262.9077
30000 355.2242 258.7392
40000 351.1275 267.8446
50000 340.4532 260.9803
60000 375.3497 265.4386
70000 346.7235 249.6546
80000 349.1226 264.3487
90000 353.9173 262.0529
100000 357.8068 266.0985
110000 339.8959 254.0859
120000 341.8789 260.8760
130000 348.7634 258.8946
140000 349.9374 261.3683
150000 345.3410 273.1930
160000 356.4853 263.2720
170000 324.3373 250.7482
180000 324.7255 251.7738
190000 332.4479 271.5539
200000 354.2313 255.1669
210000 361.2324 251.1733
220000 364.3215 255.1660
230000 365.2404 260.4273
240000 376.9468 260.4469
250000 358.9944 261.1091
260000 339.3061 277.4832
270000 366.8719 280.4567
280000 359.9029 274.8787
290000 350.1293 258.2787
300000 358.6050 248.3923
310000 355.8641 268.1572
320000 349.2203 273.5517
330000 364.9825 253.5189
340000 345.0856 249.7077
350000 370.0854 259.9266
360000 365.4954 258.3211
370000 345.9170 250.2944
380000 345.9927 263.9601
390000 343.3988 260.2119
400000 343.6221 258.7945
410000 344.0966 257.0947
420000 351.0501 261.7151
430000 356.9040 271.0214
440000 341.0997 252.9053
450000 372.0161 251.6706
460000 368.2837 253.8809
470000 352.4620 258.1831
480000 340.5880 264.7543
490000 344.3579 249.4175
500000 337.4238 265.4688
510000 352.8877 271.7615
520000 377.6106 279.9232
530000 393.1379 262.9726
540000 380.6614 269.5101
550000 355.6570 273.5241
560000 346.3014 266.7975
570000 359.6164 266.4773
580000 342.9274 259.1997
590000 332.5335 274.9930
600000 331.1834 273.7621
610000 340.8950 275.8576
620000 345.6834 286.8279
630000 340.1968 268.0049
640000 327.8664 264.5862
650000 338.2011 262.7202
660000 324.6436 261.5067
670000 343.6182 248.8627
680000 335.2114 258.9970
690000 356.5237 261.8128
700000 349.2636 264.2972
710000 348.4659 279.2407
720000 358.5273 274.2345
730000 348.1511 260.1473
740000 326.1853 266.4391
750000 347.9753 262.0091
760000 363.1067 252.2020
770000 340.3255 266.7255
780000 357.9317 269.3012
790000 339.0480 279.9072
800000 330.6010 256.5998
810000 363.3175 258.5046
820000 342.2327 262.4043
830000 348.4672 252.9959
840000 330.8696 266.3841
850000 330.8370 281.0521
860000 326.9659 266.6288
870000 332.3532 259.1686
880000 332.0170 263.4852
890000 318.3096 256.4872
900000 344.4145 258.9242
910000 358.6828 261.0189
920000 347.6242 267.7722
930000 345.9267 267.4023
940000 337.5209 275.4823
950000 349.9628 258.5052
960000 335.4218 262.1700
970000 349.5069 255.4132
980000 349.8741 255.4076
990000 358.3914 264.9259
1000000 331.7669 254.3141
1010000 352.0604 260.8269
1020000 336.5954 263.7310
1030000 357.3007 254.7463
1040000 363.1674 260.9124
1050000 341.9264 276.0035
1060000 338.0849 275.6264
1070000 343.5030 268.3074
1080000 334.3313 260.8801
1090000 348.8392 263.3575
1100000 366.0354 260.4352
1110000 345.5435 257.7446
1120000 358.6745 261.8910
1130000 354.1565 261.4826
1140000 344.0642 251.5583
1150000 364.3264 257.5011
1160000 337.6507 269.9794
1170000 339.1141 256.8218
1180000 358.9255 274.0237
1190000 366.9475 271.4527
1200000 343.8825 263.9260
1210000 341.9566 262.1448
1220000 348.4874 259.5046
1230000 345.3899 259.2839
1240000 338.2016 274.5401
1250000 348.8747 285.9100
1260000 354.1711 280.1935
1270000 335.7291 287.3783
1280000 335.6369 273.7663
1290000 339.2283 276.4480
1300000 324.7154 273.5555
1310000 342.8252 276.6548
1320000 326.3817 267.3700
1330000 338.6550 268.2703
1340000 324.6076 257.4296
1350000 307.4638 253.2984
1360000 326.3391 247.7427
1370000 309.7126 247.5165
1380000 341.3084 260.7201
1390000 342.0966 266.9718
1400000 336.1423 256.4982
1410000 340.1650 265.9400
1420000 350.7039 269.2902
1430000 354.1866 263.3483
1440000 363.9182 266.3277
1450000 346.9022 270.5137
1460000 331.1856 269.7504
1470000 344.9008 260.1994
1480000 336.8261 259.2400
1490000 340.8249 249.4809
1500000 333.6719 257.8343
1510000 346.4762 253.8068
1520000 332.6374 256.8555
1530000 340.0184 247.0358
1540000 354.4983 264.8385
1550000 354.4435 263.1315
1560000 340.7428 267.3775
1570000 336.5647 277.5348
1580000 344.9257 279.0541
1590000 353.4720 261.0933
1600000 364.4299 265.9990
1610000 342.0790 263.7086
1620000 329.1869 280.2526
1630000 343.9604 259.7715
1640000 342.2474 269.4354
1650000 338.6392 250.4337
1660000 326.3856 255.2773
1670000 326.1144 262.3406
1680000 315.9881 277.2135
1690000 340.6077 263.7343
1700000 339.4070 265.0723
1710000 342.7167 264.6129
1720000 334.7877 265.3807
1730000 356.0270 268.7521
1740000 348.7861 265.6856
1750000 353.3072 265.3416
1760000 337.6806 275.1262
1770000 359.9329 267.5464
1780000 353.0864 268.9971
1790000 349.7166 275.4452
1800000 347.1661 271.4599
1810000 329.9768 270.9369
1820000 344.0593 269.0447
1830000 334.4930 274.4151
1840000 340.4428 275.0356
1850000 330.8159 270.2227
1860000 331.7819 270.9357
1870000 365.3455 279.5151
1880000 331.6788 269.9646
1890000 351.5029 270.6060
1900000 325.7801 263.7397
1910000 335.7944 269.9592
1920000 327.8206 267.9939
1930000 320.2442 270.1974
1940000 332.8618 264.9946
1950000 333.6819 266.6880
1960000 343.4504 266.2532
1970000 316.7937 256.7857
1980000 323.1997 246.1463
1990000 334.8197 248.5534
2000000 338.3015 235.0343
2010000 335.8569 244.0507
2020000 345.8171 248.6460
2030000 337.1294 246.1871
2040000 334.3583 272.2697
2050000 331.9233 264.1910
2060000 335.4267 257.8208
2070000 341.7372 260.5968
2080000 346.7389 261.2142
2090000 345.4943 265.4198
2100000 333.1707 284.2662
2110000 336.6993 256.6846
2120000 337.9618 255.9203
2130000 347.7492 256.2909
2140000 364.8505 270.7581
2150000 345.0322 260.0293
2160000 346.0551 259.0964
2170000 343.2622 259.6460
2180000 341.0290 258.7141
2190000 363.5573 253.2382
2200000 358.9491 255.9610
2210000 355.0912 255.5199
2220000 341.5116 258.7059
2230000 357.1046 272.5540
2240000 358.7356 266.8962
2250000 354.9976 276.1160
2260000 346.9956 265.8904
2270000 353.7194 254.3907
2280000 370.4272 265.2040
2290000 333.1503 262.8437
2300000 353.1345 263.8143
2310000 375.0584 255.1294
2320000 356.6972 261.2509
2330000 355.0095 278.4283
2340000 355.8723 266.3499
2350000 339.3063 267.7490
2360000 362.8407 273.9828
2370000 375.9035 266.3479
2380000 350.4244 252.3008
2390000 354.5667 265.1482
2400000 343.0948 276.1946
2410000 377.9254 251.0327
2420000 375.0546 247.0331
2430000 390.9928 244.1524
2440000 373.2016 252.7491
2450000 362.1363 253.3217
2460000 382.3028 261.0103
2470000 372.1217 267.1444
2480000 381.4589 261.6660
2490000 368.3689 266.2164
2500000 403.6089 258.8548
2510000 357.5902 246.0502
2520000 387.3784 256.0670
2530000 370.0542 259.5579
2540000 352.4987 264.2263
2550000 357.5490 268.1489
2560000 353.9641 260.4321
2570000 352.9202 259.8179
2580000 341.6116 268.2008
2590000 332.1387 260.5643
2600000 350.0567 272.9252
2610000 348.3655 291.0337
2620000 330.3231 257.1055
2630000 337.5236 269.5684
2640000 316.5368 266.2908
2650000 343.9707 260.9948
2660000 333.8562 254.0199
2670000 330.5655 265.4293
2680000 318.8503 264.9798
2690000 345.0378 265.1379
2700000 338.2819 258.1001
2710000 341.7789 268.4272
2720000 321.6276 250.0990
2730000 325.8508 258.6852
2740000 343.1553 266.2753
2750000 351.0641 276.7913
2760000 358.3713 271.4582
2770000 334.1712 269.3184
2780000 338.3787 262.9571
2790000 341.4932 264.1885
2800000 355.0008 274.0297
2810000 311.1251 282.3065
2820000 321.7596 277.3957
2830000 340.2545 267.6179
2840000 333.1801 255.7442
2850000 337.9053 269.9870
2860000 342.1953 267.6150
2870000 308.8233 277.2546
2880000 334.2481 265.7300
2890000 339.2046 276.2669
2900000 353.7573 269.3056
2910000 357.7876 254.7301
2920000 327.5820 271.3918
2930000 340.5844 258.0022
2940000 361.5289 245.2098
2950000 332.5139 258.5046
2960000 359.3377 275.2132
2970000 348.1901 258.7873
2980000 357.4292 245.5368
2990000 340.1444 253.2724
3000000 346.4529 260.9275
3010000 343.4417 262.9981
3020000 349.1071 270.1179
3030000 378.2435 269.7599
3040000 353.7619 259.4805
3050000 352.5772 250.4004
3060000 336.4791 257.1322
3070000 323.2002 249.9899
3080000 317.6902 246.4285
3090000 343.7675 249.2212
3100000 340.8585 264.5597
3110000 335.8587 259.9259
3120000 352.7084 254.9465
3130000 341.3289 260.6588
3140000 338.4417 252.2000
3150000 334.6915 253.0880
3160000 335.6573 255.1900
3170000 326.3320 256.6056
3180000 339.3385 242.3545
3190000 323.3386 235.0601
3200000 331.0392 240.0465
3210000 330.5696 249.1220
3220000 346.3784 256.5733
3230000 379.5204 257.2387
3240000 348.5529 266.3556
3250000 341.6736 259.2682
3260000 323.8324 272.7038
3270000 334.6470 260.0713
3280000 324.5504 258.1436
3290000 334.2589 254.5306
3300000 350.9061 242.2631
3310000 335.1651 263.0430
3320000 339.1000 262.8759
3330000 349.0299 280.1293
3340000 331.4590 263.2496
3350000 353.3163 253.8708
3360000 372.9334 251.6296
3370000 361.7582 256.5564
3380000 343.9552 263.0048
3390000 335.1325 272.7930
3400000 338.8255 271.6878
3410000 341.5653 271.0349
3420000 349.1275 266.2255
3430000 329.1525 271.5982
3440000 340.9497 276.7383
3450000 331.5469 272.0502
3460000 353.4171 265.1750
3470000 362.5225 250.2164
3480000 370.1159 261.9514
3490000 356.4023 253.3282
3500000 368.1493 272.0116
3510000 362.0100 271.3780
3520000 342.3519 269.5074
3530000 388.4601 268.5920
3540000 351.8568 264.7182
3550000 362.0035 259.8809
3560000 350.1231 282.1709
3570000 352.4983 270.7857
3580000 351.2426 274.3568
3590000 333.2437 260.1707
3600000 336.0100 260.3877
3610000 363.8579 258.5597
3620000 356.8232 260.6471
3630000 350.9248 260.1416
3640000 358.0628 261.6464
3650000 370.7223 263.0625
3660000 347.3687 272.4739
3670000 379.1752 270.6223
3680000 352.7656 271.4616
3690000 344.9856 264.3369
3700000 343.2246 269.4541
3710000 348.2196 272.1778
3720000 323.8908 265.4501
3730000 332.5787 269.9229
3740000 305.4709 271.0607
3750000 337.1199 269.1445
3760000 354.2866 273.7784
3770000 336.8288 277.2432
3780000 338.9898 263.4911
3790000 344.8933 262.1859
3800000 332.3531 260.8772
3810000 352.9601 247.6389
3820000 353.9682 260.8190
3830000 352.2534 257.1743
3840000 336.7726 260.9174
3850000 347.6237 275.2644
3860000 343.6255 265.8016
3870000 360.5822 256.8439
3880000 341.9801 272.8895
3890000 356.7264 257.6076
3900000 345.5123 269.0471
3910000 343.6855 259.4920
3920000 354.3684 273.9583
3930000 368.6632 264.2142
3940000 342.2659 265.6119
3950000 343.7662 256.8097
3960000 355.7415 273.2745
3970000 367.8478 259.7554
3980000 388.3402 274.7373
3990000 363.5343 260.1110
4000000 355.6457 258.5952
4010000 355.4412 281.4196
4020000 366.3650 265.5070
4030000 359.6911 252.4782
4040000 346.8984 259.1061
4050000 345.8747 273.9726
4060000 351.2709 265.4679
4070000 337.6788 266.4450
4080000 332.8279 262.6726
4090000 343.9993 251.7746
4100000 337.3578 274.0791
4110000 358.7137 265.3602
4120000 360.1748 267.2493
4130000 361.0620 249.6917
4140000 347.5732 251.7274
4150000 355.0637 255.6995
4160000 344.6444 254.3970
4170000 344.5185 264.0007
4180000 343.3784 263.0024
4190000 346.3039 255.9415
4200000 340.0742 244.7600
4210000 344.4228 250.2122
4220000 350.3520 250.8519
4230000 336.0406 254.5474
4240000 332.9035 267.2773
4250000 334.8739 267.6545
4260000 327.5053 263.7313
4270000 341.1010 252.8759
4280000 353.4067 256.6567
4290000 366.2044 250.0562
4300000 358.2123 248.1420
4310000 358.6353 261.1264
4320000 336.1042 258.9338
4330000 348.5791 274.5543
4340000 354.3894 266.2108
4350000 341.0297 258.8347
4360000 344.2298 266.6281
4370000 352.4464 260.0035
4380000 352.4218 272.1046
4390000 353.5168 262.5901
4400000 336.0311 253.4155
4410000 334.1519 247.0586
4420000 336.3705 245.3785
4430000 336.7805 253.3818
4440000 326.8885 271.3568
4450000 356.3839 268.1353
4460000 349.0264 254.7020
4470000 380.2962 269.8852
4480000 363.6001 257.7407
4490000 354.9693 273.9206
4500000 342.9475 272.2927
4510000 347.4677 253.0198
4520000 359.4722 255.0771
4530000 355.2429 245.4272
4540000 343.9568 259.7242
4550000 355.7564 255.5430
4560000 338.4576 275.7487
4570000 344.1147 266.3438
4580000 338.2385 275.1645
4590000 358.5694 270.5994
4600000 325.0823 262.6267
4610000 331.8913 261.9167
4620000 323.7531 253.2494
4630000 325.9646 263.8762
4640000 353.6574 258.8957
4650000 345.5408 260.4984
4660000 350.1345 264.9500
4670000 352.2819 268.1883
4680000 345.7309 272.1997
4690000 333.9299 278.7781
4700000 343.0200 259.5038
4710000 350.2694 252.2653
4720000 343.0433 259.2407
4730000 324.2722 253.0652
4740000 336.9668 273.2287
4750000 330.3641 262.9949
4760000 324.4315 277.9128
4770000 347.0651 285.9088
4780000 331.5974 277.0657
4790000 338.3332 267.4354
4800000 330.9430 268.0521
4810000 346.9353 263.8308
4820000 344.2368 271.8122
4830000 328.9468 270.1517
4840000 336.1299 274.1881
4850000 336.7611 277.1390
4860000 334.4416 269.0769
4870000 321.1204 270.0228
4880000 329.3632 264.9995
4890000 351.5543 258.0369
4900000 328.7453 263.1190
4910000 342.4540 266.8098
4920000 349.7782 295.5721
4930000 348.4868 283.0680
4940000 347.5018 281.3557
4950000 349.1121 271.9676
4960000 352.4242 271.4905
4970000 342.6781 261.6894
4980000 366.7608 260.0734
4990000 354.6842 275.4377
5000000 334.7906 271.0396
5010000 335.1141 267.3808
5020000 338.5143 257.6858
5030000 345.8756 275.3191
5040000 328.0277 268.1332
5050000 347.4565 268.5484
5060000 330.3743 272.7851
5070000 321.9784 275.7959
5080000 326.0000 268.6441
5090000 325.1440 259.1259
5100000 349.8764 269.0812
5110000 355.1801 275.2509
5120000 333.5526 257.4996
5130000 324.8786 273.8189
5140000 329.6665 278.8745
5150000 341.2279 265.6541
5160000 333.0756 279.3107
5170000 340.2404 268.4476
5180000 342.1380 272.8883
5190000 344.8585 255.1034
5200000 337.6826 274.0925
5210000 337.4358 262.5200
5220000 315.8471 269.8543
5230000 332.0996 270.3471
5240000 344.4032 274.2764
5250000 353.2025 273.0504
5260000 368.5722 282.9711
5270000 349.9612 261.5111
5280000 347.0334 267.7993
5290000 352.3408 253.7922
5300000 349.2966 271.0155
5310000 326.6420 277.4105
5320000 348.5476 261.7036
5330000 347.5571 250.3490
5340000 347.3997 266.8131
5350000 337.6319 277.3520
5360000 320.2993 247.8011
5370000 343.0303 267.4473
5380000 338.6929 274.5210
5390000 337.1411 266.9460
5400000 352.3222 265.7569
5410000 341.7630 267.3739
5420000 346.9637 255.5383
5430000 340.1489 272.8601
5440000 349.5106 272.8805
5450000 328.6620 264.1754
5460000 321.2432 265.3531
5470000 333.2801 277.4240
5480000 347.7307 266.0461
5490000 344.9008 265.9560
5500000 358.0975 277.0107
5510000 353.9787 269.2606
5520000 321.5598 281.9910
5530000 350.4369 270.3847
5540000 333.6225 269.1100
5550000 311.2771 270.9975
5560000 343.3417 266.0840
5570000 345.1343 271.7192
5580000 335.9924 273.7352
5590000 340.6369 266.3121
5600000 334.8066 266.1887
5610000 360.4492 261.0357
5620000 357.2618 250.3222
5630000 347.4685 266.2420
5640000 346.7791 274.8949
5650000 338.8640 275.6887
5660000 349.6588 269.7174
5670000 366.4865 253.9364
5680000 365.4833 258.0515
5690000 346.8322 255.3787
5700000 336.3170 260.0089
5710000 347.4607 259.4675
5720000 350.8458 257.6776
5730000 336.9813 260.1849
5740000 333.0038 270.5228
5750000 332.3026 275.0327
5760000 329.1277 276.6893
5770000 332.8717 262.1788
5780000 326.8392 269.5901
5790000 331.9678 262.4955
5800000 334.3467 256.8049
5810000 348.3954 254.6238
5820000 340.0611 257.5534
5830000 320.2543 263.9749
5840000 335.6583 268.1707
5850000 336.4168 261.7976
5860000 352.6885 268.2831
5870000 333.9959 258.3144
5880000 342.8671 252.5434
5890000 360.9220 260.3475
5900000 348.7409 248.8421
5910000 360.8394 258.8030
5920000 365.6082 266.7118
5930000 359.6257 253.5599
5940000 346.8151 257.7965
5950000 353.1008 259.5019
5960000 343.4261 246.7199
5970000 341.7557 264.6731
5980000 330.1206 256.5241
5990000 327.0529 252.1991
6000000 343.4954 255.3675
6010000 358.2238 256.2908
6020000 367.1682 232.1037
6030000 354.8335 256.2822
6040000 345.2009 262.4986
6050000 344.6899 275.2015
6060000 347.0817 267.1851
6070000 345.0605 252.8206
6080000 355.3311 263.8558
6090000 345.1029 262.7227
6100000 348.5530 257.1847
6110000 369.0209 258.3265
6120000 331.0826 254.7595
6130000 346.4542 262.1893
6140000 355.6192 268.0465
6150000 340.4333 272.9313
6160000 353.1505 262.4187
6170000 351.0934 260.5060
6180000 352.9580 267.3738
6190000 350.7221 267.2942
6200000 333.7626 260.7200
6210000 337.8486 251.9404
6220000 307.3786 244.9434
6230000 334.5771 254.7057
6240000 329.2733 272.0551
6250000 348.0624 273.1911
6260000 354.3220 277.5106
6270000 326.9068 270.8338
6280000 331.0349 261.1719
6290000 338.5783 259.8737
6300000 329.3258 274.8746
6310000 332.0049 266.4920
6320000 324.8801 271.5506
6330000 335.5544 262.6192
6340000 350.3194 256.0143
6350000 336.7226 267.6191
6360000 339.5617 268.9635
6370000 355.9829 270.5115
6380000 349.6790 274.2185
6390000 353.2983 270.1040
6400000 349.9564 260.9701
6410000 345.5147 259.6386
6420000 345.8050 258.4400
6430000 364.5330 258.8113
6440000 344.7948 264.0414
6450000 348.0842 262.7814
6460000 330.6054 269.9890
6470000 326.8937 258.6142
6480000 330.8137 273.4650
6490000 340.8003 262.1551
6500000 331.9570 269.6164
6510000 331.8209 264.2487
6520000 336.6230 264.0020
6530000 370.3301 263.6138
6540000 343.0840 267.9476
6550000 340.6450 263.1798
6560000 337.6110 261.9823
6570000 341.8303 253.2819
6580000 361.2236 257.7354
6590000 346.4184 268.2981
6600000 357.9495 264.4818
6610000 365.6733 265.2410
6620000 365.9266 253.9225
6630000 356.1387 268.1181
6640000 341.8484 252.3659
6650000 350.6849 250.2221
6660000 363.3089 263.4275
6670000 357.3111 266.3771
6680000 352.1458 264.1648
6690000 343.7173 279.5985
6700000 335.8445 269.0211
6710000 339.3258 255.9999
6720000 335.1051 243.5530
6730000 341.4452 263.6624
6740000 334.3927 260.7491
6750000 334.8419 251.3748
6760000 331.1023 247.5600
6770000 350.8453 264.2313
6780000 342.1578 258.6786
6790000 336.1209 257.9234
6800000 340.5708 261.2084
6810000 331.2152 259.3217
6820000 337.3086 253.0908
6830000 333.4562 255.7420
6840000 344.8048 257.2396
6850000 343.5473 252.6445
6860000 350.2992 263.2237
6870000 347.2862 251.1657
6880000 353.0652 259.4793
6890000 361.6048 261.1899
6900000 341.3497 268.3354
6910000 338.8441 252.9826
6920000 351.0741 258.6977
6930000 361.5815 259.8181
6940000 350.2479 250.9136
6950000 350.6397 267.1102
6960000 350.3788 257.3744
6970000 357.7083 269.4255
6980000 326.4461 254.8872
6990000 329.9411 274.1955
7000000 337.7103 260.2552
7010000 338.7034 264.9807
7020000 333.6774 259.6340
7030000 341.6833 259.2143
7040000 348.3229 258.6896
7050000 354.9406 256.2873
7060000 334.8497 260.4341
7070000 354.3786 271.3498
7080000 351.7033 264.4537
7090000 367.7341 271.2576
7100000 340.6722 261.1660
7110000 349.8901 253.3277
7120000 351.3017 266.1440
7130000 358.6789 255.6321
7140000 321.6969 257.6245
7150000 339.9437 255.0840
7160000 359.7046 254.4064
7170000 337.9267 257.0458
7180000 339.2691 254.4906
7190000 352.5822 274.5522
7200000 347.9379 258.7724
7210000 331.9596 248.2953
7220000 355.7650 253.8196
7230000 346.0969 252.6760
7240000 323.2775 259.9956
7250000 332.7136 247.9213
7260000 348.0301 255.5900
7270000 364.6992 246.2953
7280000 353.9760 239.1495
7290000 364.6285 252.9709
7300000 345.1007 262.7887
7310000 344.8109 247.4359
7320000 348.0639 258.9651
7330000 346.1475 242.1523
7340000 351.0857 257.1212
7350000 363.0071 260.2666
7360000 338.9519 272.1111
7370000 361.9513 258.8745
7380000 344.2640 260.5408
7390000 372.7501 267.4272
7400000 359.8242 261.5685
7410000 356.2015 252.1365
7420000 340.5529 254.8335
7430000 350.5430 263.1907
7440000 352.7854 277.0828
7450000 352.4784 268.2353
7460000 348.8734 262.1882
7470000 361.5775 245.0032
7480000 356.4478 255.2919
7490000 349.6785 283.6599
7500000 347.9823 260.7010
7510000 334.8415 243.0527
7520000 340.9168 265.5695
7530000 349.4917 262.3601
7540000 338.2334 265.5510
7550000 352.9911 265.8538
7560000 358.3868 269.0384
7570000 345.7002 268.2919
7580000 338.6481 278.0479
7590000 342.9229 270.1471
7600000 340.5529 254.0757
7610000 356.5020 273.9195
7620000 337.4687 261.4333
7630000 342.1339 261.7734
7640000 327.5674 264.9383
7650000 344.8221 258.1260
7660000 330.6737 261.6892
7670000 347.6968 259.7773
7680000 357.1780 250.6122
7690000 357.2632 275.8152
7700000 357.9992 275.3072
7710000 346.2360 265.8402
7720000 335.9972 251.9805
7730000 351.8064 255.2099
7740000 346.9094 258.7323
7750000 354.7056 269.7799
7760000 326.8430 269.3368
7770000 333.7386 277.8932
7780000 337.8552 264.7175
7790000 307.4265 264.8942
7800000 345.1714 268.5223
7810000 360.0564 257.9475
7820000 375.6392 269.4054
7830000 336.1268 261.3003
7840000 328.4137 265.7018
7850000 350.2156 258.5695
7860000 327.0186 273.4013
7870000 336.1291 272.6923
7880000 363.4823 276.7682
7890000 335.8277 277.7480
7900000 324.4195 284.7312
7910000 320.7154 281.2667
7920000 325.4754 277.5109
7930000 340.0594 262.4648
7940000 335.9294 261.3255
7950000 340.7296 260.7289
7960000 320.0251 266.1825
7970000 326.8873 266.8599
7980000 345.0659 269.6769
7990000 327.7546 264.4914
8000000 331.5805 258.2591
8010000 331.6113 275.2746
8020000 321.9598 258.6713
8030000 328.5320 263.0680
8040000 341.4962 257.8577
8050000 317.8542 265.0783
8060000 346.5205 263.2263
8070000 349.6316 270.2383
8080000 355.2992 267.9860
8090000 344.3141 265.2123
8100000 328.2755 276.2281
8110000 356.9235 271.1511
8120000 334.9709 266.4517
8130000 350.5907 270.4112
8140000 363.8627 266.2472
8150000 367.2708 271.7363
8160000 350.4913 276.4843
8170000 342.4910 271.9309
8180000 358.3952 271.7415
8190000 351.5793 262.4132
8200000 360.1917 257.6184
8210000 371.9842 249.3066
8220000 350.4972 260.4480
8230000 340.7727 251.7306
8240000 321.8241 264.2940
8250000 344.3187 269.5901
8260000 334.9782 262.2262
8270000 366.9195 260.2264
8280000 330.7827 266.8414
8290000 333.8794 262.6936
8300000 343.8506 260.0459
8310000 343.2410 268.6701
8320000 325.0689 262.8093
8330000 345.5336 276.3823
8340000 353.5874 263.4238
8350000 333.8542 258.0945
8360000 346.5324 261.6299
8370000 350.8824 268.6833
8380000 345.5484 258.9246
8390000 345.7470 262.4444
8400000 346.5261 259.6692
8410000 383.6752 256.7638
8420000 360.0562 263.2839
8430000 356.8180 274.6506
8440000 350.8951 271.8635
8450000 353.4502 270.7340
8460000 354.6943 271.7266
8470000 332.4449 279.4459
8480000 340.5731 282.7929
8490000 352.8494 255.2365
8500000 364.9170 258.5855
8510000 354.0257 267.4055
8520000 330.4812 269.4093
8530000 348.7310 265.7333
8540000 343.1472 261.7309
8550000 359.5912 270.3189
8560000 363.0608 264.0973
8570000 380.0922 280.1012
8580000 380.5026 286.1463
8590000 364.0209 255.2811
8600000 376.0813 261.3455
8610000 358.5309 267.5809
8620000 361.0412 275.3644
8630000 358.7640 267.2900
8640000 342.3876 267.6587
8650000 364.8064 280.5569
8660000 358.7943 272.5558
8670000 355.6360 267.2347
8680000 373.5374 268.0943
8690000 374.1642 271.7976
8700000 356.8450 263.6615
8710000 359.6624 265.7723
8720000 338.8136 261.2423
8730000 341.7447 261.5507
8740000 328.1698 272.1320
8750000 349.3053 268.2274
8760000 362.2062 262.1963
8770000 355.7978 268.8323
8780000 373.6793 266.4158
8790000 349.6411 261.5319
8800000 338.5989 253.4389
8810000 336.0414 260.0378
8820000 348.0403 259.7466
8830000 355.4988 252.7464
8840000 356.2965 265.6419
8850000 328.0304 257.5074
8860000 339.8913 269.2082
8870000 342.3109 268.7274
8880000 358.9412 266.0175
8890000 362.6426 246.4191
8900000 352.0793 258.1000
8910000 345.1458 252.4359
8920000 345.7284 247.4231
8930000 330.6507 254.9206
8940000 320.9026 255.4276
8950000 356.1313 249.1826
8960000 342.5859 261.2417
8970000 339.8386 256.0155
8980000 354.8296 262.8351
8990000 339.3918 264.5907
9000000 353.3664 265.3343
9010000 358.0706 260.4399
9020000 324.9972 262.3571
9030000 341.3162 251.1911
9040000 342.5057 252.6037
9050000 354.3966 253.4579
9060000 342.8736 252.1317
9070000 346.5101 250.9343
9080000 342.0602 250.0868
9090000 336.2231 258.9974
9100000 325.3661 248.9408
9110000 351.2754 270.1329
9120000 334.1921 270.2740
9130000 338.9083 262.7454
9140000 377.3038 270.6405
9150000 360.3490 262.3718
9160000 344.0382 265.2919
9170000 339.5340 262.9946
9180000 342.3320 271.3070
9190000 354.5588 273.4484
9200000 357.2922 271.3341
9210000 344.3892 263.8301
9220000 328.9836 265.2110
9230000 329.1283 259.8918
9240000 331.8446 261.1906
9250000 343.5333 272.5353
9260000 344.3169 265.4485
9270000 340.7517 259.3881
9280000 339.4637 268.7063
9290000 343.5288 271.6578
9300000 342.3310 271.1684
9310000 332.1224 283.5017
9320000 313.8101 269.6576
9330000 325.4694 266.4403
9340000 365.9439 272.7434
9350000 356.7893 260.1837
9360000 329.3048 253.7301
9370000 339.6546 268.5746
9380000 325.0895 272.5848
9390000 332.0533 279.3981
9400000 333.6183 269.0819
9410000 338.8507 258.2195
9420000 324.2179 255.3635
9430000 348.0923 267.2169
9440000 353.8083 261.7519
9450000 359.8600 268.4139
9460000 364.8259 268.0635
9470000 320.3313 267.2240
9480000 334.6596 266.0837
9490000 333.7742 253.1410
9500000 358.3321 260.0547
9510000 322.5965 254.4540
9520000 336.8054 261.6987
9530000 365.3423 259.5072
9540000 347.5758 257.9844
9550000 337.3401 259.1234
9560000 340.0145 253.1026
9570000 347.4329 254.8978
9580000 356.2305 258.4985
9590000 343.5444 262.2751
9600000 344.3338 262.3145
9610000 350.8057 251.5897
9620000 349.5890 268.4084
9630000 359.5682 253.8112
9640000 359.0535 263.0571
9650000 344.5171 264.1359
9660000 351.1645 255.4217
9670000 318.2859 278.6878
9680000 358.6370 267.1804
9690000 337.5190 257.2177
9700000 361.5864 260.2859
9710000 341.1142 276.1026
9720000 351.8002 265.3005
9730000 356.1927 266.5245
9740000 367.8562 264.9147
9750000 354.6278 264.5507
9760000 314.9354 269.1844
9770000 328.0954 268.2403
9780000 323.4327 270.7226
9790000 301.4609 275.1288
9800000 346.5866 265.4798
9810000 347.3720 262.5145
9820000 334.0891 263.4301
9830000 339.0733 266.5543
9840000 344.2943 254.1888
9850000 335.1627 255.6163
9860000 341.5166 254.4613
9870000 339.1716 247.6607
9880000 334.6841 247.0462
9890000 325.0333 269.6848
9900000 309.4628 262.7939
9910000 324.3508 264.7112
9920000 304.9860 276.3372
9930000 342.2561 249.7824
9940000 341.8784 264.3140
9950000 342.9578 272.9021
9960000 323.0340 261.5612
9970000 331.1099 271.8622
9980000 310.1340 273.4605
9990000 321.0384 267.4212
10000000 332.7909 273.8101
10010000 338.5170 258.1000
10020000 337.8479 256.3277
10030000 328.4768 262.5635
10040000 314.4500 263.1350
10050000 343.5115 273.4634
10060000 364.3675 273.9286
10070000 325.7579 264.5387
10080000 314.4518 271.0564
10090000 328.6746 270.9392
10100000 330.9650 260.2387
10110000 319.5231 253.5220
10120000 324.5035 261.6968
10130000 332.0243 264.5994
10140000 318.6157 257.8162
10150000 306.6036 251.4765
10160000 300.9529 259.0426
10170000 332.1933 246.5587
10180000 330.2180 253.8918
10190000 306.7813 251.6923
10200000 327.3218 260.8657
10210000 330.4990 255.1890
10220000 327.3847 281.1601
10230000 336.1642 274.5492
10240000 321.1697 272.1138
10250000 319.2740 274.6669
10260000 341.6789 260.5425
10270000 323.5970 261.7152
10280000 358.5975 259.5522
10290000 343.2625 271.8514
10300000 317.9867 263.6746
10310000 337.4801 263.0042
10320000 333.1703 267.5530
10330000 346.7623 258.4870
10340000 342.6477 265.2879
10350000 359.4427 269.4890
10360000 353.0309 266.0721
10370000 342.3173 250.6285
10380000 330.3995 263.9245
10390000 341.4492 276.8704
10400000 330.0294 266.0960
10410000 313.2779 261.1954
10420000 351.1087 258.3706
10430000 349.3566 266.7784
10440000 336.4428 254.9020
10450000 323.8811 269.2664
10460000 315.0206 247.5156
10470000 347.3983 246.9775
10480000 329.0871 256.0788
10490000 328.9395 267.9348
10500000 311.4771 275.2078
10510000 320.6376 271.7860
10520000 332.6352 273.0979
10530000 341.3726 260.8142
10540000 330.4596 255.1792
10550000 336.1118 257.1455
10560000 354.4578 278.6780
10570000 352.2152 267.0410
10580000 342.7123 263.0844
10590000 346.9960 259.2636
10600000 358.8615 261.6913
10610000 335.8337 281.0881
10620000 321.4640 267.1686
10630000 338.3137 265.1822
10640000 349.7961 280.5366
10650000 350.4893 277.2237
10660000 334.6044 270.7863
10670000 339.8541 275.6634
10680000 327.7958 272.0183
10690000 342.6803 274.4376
10700000 352.2803 277.4374
10710000 343.8501 264.2507
10720000 338.3652 261.8022
10730000 337.5857 262.7505
10740000 350.5971 269.6695
10750000 343.1685 271.5108
10760000 343.0317 265.9955
10770000 327.1028 283.5888
10780000 341.6621 274.5632
10790000 361.9222 262.6265
10800000 313.2035 274.8646
10810000 336.1568 266.9497
10820000 334.3115 271.4835
10830000 338.2925 273.7980
10840000 329.0548 267.5264
10850000 348.3064 276.2765
10860000 345.4625 281.9543
10870000 368.8629 270.9058
10880000 344.4174 265.7755
10890000 350.5621 261.5050
10900000 347.0390 262.8562
10910000 344.0746 254.6068
10920000 340.8294 260.7822
10930000 334.0693 269.6413
10940000 347.3735 266.8511
10950000 341.3812 269.0019
10960000 346.6566 270.6963
10970000 340.9300 278.4369
10980000 351.9881 265.6792
10990000 340.6243 259.1898
11000000 331.9659 276.8147
11010000 370.9694 266.4949
11020000 322.4835 271.1009
11030000 327.9457 263.0882
11040000 324.3739 266.5094
11050000 330.4760 248.5013
11060000 349.3353 250.6238
11070000 356.0932 243.7414
11080000 353.8038 255.5563
11090000 351.7017 271.3634
11100000 345.8938 270.9583
11110000 352.7180 260.3971
11120000 338.9729 250.9815
11130000 333.6382 258.1203
11140000 344.0921 250.8441
11150000 337.6623 257.6592
11160000 332.0005 261.0709
11170000 330.8246 264.0723
11180000 344.5447 256.4109
11190000 315.5473 241.7615
11200000 353.5069 248.6341
11210000 324.1347 263.8933
11220000 341.3698 256.4157
11230000 344.5651 259.1486
11240000 352.2069 246.9405
11250000 352.3601 253.2233
11260000 340.9524 265.0216
11270000 339.8024 267.6941
11280000 343.2870 270.9717
11290000 358.7783 267.2839
11300000 346.8615 262.0241
11310000 363.8036 255.7268
11320000 346.3902 264.8798
11330000 354.1631 263.3659
11340000 346.1945 270.6301
11350000 348.8616 250.9348
11360000 350.7830 271.5094
11370000 370.4481 262.7288
11380000 346.7077 260.0788
11390000 336.3143 256.3331
11400000 330.8226 263.0795
11410000 320.8801 268.2090
11420000 323.0761 265.7591
11430000 324.9415 259.0921
11440000 350.1656 249.6159
11450000 346.3197 253.4460
11460000 362.3515 257.8431
11470000 341.0950 265.8153
11480000 355.9170 263.5465
11490000 344.6477 249.2358
11500000 333.0851 247.4486
11510000 360.8575 264.7801
11520000 341.5083 273.6160
11530000 324.4334 273.2532
11540000 320.6822 243.3903
11550000 348.9319 254.5233
11560000 333.1181 262.4684
11570000 337.1743 244.5164
11580000 330.2710 247.7491
11590000 362.5468 276.5772
11600000 359.5696 261.3428
11610000 331.5049 258.1579
11620000 348.8651 268.5693
11630000 355.0810 264.9349
11640000 348.6565 263.5588
11650000 356.1478 267.6188
11660000 350.8071 270.4886
11670000 355.7646 265.7059
11680000 342.7672 266.5482
11690000 349.9175 266.1427
11700000 353.0318 270.1243
11710000 328.8034 266.4763
11720000 336.4034 263.8319
11730000 334.7437 261.6361
11740000 361.6115 272.8399
11750000 347.7485 271.7514
11760000 356.2532 275.7924
11770000 344.8523 272.4815
11780000 344.6228 255.8221
11790000 341.4374 270.0576
11800000 336.3621 265.2131
11810000 356.2090 264.1531
11820000 339.3888 257.4931
11830000 322.7478 262.7410
11840000 353.9923 249.6277
11850000 352.1709 260.8851
11860000 370.2046 265.7218
11870000 345.5584 250.1237
11880000 349.6987 271.2536
11890000 362.6353 271.3505
11900000 353.4885 265.8919
11910000 345.6161 255.5746
11920000 364.9523 262.4558
11930000 363.4271 259.2089
11940000 344.2492 265.1114
11950000 351.2157 264.5277
11960000 354.0231 260.0893
11970000 362.4043 256.1201
11980000 346.2821 249.9081
11990000 357.8560 249.9634
12000000 348.9104 264.0110
12010000 351.4553 258.7531
12020000 362.7666 264.9496
12030000 352.6352 258.4067
12040000 350.6308 264.3743
12050000 374.2713 275.7802
12060000 357.3652 261.9204
12070000 354.0646 271.1639
12080000 367.2085 275.1523
12090000 357.0937 260.1620
12100000 335.5218 263.1233
12110000 347.6607 253.5847
12120000 343.9292 266.6329
12130000 332.3800 264.7462
12140000 351.4778 263.5777
12150000 362.2206 262.2362
12160000 341.1333 262.7097
12170000 330.8937 270.2504
12180000 325.0665 264.2828
12190000 341.6708 257.3998
12200000 370.7973 252.7538
12210000 364.6396 262.9115
12220000 373.7866 257.6540
12230000 333.1628 265.6888
12240000 333.1680 272.4895
12250000 332.5999 273.6912
12260000 354.6929 270.3456
12270000 352.9314 260.4716
12280000 347.0458 265.9020
12290000 333.2539 262.3957
12300000 324.4652 268.5099
12310000 324.0991 262.5184
12320000 319.2400 246.3047
12330000 345.1634 253.3280
12340000 358.0783 246.6217
12350000 349.2988 251.2685
12360000 342.4580 266.8902
12370000 366.7976 263.8214
12380000 341.8975 253.6676
12390000 350.8570 255.5538
12400000 340.7039 250.4297
12410000 332.0000 250.6631
12420000 344.0556 260.9648
12430000 351.4482 255.5020
12440000 347.1808 250.5513
12450000 375.6473 255.2910
12460000 365.5201 259.3548
12470000 353.1379 255.6623
12480000 352.0326 263.1500
12490000 350.5744 264.7461
12500000 368.2050 260.9490
12510000 335.6595 273.4681
12520000 332.3537 260.1851
12530000 352.2081 275.7604
12540000 354.7300 280.9775
12550000 340.7792 271.4795
12560000 350.3379 259.2723
12570000 330.3275 259.8126
12580000 325.3577 263.5226
12590000 338.5960 262.8534
12600000 350.5468 278.3560
12610000 346.0496 263.7248
12620000 343.6310 258.5767
12630000 360.9783 264.2472
12640000 322.0003 264.5731
12650000 324.0360 260.6202
12660000 325.8443 268.3996
12670000 328.2509 269.5553
12680000 332.7913 259.5939
12690000 341.3116 259.0828
12700000 327.4823 250.8135
12710000 334.3359 263.7684
12720000 339.9013 272.2749
12730000 328.6146 274.9012
12740000 318.4768 266.4692
12750000 327.2256 270.1718
12760000 356.3957 261.1039
12770000 320.8389 265.1471
12780000 315.4307 285.2972
12790000 320.7584 269.7518
12800000 329.6922 270.8806
12810000 360.8361 259.6525
12820000 342.8930 249.7508
12830000 358.2776 266.6999
12840000 354.1258 274.6037
12850000 324.6566 266.1787
12860000 335.5255 266.7512
12870000 341.7708 261.9607
12880000 343.6759 257.3813
12890000 344.3718 245.8649
12900000 352.3916 264.2844
12910000 328.6462 272.2554
12920000 293.5093 273.5610
12930000 320.0236 258.0285
12940000 331.3170 273.4338
12950000 341.8032 279.1069
12960000 336.5814 256.7368
12970000 337.8545 262.0429
12980000 353.1830 265.8634
12990000 350.5738 249.8226
13000000 336.4009 252.8295
13010000 368.4359 252.3857
13020000 347.3392 269.5889
13030000 352.6172 255.5053
13040000 323.5919 263.9755
13050000 342.8887 259.4075
13060000 372.9514 255.8089
13070000 365.4656 253.8358
13080000 341.3654 243.0252
13090000 354.1592 250.0171
13100000 354.4003 254.1198
13110000 355.8856 260.0519
13120000 330.6577 245.0082
13130000 375.4073 253.1424
13140000 355.0191 250.6801
13150000 347.6606 257.7383
13160000 335.3053 264.8799
13170000 332.6703 262.1492
13180000 339.6333 261.7655
13190000 347.8808 258.0414
13200000 346.5682 268.6520
13210000 359.7221 255.3152
13220000 331.3979 255.9138
13230000 342.1243 268.2064
13240000 356.0132 270.1565
13250000 335.9517 260.7636
13260000 340.5998 244.0450
13270000 354.9937 245.8054
13280000 365.1918 253.5345
13290000 369.1912 256.2631
13300000 347.2638 262.8072
13310000 340.4556 259.7210
13320000 358.8037 255.3215
13330000 345.8095 254.0880
13340000 349.8272 256.4085
13350000 336.3260 257.0188
13360000 346.7984 258.0328
13370000 354.8306 259.7631
13380000 347.4355 257.9569
13390000 337.7265 257.2220
13400000 372.1108 257.7898
13410000 343.4553 262.2008
13420000 341.6399 256.2829
13430000 334.3580 269.0915
13440000 344.5420 273.0304
13450000 344.7446 266.7659
13460000 344.8057 256.0871
13470000 335.1128 251.6045
13480000 316.3296 260.1894
13490000 311.7151 263.9803
13500000 320.6219 260.3082
13510000 327.2331 249.8107
13520000 312.7637 260.0058
13530000 327.9366 262.1466
13540000 342.1241 279.5989
13550000 346.7369 259.6250
13560000 353.1799 266.6426
13570000 336.8842 270.9418
13580000 347.0516 271.3020
13590000 342.1473 261.4412
13600000 349.8534 254.2666
13610000 363.3576 255.5581
13620000 324.6058 255.1468
13630000 327.9342 256.2687
13640000 341.1265 264.9956
13650000 337.9702 282.7448
13660000 321.2435 263.5667
13670000 338.1494 256.4789
13680000 332.2641 270.6695
13690000 350.2114 272.3358
13700000 330.4342 268.9769
13710000 329.5398 255.3770
13720000 333.1426 273.1525
13730000 329.6085 261.5396
13740000 341.0768 258.3931
13750000 339.8287 273.1094
13760000 341.9974 264.4703
13770000 351.1790 266.4435
13780000 357.4144 271.5053
13790000 354.5211 267.5404
13800000 323.2703 263.5464
13810000 337.4750 269.5952
13820000 326.0705 271.6745
13830000 332.8370 263.5814
13840000 341.1678 265.0451
13850000 348.2759 265.4805
13860000 340.5607 260.0049
13870000 339.4592 268.3059
13880000 337.5405 259.3958
13890000 330.6244 254.9965
13900000 361.5861 268.8125
13910000 336.6355 272.9469
13920000 348.9394 268.7454
13930000 345.6037 259.7711
13940000 348.2007 260.7705
13950000 337.9856 269.2292
13960000 344.4234 267.6863
13970000 363.9703 262.1556
13980000 363.8244 268.8520
13990000 344.1637 267.9394
14000000 357.5319 257.0867
14010000 347.2676 262.3677
14020000 354.3184 266.1448
14030000 350.9931 265.4233
14040000 336.9086 265.2534
14050000 333.6543 262.7828
14060000 334.0481 255.6076
14070000 367.1921 261.8183
14080000 356.5478 255.5298
14090000 337.3091 263.0805
14100000 359.6227 262.8120
14110000 358.4920 269.5094
14120000 346.8563 277.7558
14130000 362.4618 283.5985
14140000 332.0931 259.0784
14150000 334.1994 267.1775
14160000 333.6870 265.4979
14170000 342.2748 251.8174
14180000 349.3316 258.8246
14190000 341.1884 262.5112
14200000 333.9522 260.7843
14210000 346.3365 262.8406
14220000 326.9608 251.6739
14230000 331.9533 254.5006
14240000 340.6681 259.4497
14250000 333.3373 254.9558
14260000 352.1323 262.6950
14270000 363.6867 257.7054
14280000 343.2416 248.5054
14290000 366.2614 251.7677
14300000 362.2693 255.7240
14310000 335.8345 258.3063
14320000 354.4695 246.6092
14330000 346.7555 267.0120
14340000 337.0313 270.6185
14350000 359.5619 256.6519
14360000 359.7208 249.0813
14370000 367.2053 273.3234
14380000 367.4630 266.0878
14390000 350.8549 256.1112
14400000 351.2290 255.7131
14410000 354.6898 268.4801
14420000 349.4321 262.7118
14430000 366.6122 260.7111
14440000 337.9426 265.1943
14450000 335.9585 264.8798
14460000 337.8861 255.5350
14470000 337.7626 256.7363
14480000 324.6137 264.2450
14490000 322.3360 260.4492
14500000 324.9145 269.3914
14510000 330.0261 255.3387
14520000 335.4791 255.7202
14530000 333.5219 259.9597
14540000 331.5619 259.5388
14550000 358.0141 263.7543
14560000 344.9215 256.4517
14570000 352.7874 255.4517
14580000 336.0312 264.7744
14590000 346.5906 270.6951
14600000 360.0829 263.8803
14610000 342.3393 249.5254
14620000 331.9853 243.4800
14630000 329.5609 247.1608
14640000 356.2629 258.6096
14650000 350.4523 266.7162
14660000 345.7492 266.9170
14670000 335.8653 252.1875
14680000 355.0131 264.5861
14690000 349.1249 270.6869
14700000 328.7664 261.0338
14710000 352.0864 257.2119
14720000 341.1855 250.0248
14730000 348.9233 246.9308
14740000 360.9276 263.5550
14750000 353.3996 271.5989
14760000 341.2234 273.7254
14770000 353.6725 266.9447
14780000 366.2746 263.0616
14790000 367.4351 261.9278
14800000 332.2785 269.8687
14810000 322.4698 274.2605
14820000 336.2205 274.5827
14830000 350.0174 273.4339
14840000 353.7062 272.1707
14850000 369.5391 261.5299
14860000 354.2442 267.2459
14870000 324.5519 261.7991
14880000 340.7591 260.2589
14890000 365.7681 260.5398
14900000 365.0365 269.0468
14910000 364.0178 265.9069
14920000 340.1074 268.7945
14930000 360.2310 268.5980
14940000 349.0537 265.5319
14950000 355.7181 250.6019
14960000 366.3582 255.7580
14970000 361.3704 260.1415
14980000 367.3192 259.8617
14990000 362.8389 245.0005
15000000 353.7056 258.2434
15010000 371.0310 247.6460
15020000 350.2073 251.7707
15030000 352.2145 262.1872
15040000 324.8887 269.7929
15050000 334.8571 264.9747
15060000 347.2735 266.2435
15070000 353.5354 260.9287
15080000 349.6903 255.1626
15090000 333.1107 260.1961
15100000 339.2435 257.3242
15110000 360.5972 269.2892
15120000 337.1461 248.1084
15130000 348.2593 252.1003
15140000 343.7462 253.8850
15150000 339.3075 251.2028
15160000 345.6147 251.3955
15170000 337.8028 243.5573
15180000 338.4618 242.7590
15190000 344.3629 246.8094
15200000 336.3275 255.5513
15210000 345.1065 257.9437
15220000 349.0952 249.1879
15230000 355.2769 253.2859
15240000 354.8978 247.0015
15250000 366.5491 260.9112
15260000 385.8940 255.5917
15270000 336.2952 251.7612
15280000 343.0256 263.7113
15290000 337.2699 245.0234
15300000 316.6435 253.9714
15310000 341.1740 251.6871
15320000 353.4427 255.9946
15330000 341.2871 246.5915
15340000 339.9920 263.5043
15350000 339.8092 256.8482
15360000 348.4081 242.6052
15370000 355.2244 247.8533
15380000 374.8856 258.4768
15390000 371.1846 249.9963
15400000 342.5234 249.6878
15410000 338.0771 260.5592
15420000 341.2607 257.4292
15430000 353.5508 252.8565
15440000 348.2940 251.9004
15450000 344.7935 264.1736
15460000 345.3572 264.0476
15470000 336.5798 261.7001
15480000 364.4387 257.5319
15490000 370.9709 257.0537
15500000 371.3709 256.5087
15510000 360.7371 257.5994
15520000 337.5674 258.9076
15530000 368.3845 272.5921
15540000 370.4066 263.0648
15550000 356.1537 270.3841
15560000 369.2145 257.9415
15570000 353.1353 265.3470
15580000 343.9622 265.9928
15590000 342.7303 260.9712
15600000 351.4124 268.9655
15610000 352.4249 263.9937
15620000 352.0254 275.0842
15630000 362.7267 263.5104
15640000 371.6464 271.0475
15650000 354.2429 275.2131
15660000 349.1810 257.7727
15670000 358.4194 264.6235
15680000 361.0698 254.5172
15690000 360.8510 261.7430
15700000 350.5243 268.6320
15710000 355.8638 281.0651
15720000 354.8057 259.7744
15730000 347.7234 266.7104
15740000 347.4290 266.5017
15750000 357.1339 263.1392
15760000 348.1138 265.8866
15770000 335.0526 260.9888
15780000 347.7731 264.6131
15790000 349.7563 263.3004
15800000 335.5169 258.0813
15810000 345.9029 264.1374
15820000 346.0763 260.1245
15830000 350.6551 270.6926
15840000 351.8596 261.2145
15850000 352.6973 257.0332
15860000 364.0273 256.9201
15870000 359.7614 262.9262
15880000 352.9433 265.8330
15890000 348.7471 273.5241
15900000 373.8895 259.6562
15910000 368.8555 262.9383
15920000 362.2962 254.7545
15930000 368.6131 254.2787
15940000 351.4587 253.9730
15950000 343.4191 259.6157
15960000 345.6526 258.5340
15970000 368.6741 252.3395
15980000 373.5761 256.6593
15990000 343.3439 249.6598
16000000 349.2555 271.7204
16010000 353.7129 275.1978
16020000 358.6224 272.1609
16030000 354.3293 267.1204
16040000 347.5638 265.0660
16050000 334.0391 255.7405
16060000 349.1260 260.3892
16070000 345.9957 255.1619
16080000 374.2206 273.4355
16090000 374.7907 286.7347
16100000 354.8734 268.1179
16110000 339.3706 266.8345
16120000 371.6620 259.6296
16130000 356.0261 256.0721
16140000 348.6838 261.1295
16150000 364.4622 258.6859
16160000 332.5643 246.6155
16170000 353.4784 256.2886
16180000 364.5026 245.6675
16190000 380.4462 245.0350
16200000 346.0348 261.7170
16210000 343.4783 266.6700
16220000 344.2203 258.1325
16230000 366.2023 252.1744
16240000 386.7304 254.9341
16250000 384.0111 266.4399
16260000 353.4137 257.4477
16270000 361.1287 256.9038
16280000 337.3550 258.9622
16290000 338.3596 256.5846
16300000 339.7395 258.2057
16310000 339.7636 249.4940
16320000 339.8954 260.9346
16330000 342.3218 266.6523
16340000 344.5344 265.4991
16350000 332.4869 266.1238
16360000 352.4448 261.6179
16370000 363.9160 246.9752
16380000 349.6787 248.7087
16390000 381.1823 260.2558
16400000 356.4169 245.7253
16410000 353.6375 256.0738
16420000 341.8958 264.9156
16430000 340.5165 267.9786
16440000 351.3782 268.4635
16450000 341.1214 277.4378
16460000 348.9064 270.6803
16470000 336.2974 263.7871
16480000 335.7693 266.3294
16490000 353.3644 256.6149
16500000 346.0101 253.2196
16510000 352.1433 267.4279
16520000 335.2070 266.8272
16530000 341.6515 253.6537
16540000 348.1291 255.0848
16550000 339.7186 272.2877
16560000 345.2016 267.9116
16570000 353.6704 267.3264
16580000 348.4924 268.9345
16590000 356.0631 261.7435
16600000 337.9990 253.5617
16610000 346.2099 247.9796
16620000 345.2197 254.9861
16630000 334.9394 261.7212
16640000 329.9161 267.6223
16650000 337.7148 259.0958
16660000 373.8743 265.0575
16670000 346.0418 270.6509
16680000 347.2709 261.1479
16690000 349.7702 259.2761
16700000 342.7800 250.9041
16710000 332.1345 252.6904
16720000 333.8416 252.8380
16730000 345.2923 249.0220
16740000 352.7127 276.2357
16750000 350.2756 262.3252
16760000 354.7600 263.3235
16770000 348.2670 264.0081
16780000 360.2451 269.3174
16790000 348.3270 256.4905
16800000 336.5689 264.7362
16810000 339.3582 263.4699
16820000 346.4256 261.0513
16830000 379.3839 256.8402
16840000 361.4629 264.0792
16850000 362.5385 258.3386
16860000 361.4338 255.9158
16870000 354.6436 266.9781
16880000 354.5591 252.9195
16890000 363.8818 268.4314
16900000 346.8570 253.7518
16910000 336.8611 263.5312
16920000 358.8263 244.7600
16930000 355.4281 253.8660
16940000 348.6352 254.0676
16950000 340.4712 256.8121
16960000 352.0814 260.9266
16970000 351.6521 260.6908
16980000 352.2159 253.2644
16990000 327.3051 252.8974
17000000 345.2640 256.9360
17010000 347.3476 272.2707
17020000 360.7993 269.7868
17030000 362.4630 260.2050
17040000 355.4353 258.4822
17050000 358.2622 256.7488
17060000 348.9449 257.2030
17070000 387.6763 271.3282
17080000 359.8528 272.4116
17090000 351.9305 258.0965
17100000 362.5648 268.1518
17110000 359.7551 253.0995
17120000 341.6798 248.0808
17130000 387.9578 249.9991
17140000 363.6827 250.7429
17150000 371.3813 262.8788
17160000 357.9291 253.9310
17170000 351.6755 253.8620
17180000 364.8081 262.5003
17190000 349.1227 258.9332
17200000 345.4791 254.4575
17210000 317.6644 259.9004
17220000 344.9812 274.4487
17230000 332.9347 261.6163
17240000 352.3736 258.9473
17250000 331.2958 254.5789
17260000 353.4423 259.7209
17270000 338.9683 280.9121
17280000 345.4415 266.9179
17290000 359.2255 262.4591
17300000 352.1537 268.7965
17310000 358.9960 266.7913
17320000 343.3363 270.5756
17330000 352.9669 268.0320
17340000 354.6313 274.1326
17350000 363.6190 263.8458
17360000 356.9117 269.4003
17370000 344.5563 259.9751
17380000 332.5564 249.5107
17390000 341.7839 270.9807
17400000 332.5858 263.9226
17410000 332.6074 270.9749
17420000 343.3280 273.1155
17430000 344.5014 277.7620
17440000 324.7356 265.7957
17450000 346.7122 264.6733
17460000 336.1174 256.4678
17470000 366.2448 277.9481
17480000 356.9415 277.7966
17490000 344.1828 267.7163
17500000 355.4252 273.8949
17510000 341.6978 257.3641
17520000 335.8921 270.8280
17530000 340.3757 273.4342
17540000 352.4279 254.0254
17550000 337.1153 264.5690
17560000 343.0992 254.8945
17570000 359.2957 256.6340
17580000 338.4312 255.7593
17590000 352.5446 259.2342
17600000 354.2151 263.1672
17610000 332.3748 262.3726
17620000 322.3248 260.5839
17630000 340.7218 253.7669
17640000 330.9294 250.6020
17650000 323.9831 254.5461
17660000 351.6866 270.8397
17670000 345.7193 271.5679
17680000 340.9924 266.6016
17690000 350.1853 263.0630
17700000 330.5771 272.9797
17710000 347.6138 272.3630
17720000 321.0385 266.7636
17730000 335.3338 263.2393
17740000 363.3845 273.2191
17750000 362.2121 278.9736
17760000 343.0503 259.8797
17770000 372.6529 281.9883
17780000 348.3297 266.3577
17790000 347.3067 265.6705
17800000 345.8919 271.7489
17810000 354.8972 273.9368
17820000 354.6573 280.4706
17830000 369.9002 282.2024
17840000 340.9702 282.0502
17850000 353.3974 276.5512
17860000 361.7065 273.1035
17870000 368.4537 270.0523
17880000 353.2196 261.0970
17890000 351.0122 267.4126
17900000 332.1834 264.1795
17910000 344.8981 266.7343
17920000 346.4322 267.7109
17930000 341.8062 258.0503
17940000 363.8207 272.9559
17950000 373.0297 262.3178
17960000 344.8986 281.1254
17970000 362.1977 273.8508
17980000 342.8724 267.9395
17990000 335.9350 270.1185
18000000 348.3537 276.3953
18010000 361.1531 271.8445
18020000 356.7504 267.5780
18030000 340.5592 273.0334
18040000 330.5510 265.8456
18050000 341.8095 275.5011
18060000 359.8702 280.8795
18070000 344.9108 269.3547
18080000 344.5864 261.1487
18090000 344.4338 264.8339
18100000 339.0410 261.2987
18110000 351.2815 257.5936
18120000 355.3920 257.7221
18130000 354.9515 267.4715
18140000 364.6913 271.2781
18150000 358.3184 260.8412
18160000 347.3150 256.6973
18170000 348.2633 265.0881
18180000 336.4285 265.3736
18190000 344.6153 270.5858
18200000 337.8388 265.6100
18210000 358.7231 258.2811
18220000 349.4398 276.5688
18230000 349.0988 272.6471
18240000 371.2007 272.6664
18250000 349.9586 258.3883
18260000 357.1411 254.7784
18270000 368.7195 267.7184
18280000 370.2948 279.3249
18290000 354.3690 269.7565
18300000 341.2292 266.9691
18310000 351.0481 264.0220
18320000 329.4797 257.3650
18330000 354.7958 273.2826
18340000 338.5215 263.6384
18350000 338.5135 263.3343
18360000 342.1123 258.2617
18370000 337.3116 267.5950
18380000 342.1046 269.5785
18390000 348.7069 273.9459
18400000 363.7822 271.2131
18410000 374.6003 275.1742
18420000 361.0700 263.0011
18430000 338.4922 257.7332
18440000 335.0331 269.3883
18450000 334.0021 261.3513
18460000 369.6716 250.7470
18470000 364.2925 270.2449
18480000 338.6839 255.7824
18490000 332.5327 262.4677
18500000 346.0225 267.0161
18510000 362.2257 269.8546
18520000 330.0810 273.8342
18530000 340.4352 260.7466
18540000 325.2599 260.4672
18550000 344.5777 260.6743
18560000 332.2010 254.8206
18570000 330.6392 253.1116
18580000 332.2209 259.4930
18590000 356.2343 252.9462
18600000 342.8425 258.2878
18610000 328.8192 267.2009
18620000 328.5283 265.0064
18630000 318.4066 271.8513
18640000 321.6915 273.5874
18650000 354.1828 272.2724
18660000 360.8994 263.0297
18670000 351.0256 252.9319
18680000 351.6289 262.2926
18690000 357.8244 271.4259
18700000 353.3548 266.8033
18710000 353.0408 272.5547
18720000 320.3997 266.3609
18730000 335.7566 285.4572
18740000 330.5832 284.8688
18750000 325.9857 265.6760
18760000 334.0194 265.2384
18770000 354.4743 271.5752
18780000 370.2940 274.1171
18790000 344.4382 274.8427
18800000 366.4851 276.1532
18810000 373.4736 266.4119
18820000 341.2626 273.8182
18830000 353.5348 265.7778
18840000 354.4865 273.0149
18850000 315.9258 263.4433
18860000 322.1078 261.1762
18870000 344.3397 261.9882
18880000 333.3580 271.4643
18890000 354.8177 268.9638
18900000 331.8675 274.2212
18910000 350.1231 254.6816
18920000 346.3944 259.7144
18930000 334.7868 274.5062
18940000 343.6208 264.7219
18950000 344.2041 269.0198
18960000 338.6113 275.4033
18970000 332.9897 278.8427
18980000 346.2229 266.1925
18990000 336.4928 265.7559
19000000 331.0942 262.2547
19010000 342.4881 258.3507
19020000 336.4821 251.3220
19030000 337.2121 269.3194
19040000 349.0589 264.6510
19050000 317.0131 261.9148
19060000 320.1565 270.3241
19070000 326.2364 264.6657
19080000 336.4521 267.7106
19090000 351.8515 265.6102
19100000 362.8324 271.8522
19110000 336.3380 280.6927
19120000 340.9680 278.1943
19130000 354.5638 269.4291
19140000 351.8597 282.8930
19150000 361.0122 257.8253
19160000 349.1417 271.4710
19170000 347.7400 270.7468
19180000 321.4673 272.3007
19190000 360.6993 263.0104
19200000 354.4649 260.1879
19210000 359.3969 262.2551
19220000 360.3564 266.5700
19230000 361.8852 260.1902
19240000 321.6921 264.9656
19250000 332.5876 270.3589
19260000 336.0164 264.4766
19270000 345.1449 270.2180
19280000 376.1068 261.2928
19290000 347.0696 257.3592
19300000 335.2994 251.4593
19310000 330.2009 267.8514
19320000 341.8122 267.1049
19330000 349.7011 245.2490
19340000 349.2563 256.7004
19350000 369.9206 248.1967
19360000 348.4966 251.4313
19370000 357.4131 261.5076
19380000 354.2584 265.1202
19390000 354.2405 270.4418
19400000 348.8552 261.6762
19410000 345.1252 246.6719
19420000 343.2423 262.6333
19430000 357.4218 259.8306
19440000 364.7253 271.6186
19450000 344.4935 269.9229
19460000 340.9538 253.3033
19470000 365.7014 249.5578
19480000 349.3579 266.8506
19490000 338.4906 266.0508
19500000 325.0391 263.9976
19510000 332.3119 269.3825
19520000 339.6130 270.4862
19530000 322.6760 257.1565
19540000 330.7259 262.7348
19550000 341.6612 253.6289
19560000 340.1528 253.4403
19570000 331.4323 257.0002
19580000 313.5506 268.5730
19590000 343.9801 250.5887
19600000 326.6660 259.1289
19610000 340.0499 259.6721
19620000 341.4226 264.5784
19630000 338.5489 254.6409
19640000 351.8517 265.1759
19650000 351.6736 267.5592
19660000 345.2099 262.4419
19670000 326.9622 254.2753
19680000 330.9517 277.9551
19690000 326.0426 260.5315
19700000 368.9837 257.9423
19710000 389.2686 258.7590
19720000 355.5392 264.0226
19730000 356.8243 265.4610
19740000 336.9850 262.8514
19750000 347.0551 268.2087
19760000 329.5246 249.0546
19770000 336.7522 255.0987
19780000 357.5048 250.2220
19790000 328.0453 255.5291
19800000 341.5763 262.3786
19810000 357.7664 258.8247
19820000 336.5380 260.0205
19830000 346.3850 256.4036
19840000 345.1753 243.6563
19850000 356.0683 253.0034
19860000 335.9384 262.3350
19870000 332.3947 257.2563
19880000 347.7710 256.4513
19890000 369.4076 255.2597
19900000 361.7128 251.6196
19910000 364.9558 249.7411
19920000 340.2329 254.5679
19930000 339.7298 240.9354
19940000 365.2675 250.2985
19950000 361.7951 248.8494
19960000 349.3099 248.9971
19970000 352.8280 250.4206
19980000 339.8187 263.5228
19990000 339.1931 267.6323
20000000 358.7623 266.4976
