Step T_hot T_cold

0 0.0000 0.0000
10000 343.2763 255.6292
20000 328.5622 256.0994
30000 330.1642 255.3915
40000 342.2226 267.1336
50000 335.2614 257.9965
60000 339.0287 271.2961
70000 345.1525 267.5997
80000 360.9559 261.0624
90000 361.1899 260.5796
100000 341.3828 263.7377
110000 339.4676 266.1816
120000 362.9212 272.6994
130000 355.7528 268.3321
140000 329.9360 269.1842
150000 371.7246 262.7955
160000 355.6738 256.5428
170000 357.4108 261.3968
180000 355.0058 245.4361
190000 360.1099 259.2956
200000 344.7674 274.6630
210000 354.8899 268.7396
220000 338.6040 263.7326
230000 345.4468 263.9700
240000 355.1826 264.5746
250000 351.0593 252.6617
260000 338.8044 250.5416
270000 345.1896 264.6322
280000 355.9700 258.0353
290000 349.2398 254.3134
300000 340.7934 271.3609
310000 344.5397 257.1995
320000 341.9791 284.5774
330000 328.2735 271.6295
340000 338.1846 265.5904
350000 330.7809 260.7588
360000 321.2179 264.1537
370000 333.5895 258.7722
380000 339.6837 276.9779
390000 345.0190 250.0906
400000 345.6759 260.0979
410000 342.4394 253.0347
420000 345.6257 251.7449
430000 336.5740 270.4164
440000 333.3781 254.2986
450000 334.5096 260.3384
460000 344.1138 259.0341
470000 340.5335 269.7402
480000 343.2034 247.4568
490000 335.0393 260.0756
500000 340.9898 250.8979
510000 343.2159 262.7016
520000 347.0339 267.5488
530000 329.5255 254.2746
540000 348.9859 262.2508
550000 347.4221 257.0949
560000 336.0862 260.2536
570000 341.1162 259.2271
580000 328.7551 264.5034
590000 336.2990 280.0924
600000 351.9642 258.7186
610000 334.3356 256.9118
620000 335.8431 265.8447
630000 363.8341 261.6499
640000 352.4180 262.3005
650000 356.4647 269.9131
660000 361.4229 264.1708
670000 330.4910 256.4817
680000 316.7469 267.0577
690000 356.2385 261.0041
700000 364.7123 267.5241
710000 339.2200 257.7730
720000 329.2634 263.7977
730000 337.5794 269.7673
740000 347.0646 247.4641
750000 345.0170 254.4707
760000 339.4997 256.7050
770000 352.1613 255.7446
780000 338.8732 251.6052
790000 349.8719 272.8304
800000 353.0179 268.1804
810000 360.3220 263.0695
820000 343.4755 262.1255
830000 329.8003 261.3845
840000 350.0323 256.2743
850000 323.0397 262.0947
860000 332.8225 254.4717
870000 333.2327 252.6864
880000 343.3820 259.4584
890000 341.1383 258.9818
900000 326.2996 261.7765
910000 347.0789 258.7255
920000 373.3842 241.4602
930000 352.0802 260.4667
940000 356.9391 250.3641
950000 360.5413 248.5761
960000 330.6594 277.0580
970000 347.6575 260.6458
980000 340.5085 258.5732
990000 353.5171 255.6912
1000000 353.6117 249.8972
1010000 341.7359 255.8374
1020000 348.1179 258.9791
1030000 355.1741 266.5492
1040000 331.4202 261.2832
1050000 329.1107 271.2139
1060000 329.4892 255.1745
1070000 337.8535 253.0645
1080000 336.1016 249.4178
1090000 361.7701 248.3193
1100000 363.8329 256.6865
1110000 357.3195 252.3013
1120000 356.3762 262.8974
1130000 365.1602 262.6178
1140000 349.5525 264.3524
1150000 353.5860 260.6472
1160000 347.5447 261.0718
1170000 344.7925 253.3407
1180000 373.9337 275.6073
1190000 355.2902 266.0589
1200000 338.0838 256.9118
1210000 340.5938 255.9616
1220000 357.9921 267.5818
1230000 339.4934 256.5397
1240000 336.7466 240.8992
1250000 355.7929 241.8798
1260000 347.1493 258.8401
1270000 349.3872 254.2574
1280000 355.7347 262.3755
1290000 351.2853 259.9393
1300000 336.2797 241.4545
1310000 336.8473 249.2957
1320000 347.9287 261.6965
1330000 354.4013 246.9129
1340000 334.8699 262.4069
1350000 318.2754 264.0040
1360000 351.8527 256.8703
1370000 351.1655 268.9445
1380000 334.4627 253.6904
1390000 319.7177 263.0087
1400000 339.8213 266.1256
1410000 353.4497 258.9634
1420000 356.8071 262.8528
1430000 339.0948 250.0615
1440000 341.2752 256.6419
1450000 332.6879 243.2435
1460000 353.4410 251.0685
1470000 361.2931 250.5496
1480000 347.7777 256.3612
1490000 341.2740 251.4975
1500000 346.3707 263.4577
1510000 328.5575 272.0656
1520000 347.1347 270.5256
1530000 312.0404 274.9645
1540000 329.3113 264.8299
1550000 340.7973 256.4718
1560000 322.9184 264.4862
1570000 325.7057 280.0148
1580000 343.1176 275.6472
1590000 333.8318 254.0213
1600000 342.9737 266.6695
1610000 339.2169 271.7914
1620000 327.2883 271.4792
1630000 353.3996 273.8074
1640000 334.8411 265.1393
1650000 365.2629 263.1043
1660000 347.6044 257.8076
1670000 341.8276 264.1832
1680000 338.6851 260.5943
1690000 326.1653 264.6717
1700000 348.7345 253.0204
1710000 318.5510 262.3740
1720000 322.1863 275.4683
1730000 336.1559 266.7283
1740000 345.6011 263.8833
1750000 356.5253 260.0023
1760000 344.8528 257.0352
1770000 327.5733 265.1300
1780000 332.1553 259.9084
1790000 314.6082 265.0083
1800000 327.2469 266.7810
1810000 371.9370 257.6207
1820000 353.7156 257.4986
1830000 355.1541 266.9198
1840000 339.8216 264.2916
1850000 336.9555 268.1935
1860000 340.3377 275.4120
1870000 342.3540 271.6997
1880000 323.1760 253.5984
1890000 338.2504 263.4197
1900000 345.5980 258.2067
1910000 347.8634 261.2908
1920000 343.0928 276.7822
1930000 343.1700 262.7407
1940000 337.6757 265.3002
1950000 332.6512 269.4329
1960000 348.2555 263.1640
1970000 349.6158 268.5350
1980000 339.6616 282.3046
1990000 330.1581 264.3051
2000000 336.3712 271.6840
2010000 334.7472 250.2361
2020000 344.4955 251.1652
2030000 355.1399 268.0945
2040000 351.4992 267.3697
2050000 349.9290 270.4736
2060000 357.3525 268.5770
2070000 361.6170 267.7846
2080000 352.9333 263.8775
2090000 349.2096 267.0306
2100000 338.8122 258.7722
2110000 351.0361 262.4764
2120000 325.4697 260.1754
2130000 331.6093 256.1101
2140000 343.6128 266.5074
2150000 329.6490 269.2431
2160000 330.2805 261.5666
2170000 324.1110 266.5922
2180000 351.2694 250.6837
2190000 360.7942 260.9120
2200000 331.3142 257.5956
2210000 331.7108 252.7899
2220000 337.3691 258.5706
2230000 319.7489 267.8878
2240000 350.7927 260.4637
2250000 345.8002 264.9180
2260000 338.4860 267.5056
2270000 357.9533 272.2487
2280000 348.9630 269.7253
2290000 352.0198 273.3915
2300000 342.4507 276.2712
2310000 354.5996 263.8999
2320000 349.5029 252.6356
2330000 336.7293 265.8800
2340000 340.8303 270.8620
2350000 339.0684 273.4942
2360000 338.9161 267.2853
2370000 342.2654 259.0543
2380000 353.8537 268.6495
2390000 357.2984 269.6493
2400000 325.1817 264.3558
2410000 318.8466 258.3479
2420000 323.8310 259.1523
2430000 347.2534 282.8246
2440000 320.6094 271.8800
2450000 315.7508 260.5529
2460000 337.1717 267.1483
2470000 315.3092 265.0549
2480000 314.5222 266.6360
2490000 328.9140 267.2238
2500000 356.4407 262.5385
2510000 329.4837 258.2238
2520000 311.1429 266.3535
2530000 323.5546 263.2984
2540000 376.9944 276.4647
2550000 352.0048 281.8607
2560000 351.7560 265.1866
2570000 329.3978 262.3286
2580000 361.4712 262.0171
2590000 348.8284 254.9702
2600000 333.0864 267.4728
2610000 350.4226 272.2383
2620000 356.0545 268.5756
2630000 359.1479 279.2451
2640000 353.4932 257.3693
2650000 342.8316 259.9274
2660000 339.4827 276.9630
2670000 355.1132 276.1100
2680000 307.1787 267.0677
2690000 325.5967 273.8561
2700000 352.6022 259.7594
2710000 332.2248 269.6470
2720000 331.7237 258.2672
2730000 324.9602 259.8386
2740000 345.4743 257.4077
2750000 347.2868 245.9578
2760000 321.4694 267.7362
2770000 350.4919 267.5313
2780000 347.2040 267.5530
2790000 353.5556 269.9805
2800000 356.2947 260.9458
2810000 338.5764 254.4837
2820000 348.3252 258.0915
2830000 349.5132 256.8042
2840000 358.7082 261.7929
2850000 344.2950 259.2320
2860000 352.8613 265.3622
2870000 352.2783 280.1337
2880000 352.1680 261.5084
2890000 338.4931 267.9487
2900000 347.1033 267.6840
2910000 347.3008 254.9148
2920000 345.6048 260.8968
2930000 359.2155 272.0569
2940000 335.5723 264.1105
2950000 348.6596 264.9126
2960000 350.6172 260.9884
2970000 336.0751 262.4334
2980000 322.9300 262.3136
2990000 332.6870 262.6151
3000000 340.0675 270.1042
3010000 316.2788 260.6244
3020000 319.8774 252.3022
3030000 348.6907 251.2574
3040000 343.5746 261.0461
3050000 340.8118 252.4058
3060000 337.0795 266.0596
3070000 357.5902 259.6135
3080000 361.6664 258.0912
3090000 358.1997 255.7555
3100000 370.1421 255.0992
3110000 331.5844 251.8082
3120000 341.9321 254.3505
3130000 349.5732 252.6944
3140000 334.8030 259.3641
3150000 347.3048 258.4931
3160000 340.7557 269.8926
3170000 334.7330 273.0768
3180000 334.2182 254.3747
3190000 347.7468 249.6610
3200000 346.4880 265.5307
3210000 323.1883 257.6165
3220000 328.7325 257.8615
3230000 337.7562 253.5271
3240000 345.9495 260.3869
3250000 352.1036 250.0195
3260000 362.7531 275.6572
3270000 336.2739 266.8978
3280000 328.2207 258.2555
3290000 334.3682 255.5099
3300000 343.3948 254.1262
3310000 342.1452 247.5963
3320000 355.6666 245.5160
3330000 360.1158 255.1562
3340000 350.1226 252.3109
3350000 339.9803 258.3919
3360000 337.6985 275.4980
3370000 340.3891 272.2644
3380000 357.2044 270.6856
3390000 333.0062 259.4075
3400000 365.1218 255.6617
3410000 347.6556 263.7810
3420000 338.4424 258.9292
3430000 337.9191 259.9994
3440000 324.6451 265.6879
3450000 329.1087 257.4427
3460000 331.5965 261.4609
3470000 337.6641 272.7701
3480000 355.5816 270.0227
3490000 314.6282 274.2723
3500000 337.9506 269.7001
3510000 325.6735 277.8541
3520000 338.6909 263.5443
3530000 320.6943 264.1708
3540000 321.7469 265.9480
3550000 333.3063 260.1595
3560000 319.0570 256.1622
3570000 315.7135 255.4006
3580000 319.7376 249.6493
3590000 323.5370 245.8740
3600000 335.3482 246.1271
3610000 347.7001 247.9501
3620000 327.7136 250.6708
3630000 339.9075 262.3082
3640000 338.3905 255.6273
3650000 321.5149 276.1504
3660000 344.0917 267.7153
3670000 345.1808 261.9552
3680000 344.9498 273.2364
3690000 341.2511 276.3826
3700000 338.3817 244.5624
3710000 332.0410 261.2460
3720000 330.1792 255.7608
3730000 326.4906 253.1031
3740000 351.3284 255.9456
3750000 358.8790 251.4926
3760000 342.1782 248.1030
3770000 339.7671 259.1407
3780000 344.0978 260.6989
3790000 354.1475 251.7864
3800000 353.9261 258.7328
3810000 322.8892 265.0952
3820000 339.4426 268.7637
3830000 331.7188 255.5560
3840000 321.1532 276.9952
3850000 339.7000 277.4689
3860000 340.5139 266.6299
3870000 321.6232 266.3903
3880000 350.4139 259.8385
3890000 341.9907 256.2726
3900000 327.8529 262.8290
3910000 308.2276 266.8998
3920000 331.1169 273.5297
3930000 331.2194 268.3249
3940000 329.6638 259.1866
3950000 335.3849 260.7267
3960000 326.1498 276.9643
3970000 341.2881 269.3263
3980000 342.1993 271.2218
3990000 352.4763 268.0297
4000000 350.0348 258.9038
4010000 347.5763 269.3950
4020000 337.3781 274.9917
4030000 341.7690 268.0257
4040000 348.1129 255.5238
4050000 357.5872 258.8612
4060000 351.6494 264.0836
4070000 346.5359 264.5755
4080000 335.7702 265.4687
4090000 357.8908 258.3024
4100000 349.1742 253.4211
4110000 361.6247 257.9483
4120000 344.1695 270.6194
4130000 378.8075 256.8693
4140000 355.1634 277.0940
4150000 338.7711 266.7555
4160000 344.4071 265.2979
4170000 323.7940 264.9655
4180000 339.5060 258.5125
4190000 331.9182 266.3950
4200000 345.2511 255.1603
4210000 348.1612 243.0564
4220000 350.1137 248.2711
4230000 338.1004 252.2104
4240000 339.0842 256.0326
4250000 357.4643 259.1791
4260000 333.4553 259.5813
4270000 349.9092 262.3601
4280000 351.6250 256.6565
4290000 356.0753 272.0151
4300000 354.5276 263.6957
4310000 342.9768 259.1894
4320000 338.7922 254.0805
4330000 325.9319 252.1812
4340000 336.5085 247.5730
4350000 337.7370 267.9139
4360000 326.3947 263.5800
4370000 313.8789 266.9449
4380000 321.2749 249.4219
4390000 325.8398 252.2227
4400000 336.7967 248.5913
4410000 350.0968 256.5719
4420000 349.9512 254.2300
4430000 363.4008 261.1832
4440000 335.4622 238.3881
4450000 318.5613 251.4335
4460000 338.9929 253.2277
4470000 337.8552 255.1171
4480000 335.1638 258.9942
4490000 350.0763 262.8690
4500000 326.8646 265.4543
4510000 330.6905 253.2080
4520000 344.9241 260.8511
4530000 342.1651 254.2920
4540000 329.4261 258.3652
4550000 341.1262 269.5023
4560000 345.2010 254.1747
4570000 332.3400 263.1026
4580000 349.1932 245.3277
4590000 320.3265 267.2596
4600000 335.7996 260.5168
4610000 342.1917 256.6053
4620000 346.1379 259.7700
4630000 323.2840 258.0095
4640000 311.3915 262.1335
4650000 332.9394 265.3141
4660000 364.9156 267.9610
4670000 344.8713 275.6947
4680000 353.9827 262.6008
4690000 326.3882 252.4156
4700000 343.5794 269.7794
4710000 334.3631 273.4025
4720000 331.1760 261.1748
4730000 353.6572 247.2724
4740000 361.8833 245.2364
4750000 358.5323 249.8749
4760000 335.3022 247.4186
4770000 332.6378 253.3522
4780000 354.0081 251.8730
4790000 339.8584 250.8031
4800000 340.3522 274.2171
4810000 343.3624 254.3290
4820000 329.7643 252.0160
4830000 330.8454 255.0871
4840000 332.2755 239.8719
4850000 330.0748 247.2391
4860000 337.5586 255.4292
4870000 331.9968 267.3509
4880000 333.3344 251.6311
4890000 351.0140 253.9951
4900000 356.5701 254.7627
4910000 347.0845 253.9437
4920000 331.4033 256.5962
4930000 354.7539 257.9108
4940000 342.3148 272.5685
4950000 361.8411 262.6042
4960000 353.9143 265.6248
4970000 348.9584 259.7561
4980000 353.4654 259.8023
4990000 346.1219 262.2687
5000000 341.1908 272.1605
5010000 354.5856 270.6153
5020000 344.6808 265.0325
5030000 352.8567 255.2870
5040000 356.5655 256.5269
5050000 338.0507 252.8713
5060000 349.1589 261.7766
5070000 362.0229 263.6448
5080000 337.9990 270.4175
5090000 365.8013 255.4896
5100000 377.3348 260.6079
5110000 359.3374 256.0074
5120000 339.0441 268.6791
5130000 344.7451 255.4403
5140000 343.0679 261.8078
5150000 356.5074 259.0208
5160000 364.8168 262.3285
5170000 399.7594 257.6177
5180000 386.5984 267.0781
5190000 369.9726 263.3240
5200000 374.6329 253.2869
5210000 367.8494 259.6257
5220000 386.2770 270.9724
5230000 370.2802 255.6692
5240000 360.0702 253.4600
5250000 353.8752 258.9890
5260000 339.6025 256.6410
5270000 335.9956 261.2455
5280000 320.0085 258.6315
5290000 340.1882 254.9177
5300000 332.5494 257.6472
5310000 338.7053 252.6665
5320000 351.4968 262.4463
5330000 349.1120 261.2534
5340000 351.2114 264.2238
5350000 329.9803 257.4847
5360000 333.7359 251.5799
5370000 379.7285 257.3244
5380000 371.0612 251.7453
5390000 364.0535 267.7308
5400000 331.5676 247.1310
5410000 332.8688 245.9185
5420000 339.5703 264.9356
5430000 340.1570 262.7391
5440000 330.9786 260.4366
5450000 327.7298 254.1531
5460000 347.2577 252.7782
5470000 367.9588 266.2989
5480000 342.6452 274.8745
5490000 343.8209 261.9796
5500000 340.6537 268.3393
5510000 330.9767 276.2284
5520000 340.0142 265.0428
5530000 347.2207 264.4252
5540000 350.2087 266.8163
5550000 357.6017 256.9703
5560000 368.0936 255.3815
5570000 383.2702 263.0366
5580000 377.0820 263.0004
5590000 361.5832 246.8314
5600000 332.6130 255.4879
5610000 343.4256 257.5028
5620000 363.3052 273.3340
5630000 332.9373 247.0471
5640000 350.7003 256.1092
5650000 358.7362 271.7361
5660000 383.0608 254.6377
5670000 363.6386 250.3410
5680000 340.8779 257.8979
5690000 331.4848 263.4107
5700000 326.9144 269.5972
5710000 320.9079 264.4647
5720000 375.5500 270.5911
5730000 378.8121 267.3681
5740000 377.3803 262.8985
5750000 360.6165 273.5605
5760000 337.8096 264.7230
5770000 346.2364 265.6983
5780000 326.0283 264.3315
5790000 363.0896 253.0800
5800000 352.5938 260.0323
5810000 328.6579 256.6528
5820000 336.3404 264.7611
5830000 351.1170 282.8989
5840000 371.7160 270.7626
5850000 351.6620 272.1514
5860000 340.5096 272.1450
5870000 348.5577 256.0308
5880000 341.4132 271.0975
5890000 330.3033 252.7730
5900000 350.1882 245.8511
5910000 357.3954 258.2387
5920000 348.8741 250.3432
5930000 331.5547 253.3707
5940000 359.8203 260.5723
5950000 335.7089 253.6146
5960000 345.4219 246.9176
5970000 353.3862 254.2521
5980000 356.2377 265.7900
5990000 354.5640 253.1828
6000000 347.2259 254.7985
6010000 348.8888 246.9093
6020000 342.3583 245.3238
6030000 336.5849 252.5743
6040000 322.6717 255.4329
6050000 333.1347 260.1036
6060000 359.9536 263.2351
6070000 345.7611 260.8523
6080000 364.8421 247.9245
6090000 361.8934 251.2348
6100000 342.4036 254.4202
6110000 323.7178 265.7993
6120000 342.0451 261.9155
6130000 328.9178 252.5909
6140000 342.2678 249.6689
6150000 329.6584 259.3382
6160000 343.3859 256.0883
6170000 350.1560 257.9405
6180000 353.5127 272.5143
6190000 354.6016 273.4585
6200000 326.0052 246.5907
6210000 347.8575 266.9702
6220000 351.8483 272.5394
6230000 356.2266 266.5045
6240000 345.3627 262.6396
6250000 363.4297 267.6665
6260000 347.3052 274.0271
6270000 365.9509 256.7298
6280000 346.8056 260.5334
6290000 365.7730 270.3170
6300000 364.4876 266.3319
6310000 350.7166 264.6394
6320000 351.1956 247.5731
6330000 362.6581 245.6967
6340000 348.1836 246.6184
6350000 329.1750 252.9648
6360000 349.8129 249.7636
6370000 309.7411 255.6583
6380000 327.4214 257.5201
6390000 343.2374 266.6242
6400000 333.8824 260.8294
6410000 344.3674 258.0676
6420000 320.4562 258.9513
6430000 348.6175 260.0047
6440000 319.2055 253.3691
6450000 343.8806 251.1869
6460000 343.6753 272.9210
6470000 321.3467 258.9026
6480000 321.3782 254.9496
6490000 320.7925 245.3692
6500000 345.0868 253.1721
6510000 323.7999 246.2501
6520000 336.0226 262.0795
6530000 344.2492 257.1984
6540000 329.5395 277.9692
6550000 334.3114 263.9862
6560000 346.6400 275.4423
6570000 344.9424 253.9717
6580000 334.0455 250.9036
6590000 350.4021 266.9140
6600000 343.9044 262.2792
6610000 333.7112 257.2628
6620000 329.1862 243.3058
6630000 334.7530 251.1098
6640000 328.2325 243.7033
6650000 340.5804 252.1255
6660000 340.1030 244.5753
6670000 339.2669 257.3184
6680000 331.2953 257.1291
6690000 329.7730 260.0034
6700000 324.1816 262.3952
6710000 322.5476 248.9195
6720000 330.8925 252.8300
6730000 333.7980 255.7770
6740000 325.3286 263.8676
6750000 345.9163 267.0835
6760000 316.6938 260.1856
6770000 330.4827 266.8762
6780000 319.3412 255.8657
6790000 317.8761 258.0905
6800000 330.3559 246.1621
6810000 345.5056 249.2041
6820000 336.1819 255.3526
6830000 327.8293 261.1712
6840000 321.7974 252.3135
6850000 336.6839 267.4628
6860000 337.3808 264.1444
6870000 339.5840 262.7727
6880000 351.2547 255.6565
6890000 344.6360 262.0250
6900000 345.0636 256.8111
6910000 327.1984 259.1278
6920000 331.1330 252.4165
6930000 344.4337 262.4648
6940000 332.7581 254.8409
6950000 331.3308 249.2543
6960000 332.2493 264.6923
6970000 330.0302 265.7308
6980000 328.8621 263.1974
6990000 334.2544 264.8992
7000000 340.6101 258.8075
7010000 335.8652 250.9685
7020000 330.5256 254.1474
7030000 335.4107 248.3163
7040000 336.6251 253.3946
7050000 344.9900 242.9857
7060000 327.3941 256.6136
7070000 343.4770 248.4622
7080000 337.8762 260.4978
7090000 338.6655 257.7208
7100000 332.9971 256.5480
7110000 336.4711 257.3213
7120000 335.7092 250.4281
7130000 350.0922 264.1685
7140000 349.4734 261.2839
7150000 347.6286 259.6569
7160000 328.6067 257.3830
7170000 332.6265 271.2688
7180000 346.3594 273.3267
7190000 335.4663 256.7845
7200000 348.1086 268.0271
7210000 313.9955 274.9731
7220000 312.0442 270.1349
7230000 322.8283 261.2323
7240000 331.2961 263.4731
7250000 351.1772 252.8136
7260000 345.3272 271.6514
7270000 342.8543 259.0185
7280000 351.4093 255.3622
7290000 339.4532 256.5950
7300000 346.7011 261.3284
7310000 345.9249 262.3591
7320000 353.6178 253.6462
7330000 363.6221 251.3394
7340000 333.1277 258.5131
7350000 336.5210 245.9646
7360000 341.0431 267.0925
7370000 338.2959 266.1453
7380000 342.2033 267.8017
7390000 336.6336 262.6883
7400000 336.6652 263.9276
7410000 336.5732 270.6445
7420000 341.2243 258.9963
7430000 340.4746 269.5240
7440000 349.5304 254.2636
7450000 363.9332 263.9506
7460000 351.3097 272.6861
7470000 344.2416 259.4691
7480000 359.5296 257.3666
7490000 338.3736 253.2348
7500000 352.0280 252.1800
7510000 340.6822 248.8126
7520000 349.5151 272.6817
7530000 348.4401 259.9403
7540000 327.5950 262.2798
7550000 334.1841 255.3825
7560000 344.2600 246.3592
7570000 362.8363 249.2399
7580000 385.6919 250.5925
7590000 358.7345 261.9573
7600000 341.0769 253.3654
7610000 357.5471 250.7757
7620000 342.6457 257.8151
7630000 371.9025 255.8883
7640000 320.3709 281.4727
7650000 349.0804 273.1393
7660000 340.0773 270.7445
7670000 336.7192 271.0220
7680000 336.5970 262.5473
7690000 323.2276 257.4366
7700000 337.6408 267.9834
7710000 335.7091 248.0848
7720000 336.5147 263.3279
7730000 331.0632 267.7424
7740000 327.9096 264.6021
7750000 318.3641 254.9190
7760000 341.0406 251.3204
7770000 339.8511 273.8498
7780000 329.3926 269.4683
7790000 349.2789 260.5151
7800000 348.2202 263.6758
7810000 354.8005 266.1297
7820000 349.5423 265.6506
7830000 350.7399 269.6689
7840000 348.1861 267.7612
7850000 354.1844 269.5826
7860000 336.3105 275.0232
7870000 326.4336 269.6369
7880000 329.0971 274.0706
7890000 352.0994 266.8331
7900000 334.2740 286.8647
7910000 346.9072 268.6549
7920000 355.9321 262.3506
7930000 350.2799 259.3635
7940000 324.5023 261.8073
7950000 326.7552 245.5064
7960000 328.5404 254.7900
7970000 338.7875 264.1686
7980000 355.9424 259.4884
7990000 328.6299 247.4424
8000000 327.4373 265.3372
8010000 349.9834 246.0199
8020000 343.2660 246.6024
8030000 356.3620 266.9010
8040000 340.1414 254.7099
8050000 339.8001 257.6431
8060000 358.0231 266.8485
8070000 339.9408 248.8501
8080000 334.0804 276.6340
8090000 362.8425 265.1582
8100000 342.6113 282.4221
8110000 354.9388 267.9546
8120000 344.6913 271.4629
8130000 343.2494 263.3259
8140000 341.8328 263.3555
8150000 347.5276 265.7866
8160000 339.9870 265.7881
8170000 354.4849 260.4207
8180000 350.4916 272.6101
8190000 350.7942 269.3443
8200000 365.8814 264.7915
8210000 363.3796 260.3455
8220000 341.4774 263.1045
8230000 353.8196 248.5775
8240000 328.3345 252.0087
8250000 348.7407 267.1573
8260000 344.0359 263.9648
8270000 364.3797 244.6581
8280000 372.2429 258.2287
8290000 362.3755 261.7382
8300000 359.5036 260.7318
8310000 361.6506 270.0864
8320000 341.5303 272.0923
8330000 361.5479 274.4218
8340000 374.5297 262.4360
8350000 371.4062 270.6166
8360000 344.8634 266.2597
8370000 368.8799 274.4490
8380000 337.1477 265.9317
8390000 317.7738 261.8329
8400000 323.2475 257.0555
8410000 325.4885 262.7389
8420000 358.7133 253.2194
8430000 350.9033 260.8166
8440000 324.3072 268.3495
8450000 332.2561 251.8669
8460000 341.1200 252.0620
8470000 336.2061 253.6694
8480000 352.9383 258.3408
8490000 346.1661 249.2580
8500000 346.4924 251.6389
8510000 330.4655 246.7717
8520000 329.4612 246.9953
8530000 330.8520 262.6813
8540000 374.8854 247.9663
8550000 369.9952 252.6503
8560000 356.7491 251.4762
8570000 362.4913 261.0203
8580000 353.4074 258.4663
8590000 347.8523 263.5625
8600000 356.7516 266.6296
8610000 330.6448 277.9059
8620000 331.0359 273.3739
8630000 329.8479 265.1093
8640000 344.2283 253.9629
8650000 349.8491 263.2720
8660000 354.0074 254.4258
8670000 334.6766 262.1699
8680000 333.9615 268.5073
8690000 358.5810 258.4095
8700000 325.8528 255.8927
8710000 353.9464 256.8586
8720000 371.4360 258.4145
8730000 342.2964 253.6757
8740000 343.9217 269.6295
8750000 350.2856 274.7179
8760000 337.2959 261.0569
8770000 357.0544 262.6790
8780000 371.7097 250.8425
8790000 373.6518 255.9274
8800000 363.6477 259.1954
8810000 337.7542 258.6255
8820000 329.4770 274.7370
8830000 379.2244 269.6957
8840000 364.6319 268.9511
8850000 344.1805 263.2945
8860000 368.2206 246.5734
8870000 355.8786 266.6414
8880000 322.4411 260.7389
8890000 316.3712 255.9331
8900000 325.4746 248.6202
8910000 343.7723 250.1542
8920000 344.7435 249.1004
8930000 334.5565 244.9752
8940000 367.4339 238.7706
8950000 338.7493 257.2145
8960000 346.7889 260.8278
8970000 351.0903 238.0509
8980000 330.4998 258.7171
8990000 333.2095 271.0325
9000000 333.7292 258.3805
9010000 354.3780 254.7042
9020000 356.5090 253.0753
9030000 323.0469 257.2275
9040000 340.4195 265.4821
9050000 358.3593 264.2600
9060000 339.9599 261.5214
9070000 321.9898 262.0519
9080000 329.0705 260.9934
9090000 322.8110 262.3158
9100000 333.6877 252.9323
9110000 342.7311 266.1225
9120000 338.6154 262.4469
9130000 351.7275 269.3433
9140000 345.3133 267.5930
9150000 323.5338 256.8335
9160000 331.8600 239.0804
9170000 359.8068 257.4777
9180000 375.9967 266.6969
9190000 360.2780 260.3079
9200000 340.6475 251.5815
9210000 365.0416 265.9201
9220000 361.6994 255.4626
9230000 342.0036 248.1859
9240000 320.5293 251.9283
9250000 336.3105 247.9497
9260000 325.3634 260.4325
9270000 340.9401 250.2918
9280000 342.1842 250.7371
9290000 333.7179 251.9671
9300000 337.7262 255.9664
9310000 346.2698 263.4814
9320000 355.0696 255.3089
9330000 336.8271 257.0015
9340000 344.7049 265.4576
9350000 346.1965 258.6901
9360000 333.5640 265.2873
9370000 348.0216 263.6914
9380000 357.6712 253.3513
9390000 344.1484 250.3096
9400000 358.3246 261.6375
9410000 356.5217 265.1270
9420000 366.1506 253.5058
9430000 353.6211 257.3630
9440000 344.1402 263.8166
9450000 315.8237 260.1669
9460000 317.2538 260.2535
9470000 331.3126 262.8545
9480000 351.6143 250.8539
9490000 343.3702 261.6961
9500000 343.4422 263.9651
9510000 322.0052 260.8561
9520000 338.9205 268.5766
9530000 355.0485 264.2146
9540000 330.3571 263.5589
9550000 329.3295 261.3615
9560000 337.4051 260.1442
9570000 341.5036 262.1259
9580000 312.2089 271.8803
9590000 336.2881 250.7781
9600000 328.1586 258.8025
9610000 336.7640 260.4945
9620000 352.7094 260.3061
9630000 357.1816 269.2372
9640000 338.7699 259.3813
9650000 348.6436 276.2252
9660000 345.3813 276.5094
9670000 339.9334 265.7231
9680000 332.5744 270.9415
9690000 347.4601 269.6159
9700000 326.1142 270.0251
9710000 308.3204 268.5616
9720000 329.2932 267.4415
9730000 341.0272 278.9224
9740000 324.3545 276.2356
9750000 338.9706 272.9290
9760000 338.4824 271.7307
9770000 338.3379 255.2510
9780000 329.8778 276.6410
9790000 335.9234 263.9509
9800000 318.5925 270.1665
9810000 331.5126 281.4791
9820000 326.6926 265.7658
9830000 339.9414 269.3192
9840000 356.4718 254.8402
9850000 322.1453 261.6869
9860000 339.9543 271.2654
9870000 322.5928 261.2082
9880000 334.7477 245.0059
9890000 340.4789 259.8670
9900000 356.7840 256.8119
9910000 368.6681 254.9844
9920000 339.2777 262.7293
9930000 326.2280 260.2464
9940000 319.6992 255.6151
9950000 351.7522 247.7136
9960000 364.6137 264.5949
9970000 351.8439 259.7481
9980000 344.6977 259.4783
9990000 337.3775 261.0635
10000000 327.1539 270.9471
10010000 340.3735 268.4578
10020000 344.7868 267.3523
10030000 359.8654 258.3613
10040000 366.8500 261.3561
10050000 365.1332 258.1639
10060000 365.4371 254.0425
10070000 357.5153 260.3205
10080000 349.3478 247.3586
10090000 348.8368 236.7445
10100000 334.3741 254.6440
10110000 370.9143 243.0816
10120000 354.4001 255.7451
10130000 328.6202 240.3788
10140000 335.6865 257.4460
10150000 347.3389 254.3864
10160000 362.1735 261.0924
10170000 365.2255 255.8854
10180000 364.1554 256.3427
10190000 339.2534 257.2653
10200000 338.9824 254.1187
10210000 353.7104 265.3279
10220000 366.8177 267.6551
10230000 360.3691 258.6583
10240000 353.8385 256.7453
10250000 358.6594 260.4816
10260000 363.1965 253.1608
10270000 365.8576 254.1406
10280000 339.4440 258.2736
10290000 354.6688 263.8651
10300000 340.1697 269.3467
10310000 334.3192 264.2469
10320000 358.4944 258.8535
10330000 345.6582 262.5255
10340000 324.5069 260.8404
10350000 331.9964 257.8401
10360000 363.4330 264.5633
10370000 365.9643 246.3004
10380000 350.6057 251.4846
10390000 363.5164 263.2929
10400000 343.2124 260.4815
10410000 356.6674 252.5289
10420000 350.0753 258.9990
10430000 357.0074 263.9803
10440000 346.6593 250.5977
10450000 348.3556 256.0429
10460000 354.1395 254.2629
10470000 370.2511 264.1251
10480000 347.5349 253.4904
10490000 372.7166 258.9831
10500000 351.4113 251.9536
10510000 358.9443 254.7690
10520000 349.5390 254.6079
10530000 357.7409 257.6520
10540000 361.6869 253.1485
10550000 372.5091 243.8778
10560000 383.6302 256.5509
10570000 369.9786 250.5452
10580000 330.4973 262.0929
10590000 351.8473 260.9069
10600000 360.2179 263.5108
10610000 369.7030 269.9593
10620000 361.7128 276.4852
10630000 359.0449 266.7212
10640000 326.8709 261.7477
10650000 336.7126 255.0419
10660000 350.2730 259.9707
10670000 341.4718 263.1702
10680000 336.8597 265.7156
10690000 355.2507 244.9354
10700000 365.2733 251.5934
10710000 354.4527 258.6013
10720000 356.6443 261.4069
10730000 325.5477 254.5093
10740000 342.0042 257.8569
10750000 328.1652 264.8096
10760000 366.6634 259.1351
10770000 343.8283 247.5526
10780000 352.1037 248.1378
10790000 359.1702 258.4034
10800000 347.2347 263.6734
10810000 376.8335 261.0305
10820000 362.5482 251.5457
10830000 331.7735 257.6546
10840000 361.8854 260.7362
10850000 333.2603 251.6993
10860000 344.8532 250.7424
10870000 339.0555 252.3509
10880000 356.0442 266.5129
10890000 334.4532 258.6296
10900000 314.7680 262.0451
10910000 331.5113 251.6459
10920000 335.4177 245.8145
10930000 335.4643 242.8176
10940000 349.1616 249.5784
10950000 349.1797 258.3479
10960000 344.1858 259.4172
10970000 321.4891 262.4988
10980000 325.4979 262.6162
10990000 326.3694 249.5981
11000000 327.5506 255.3356
11010000 353.6293 246.9933
11020000 324.2375 244.4191
11030000 322.8971 243.3947
11040000 326.8731 265.0491
11050000 337.5384 256.9571
11060000 319.4556 245.7716
11070000 366.5952 258.3674
11080000 371.9340 255.2112
11090000 354.4480 241.6023
11100000 354.3689 262.9326
11110000 354.4711 255.7165
11120000 339.1165 266.6105
11130000 319.0520 266.6139
11140000 347.7813 265.3532
11150000 339.1614 263.3239
11160000 346.8110 262.2997
11170000 340.7465 262.2644
11180000 350.5297 268.9933
11190000 350.5909 264.5042
11200000 328.3291 261.4920
11210000 350.9945 254.0718
11220000 340.2299 258.5598
11230000 354.2835 245.6038
11240000 335.4662 258.0720
11250000 372.7787 273.1738
11260000 349.2502 259.4751
11270000 354.0616 247.7888
11280000 355.9240 257.2626
11290000 345.9301 256.1527
11300000 330.4014 265.9908
11310000 353.3520 264.2173
11320000 369.5641 276.0907
11330000 362.5430 278.9243
11340000 363.7340 266.3482
11350000 351.0589 259.9197
11360000 352.3727 269.7789
11370000 368.2859 260.0162
11380000 369.3450 246.4904
11390000 357.9094 253.4222
11400000 351.2389 254.3614
11410000 359.3177 255.4825
11420000 330.2057 256.1885
11430000 359.0650 266.2543
11440000 338.8921 263.9815
11450000 374.6576 257.8251
11460000 340.9848 262.3977
11470000 357.8314 266.8070
11480000 354.3410 268.1885
11490000 348.3015 265.2791
11500000 346.3631 263.4256
11510000 329.5574 268.6538
11520000 343.7682 261.4156
11530000 366.8552 275.2933
11540000 326.6492 252.7007
11550000 334.2763 245.2459
11560000 334.1651 255.4411
11570000 347.9387 260.2670
11580000 357.9440 259.2691
11590000 347.2604 262.1114
11600000 354.9320 251.8974
11610000 338.1905 256.3832
11620000 365.3509 269.8786
11630000 364.9063 267.5557
11640000 332.4556 263.2416
11650000 345.1682 253.2857
11660000 370.3836 246.5363
11670000 337.6009 259.6548
11680000 387.0013 251.5812
11690000 384.2404 258.7905
11700000 379.2870 252.0583
11710000 391.7986 272.3899
11720000 377.2744 267.4982
11730000 340.4756 254.2738
11740000 355.0798 255.6082
11750000 364.9634 256.7250
11760000 367.5115 260.5277
11770000 377.8731 251.6286
11780000 388.2671 262.1497
11790000 360.7591 268.7811
11800000 332.8492 253.1559
11810000 347.4305 268.7058
11820000 361.8543 253.8834
11830000 381.5928 263.6540
11840000 355.3599 247.0730
11850000 365.6144 247.5363
11860000 346.0780 257.3417
11870000 351.7097 253.2118
11880000 349.9209 257.5824
11890000 365.1527 257.4965
11900000 346.8884 268.2796
11910000 352.0998 269.5329
11920000 347.0204 260.5635
11930000 349.0575 256.8904
11940000 319.0304 262.5880
11950000 331.9388 260.1344
11960000 349.2730 267.4189
11970000 338.0528 251.3310
11980000 345.4963 248.4303
11990000 361.2844 262.1339
12000000 352.8350 260.0870
12010000 344.5820 259.6578
12020000 331.6002 248.7890
12030000 302.0607 251.3650
12040000 351.3786 265.5440
12050000 365.5829 264.3130
12060000 348.4749 253.2721
12070000 352.8491 259.0352
12080000 330.3710 265.3483
12090000 331.2075 262.8670
12100000 341.5626 257.5294
12110000 351.3675 264.7012
12120000 353.8997 262.2109
12130000 329.7542 259.5127
12140000 352.9404 258.0944
12150000 345.9775 272.9422
12160000 345.8433 261.3953
12170000 338.0985 277.7814
12180000 354.4483 261.8752
12190000 355.1577 265.9630
12200000 339.9865 267.3717
12210000 341.8766 278.4207
12220000 342.3254 263.7731
12230000 357.3801 277.4618
12240000 337.4380 278.5503
12250000 353.9925 276.5846
12260000 343.7757 282.9819
12270000 355.1334 281.7283
12280000 368.2498 284.5041
12290000 350.1340 273.4758
12300000 328.9118 266.5959
12310000 358.5459 266.8333
12320000 326.4892 257.9495
12330000 320.1969 264.7555
12340000 311.7646 286.9185
12350000 336.9533 280.8778
12360000 357.7533 278.2510
12370000 349.5599 266.2528
12380000 323.4600 264.1719
12390000 334.1471 264.8802
12400000 341.2575 266.8147
12410000 335.5306 264.0872
12420000 341.0428 259.7396
12430000 348.4178 270.8481
12440000 338.7071 265.0471
12450000 352.8194 271.1974
12460000 343.4800 265.5500
12470000 337.3266 268.6373
12480000 335.5142 267.7547
12490000 328.1939 261.2936
12500000 344.4277 266.9442
12510000 346.8305 256.4962
12520000 334.4274 264.6410
12530000 318.9562 247.4737
12540000 321.8322 258.7358
12550000 323.2914 257.6595
12560000 336.9382 256.2886
12570000 337.4296 254.7968
12580000 338.0919 264.9575
12590000 344.6013 257.2838
12600000 344.1471 253.5876
12610000 355.4497 254.1586
12620000 309.5963 261.6601
12630000 324.7803 252.7999
12640000 318.4344 251.5773
12650000 307.4143 275.0097
12660000 334.5896 264.5623
12670000 332.7710 260.3306
12680000 336.9684 262.8751
12690000 326.3115 270.4797
12700000 331.2121 275.1529
12710000 343.0117 263.9643
12720000 343.7298 258.5306
12730000 340.9038 272.0352
12740000 330.5582 268.9818
12750000 334.5029 263.8037
12760000 332.8087 261.7669
12770000 319.2389 245.4258
12780000 312.2714 250.8207
12790000 329.2827 259.7062
12800000 329.2124 266.2225
12810000 316.7286 259.6853
12820000 326.4241 264.5084
12830000 344.5639 263.4588
12840000 340.1415 269.2592
12850000 327.0143 250.4101
12860000 333.3848 251.6570
12870000 346.6404 269.6837
12880000 347.5307 255.4016
12890000 334.9690 267.2033
12900000 331.9877 251.7898
12910000 325.0160 259.5267
12920000 339.2023 255.1353
12930000 356.4684 258.1025
12940000 348.3423 253.5084
12950000 343.6926 241.2440
12960000 303.7292 261.2795
12970000 333.7222 276.3862
12980000 318.8348 276.3066
12990000 337.5184 255.3020
13000000 328.5295 261.7751
13010000 344.1122 262.8053
13020000 351.2918 264.8215
13030000 332.6370 264.8569
13040000 313.7127 287.1370
13050000 335.7214 267.8520
13060000 348.0283 263.4600
13070000 347.7852 262.4527
13080000 332.1154 264.9427
13090000 325.8879 265.4613
13100000 334.9117 265.7665
13110000 339.4544 264.9057
13120000 327.3449 259.6756
13130000 320.3433 272.9837
13140000 324.0844 273.8906
13150000 307.3245 265.5043
13160000 345.6317 275.8384
13170000 343.6823 255.2034
13180000 327.8393 260.6082
13190000 329.0493 261.1799
13200000 335.0861 263.6709
13210000 328.8448 259.9667
13220000 339.5509 255.9758
13230000 322.8348 252.7328
13240000 324.1791 268.3290
13250000 321.6219 268.8830
13260000 329.2538 254.6604
13270000 336.8929 261.6097
13280000 335.6011 247.3269
13290000 327.5969 265.7181
13300000 333.5228 262.2290
13310000 335.2265 262.3132
13320000 340.2001 267.5379
13330000 335.9816 273.4303
13340000 345.3081 260.2552
13350000 347.3421 261.6537
13360000 325.3624 268.3396
13370000 326.6540 262.3701
13380000 344.5428 251.5012
13390000 332.1684 257.3338
13400000 346.8412 254.6549
13410000 356.8196 250.3771
13420000 342.9531 260.0235
13430000 341.0417 266.2791
13440000 344.5204 258.6879
13450000 333.7922 251.6628
13460000 339.2882 249.4310
13470000 345.7749 254.1614
13480000 366.0950 247.6126
13490000 362.2479 262.0113
13500000 331.7943 258.2487
13510000 352.1976 248.0164
13520000 369.7661 272.1140
13530000 357.2782 264.5814
13540000 341.0682 274.4398
13550000 338.3594 270.2985
13560000 327.9074 256.8828
13570000 346.4031 258.4495
13580000 356.1635 267.1205
13590000 352.4404 259.2074
13600000 321.8732 262.9507
13610000 324.4436 265.5760
13620000 332.6050 256.9614
13630000 348.4753 274.0948
13640000 364.6786 277.6719
13650000 343.4278 266.0238
13660000 336.6864 258.0030
13670000 343.8895 267.1699
13680000 334.1356 270.9007
13690000 332.4183 269.6624
13700000 328.5058 287.8924
13710000 342.0954 273.0383
13720000 344.2996 272.6219
13730000 334.3048 268.6153
13740000 331.5594 276.7347
13750000 324.7538 266.3893
13760000 339.3919 263.1079
13770000 336.8753 258.5307
13780000 326.3432 271.6831
13790000 314.4315 270.5676
13800000 324.1647 269.6104
13810000 333.1265 257.5414
13820000 317.8928 260.5764
13830000 346.2485 258.2685
13840000 333.6435 258.7961
13850000 342.2618 277.0944
13860000 365.9553 256.8184
13870000 352.7583 264.7688
13880000 360.8696 256.0041
13890000 351.2440 272.4314
13900000 358.9266 267.6199
13910000 362.5068 265.3857
13920000 352.1741 265.0238
13930000 345.5010 255.3953
13940000 370.8109 254.7023
13950000 345.1415 269.8876
13960000 340.2941 286.0920
13970000 361.1575 286.2623
13980000 348.3230 270.2785
13990000 357.9983 259.7322
14000000 347.9900 276.2566
14010000 352.8919 263.7707
14020000 340.2699 252.7562
14030000 326.4530 264.8057
14040000 322.9680 274.7363
14050000 321.9071 276.2803
14060000 330.2383 257.0059
14070000 357.9937 259.3753
14080000 347.6314 268.8441
14090000 373.7273 266.0581
14100000 351.6309 242.8767
14110000 334.6124 257.1093
14120000 357.9169 259.1173
14130000 355.2617 255.5073
14140000 341.1707 264.2769
14150000 347.4604 254.4883
14160000 339.9007 254.1176
14170000 322.8164 259.4630
14180000 343.6741 259.0557
14190000 332.4393 260.0517
14200000 339.2818 252.0567
14210000 334.1110 260.0900
14220000 339.1315 262.8347
14230000 364.8379 255.2909
14240000 346.9416 255.1358
14250000 341.7904 255.2444
14260000 350.9464 281.4342
14270000 364.0443 267.5111
14280000 340.9913 268.6546
14290000 326.8785 260.8634
14300000 328.7178 261.6183
14310000 326.3641 262.7086
14320000 333.5070 266.6518
14330000 341.6613 274.2979
14340000 350.8400 266.1376
14350000 339.8895 273.8764
14360000 320.8181 270.9852
14370000 308.9941 275.5517
14380000 335.2733 265.2356
14390000 338.7726 267.5706
14400000 358.2707 274.2311
14410000 339.1922 281.4473
14420000 318.2985 264.9256
14430000 336.9264 260.0040
14440000 333.2752 266.7926
14450000 322.5696 249.6728
14460000 326.1440 251.5275
14470000 334.0044 253.7985
14480000 334.8737 266.4528
14490000 327.4192 270.9969
14500000 332.2705 265.6665
14510000 302.7102 262.3393
14520000 327.9989 275.2330
14530000 324.0036 261.0110
14540000 337.7392 254.4659
14550000 323.3927 262.6471
14560000 327.5341 267.6465
14570000 356.8632 279.0026
14580000 337.9553 263.1856
14590000 338.2598 251.9225
14600000 343.9710 262.9177
14610000 320.6534 258.2571
14620000 322.9500 254.1288
14630000 341.7763 253.9551
14640000 359.6953 251.2857
14650000 338.4748 262.6509
14660000 347.2208 244.5299
14670000 315.6218 250.4979
14680000 327.7829 266.2940
14690000 348.4183 256.9800
14700000 319.6138 243.9829
14710000 326.5531 264.2392
14720000 327.1825 268.3148
14730000 336.7071 263.6247
14740000 356.4566 276.1504
14750000 353.1218 260.0415
14760000 353.6573 259.2292
14770000 351.2578 246.3717
14780000 359.4191 257.7993
14790000 329.1249 261.6301
14800000 343.8650 248.2012
14810000 337.2356 254.8591
14820000 369.0675 259.4675
14830000 368.8574 263.9923
14840000 343.3956 252.6999
14850000 347.5646 265.1581
14860000 372.6441 264.2828
14870000 359.4241 261.8584
14880000 360.7720 258.1983
14890000 340.3601 259.4618
14900000 344.9216 255.8073
14910000 344.2860 255.6319
14920000 347.6344 250.8376
14930000 348.8063 252.0011
14940000 345.6396 268.0449
14950000 355.4876 271.9628
14960000 320.6733 272.0282
14970000 333.8199 271.9343
14980000 340.3170 258.5158
14990000 365.4168 254.4954
15000000 356.2656 259.0116
15010000 345.0741 252.9734
15020000 333.1279 259.8554
15030000 342.3308 251.5544
15040000 351.1477 258.0008
15050000 335.4936 244.6765
15060000 347.5468 254.1973
15070000 350.0453 235.9770
15080000 341.8301 243.5334
15090000 342.6980 255.1614
15100000 334.0900 254.1464
15110000 348.9228 247.9263
15120000 332.1868 255.0223
15130000 358.1602 262.0070
15140000 353.9716 246.3305
15150000 345.9781 266.3110
15160000 341.0078 250.6533
15170000 327.7764 248.0751
15180000 327.4334 258.9815
15190000 328.9480 265.7275
15200000 333.9572 256.7244
15210000 341.5605 251.2707
15220000 350.0422 264.6173
15230000 330.5426 262.1122
15240000 350.1929 251.0999
15250000 339.3960 262.2856
15260000 354.5613 259.7531
15270000 343.8340 259.2560
15280000 349.6796 251.1280
15290000 325.2220 263.5272
15300000 334.5233 256.3648
15310000 324.6676 252.2927
15320000 331.9253 245.8267
15330000 333.8112 244.4370
15340000 323.3229 264.4143
15350000 331.1560 265.9640
15360000 315.5462 268.3649
15370000 314.8561 256.4321
15380000 329.0825 258.2685
15390000 340.8587 259.9631
15400000 347.4952 276.2447
15410000 349.8130 271.0601
15420000 333.4878 270.8443
15430000 315.8142 265.0607
15440000 331.1723 275.5167
15450000 326.8127 271.2236
15460000 315.9437 270.1135
15470000 336.7739 258.5784
15480000 336.6703 261.3680
15490000 350.7596 256.1467
15500000 336.2093 256.8126
15510000 319.5063 258.3914
15520000 308.5217 261.3846
15530000 317.8625 258.0538
15540000 330.7502 261.2125
15550000 339.2777 263.3059
15560000 339.2171 262.9311
15570000 336.2422 253.3665
15580000 339.2729 248.3799
15590000 338.8161 252.2947
15600000 336.6960 254.6060
15610000 326.0096 247.4922
15620000 328.2820 252.6282
15630000 317.9580 252.2782
15640000 334.5933 255.9275
15650000 328.4177 247.5267
15660000 348.6130 249.1054
15670000 332.8675 245.0516
15680000 344.2857 255.3622
15690000 358.0071 255.4447
15700000 337.9213 256.7540
15710000 343.4553 249.9228
15720000 338.7147 252.1199
15730000 358.4352 257.6148
15740000 328.8327 254.2902
15750000 333.0666 253.9494
15760000 342.3601 255.4884
15770000 348.6128 258.9209
15780000 346.1278 256.0138
15790000 346.7910 252.9401
15800000 342.6933 253.9609
15810000 345.7619 252.4729
15820000 331.0365 260.5648
15830000 333.1248 270.8089
15840000 326.0477 272.2987
15850000 327.8779 269.6038
15860000 336.8692 261.6366
15870000 352.1891 257.7925
15880000 350.0905 261.3111
15890000 345.3871 263.3778
15900000 331.1055 259.1222
15910000 348.6708 264.9591
15920000 352.3204 258.6274
15930000 321.3937 268.5875
15940000 320.9822 263.5606
15950000 324.3021 264.9780
15960000 337.7103 269.3540
15970000 335.8993 253.0382
15980000 323.7921 251.7534
15990000 345.8974 261.2125
16000000 319.3564 265.5034
16010000 318.4766 256.6508
16020000 337.0300 263.0296
16030000 332.1380 256.4623
16040000 330.1187 254.9011
16050000 333.4153 251.2728
16060000 316.4971 253.9210
16070000 327.4196 263.2362
16080000 345.1745 260.7990
16090000 345.2054 250.6070
16100000 336.3824 255.7069
16110000 347.2921 252.6713
16120000 353.3203 262.1936
16130000 335.0235 251.0014
16140000 331.4789 250.2920
16150000 341.5010 248.5600
16160000 360.9760 241.0140
16170000 345.1221 241.6319
16180000 353.4505 260.8886
16190000 329.8767 249.1865
16200000 321.5423 261.1998
16210000 335.6346 273.0046
16220000 337.6164 261.5847
16230000 343.9618 247.2308
16240000 325.9396 260.3074
16250000 354.5227 258.2427
16260000 314.1414 267.8582
16270000 316.4941 269.1320
16280000 344.0044 272.3748
16290000 335.9952 248.3824
16300000 376.3424 265.7010
16310000 349.6730 254.3939
16320000 337.1681 252.2526
16330000 334.4078 269.6883
16340000 331.9236 271.6992
16350000 346.2710 265.8234
16360000 352.1834 257.0633
16370000 340.3407 264.2076
16380000 330.9741 265.9528
16390000 332.4223 264.4656
16400000 337.2273 255.9838
16410000 315.2797 254.6428
16420000 333.2971 261.6009
16430000 340.4820 265.2763
16440000 328.2190 258.0119
16450000 319.7324 264.6475
16460000 337.9630 261.7416
16470000 320.8659 257.5775
16480000 349.6247 274.0864
16490000 364.4645 259.0293
16500000 342.7137 244.7656
16510000 372.7731 263.2920
16520000 357.3131 257.8218
16530000 325.2016 255.6147
16540000 336.8915 260.9895
16550000 335.5973 258.1658
16560000 349.0963 255.1443
16570000 344.4598 266.9520
16580000 349.8678 259.1085
16590000 337.0756 240.6640
16600000 352.0666 248.7238
16610000 339.9430 248.8445
16620000 356.4186 258.5478
16630000 350.9346 265.5621
16640000 359.8002 259.1461
16650000 341.9634 262.4768
16660000 336.1107 265.5783
16670000 317.4913 255.3821
16680000 334.2717 272.0384
16690000 354.8255 273.2124
16700000 341.5788 261.4041
16710000 327.6848 258.4087
16720000 345.2289 273.1038
16730000 334.9781 269.8818
16740000 324.7567 276.4155
16750000 336.0130 260.3281
16760000 346.5916 269.6451
16770000 335.1853 258.4153
16780000 352.9647 264.0158
16790000 345.3798 258.3494
16800000 353.7668 263.2780
16810000 342.3079 274.4928
16820000 356.6250 275.0177
16830000 341.5687 270.7211
16840000 343.0789 256.5811
16850000 336.0853 255.4970
16860000 338.6604 253.2045
16870000 355.9453 260.2837
16880000 349.2732 258.9346
16890000 318.2131 260.0730
16900000 347.7601 254.0605
16910000 347.9095 247.6919
16920000 311.3815 255.0471
16930000 336.6512 253.0974
16940000 347.3011 259.8717
16950000 342.5236 267.8428
16960000 337.3119 254.6468
16970000 329.2836 256.1268
16980000 340.1227 264.5962
16990000 340.0909 265.5182
17000000 351.2032 255.4662
17010000 333.8274 267.6949
17020000 348.0523 262.7620
17030000 345.0882 264.8066
17040000 333.3142 261.4570
17050000 318.1051 263.4431
17060000 349.4341 262.4742
17070000 354.4583 261.9816
17080000 343.4853 258.3611
17090000 339.7439 252.3797
17100000 342.2431 250.0997
17110000 347.6819 259.2359
17120000 346.6088 256.1919
17130000 363.8631 278.1746
17140000 372.9170 260.7112
17150000 345.8578 264.7884
17160000 384.4551 259.3623
17170000 345.6174 267.0793
17180000 330.8165 273.9630
17190000 355.9014 263.5436
17200000 361.9942 262.3530
17210000 354.3142 262.6135
17220000 385.7230 278.9020
17230000 347.6403 276.7306
17240000 321.4009 263.4107
17250000 351.3941 270.9042
17260000 351.2397 267.3664
17270000 361.8288 258.6512
17280000 373.5789 252.6001
17290000 356.2030 260.4000
17300000 363.2829 256.5043
17310000 358.9696 264.2604
17320000 352.5211 254.2280
17330000 357.0777 265.5598
17340000 355.0430 254.1078
17350000 340.1896 252.7262
17360000 372.8657 277.4626
17370000 337.1961 275.4347
17380000 335.7218 273.1269
17390000 351.8674 267.8771
17400000 333.0751 276.8002
17410000 322.5054 268.7204
17420000 350.8533 250.8247
17430000 345.8029 252.8390
17440000 327.1322 252.4059
17450000 336.1091 261.1767
17460000 353.8157 263.9679
17470000 329.9280 258.0605
17480000 338.0903 261.4491
17490000 351.7551 259.4395
17500000 328.3855 256.4745
17510000 335.5614 247.0678
17520000 340.7499 254.3077
17530000 326.1926 266.9785
17540000 327.8039 253.2854
17550000 311.5993 265.8984
17560000 336.8787 250.9606
17570000 374.1364 254.6361
17580000 338.9878 251.1965
17590000 343.6266 256.0922
17600000 344.1049 262.0629
17610000 359.6113 247.5115
17620000 350.6125 258.6198
17630000 336.2174 260.5386
17640000 343.4686 260.1124
17650000 354.0427 263.4920
17660000 339.5337 249.0111
17670000 336.8972 255.1516
17680000 357.6600 250.5487
17690000 342.2330 242.1357
17700000 345.6163 258.5129
17710000 355.5320 261.3079
17720000 357.7012 258.4881
17730000 368.6421 263.7256
17740000 363.1650 262.2943
17750000 359.0667 270.6625
17760000 348.6101 258.1228
17770000 323.1086 265.3124
17780000 344.4615 265.0076
17790000 326.0331 267.4619
17800000 347.5682 267.3546
17810000 365.9424 260.5584
17820000 355.0275 244.3208
17830000 352.0278 247.9815
17840000 360.0084 265.3299
17850000 347.4887 262.6404
17860000 334.0704 252.3068
17870000 339.7168 246.8687
17880000 358.4224 242.9391
17890000 362.3338 251.9224
17900000 350.7359 264.4324
17910000 340.9328 266.7654
17920000 335.4291 255.2337
17930000 346.3048 255.7004
17940000 340.8253 253.5368
17950000 358.1797 245.9857
17960000 346.5567 251.3713
17970000 322.3079 251.7497
17980000 324.1215 265.3816
17990000 375.6073 257.2901
18000000 357.4639 242.3149
18010000 334.8570 254.6027
18020000 361.9301 253.1997
18030000 335.6974 254.5657
18040000 327.6223 253.8371
18050000 348.8250 255.5756
18060000 358.4099 251.4384
18070000 354.3825 252.1369
18080000 343.8353 270.4127
18090000 347.2810 262.0851
18100000 353.9941 268.2664
18110000 347.8729 264.1275
18120000 363.8898 269.8532
18130000 365.6196 254.2422
18140000 333.9863 271.5824
18150000 371.9233 255.3462
18160000 348.3376 246.9038
18170000 349.4058 250.4189
18180000 335.9378 254.5203
18190000 346.9265 243.4709
18200000 363.7485 250.0760
18210000 353.8015 235.4713
18220000 335.1107 249.2388
18230000 342.9592 245.1986
18240000 347.7614 255.7414
18250000 347.8066 245.4301
18260000 344.3232 245.7086
18270000 366.0279 246.8723
18280000 375.9418 256.1586
18290000 349.3793 256.7955
18300000 368.0639 258.4128
18310000 362.3152 249.7261
18320000 387.0993 256.0133
18330000 364.2851 252.9442
18340000 358.3770 258.2164
18350000 364.2844 244.3541
18360000 339.0265 253.9351
18370000 355.9436 258.6943
18380000 365.1262 257.9061
18390000 334.2337 260.8000
18400000 332.0903 256.2327
18410000 336.3143 253.5063
18420000 333.4381 247.5856
18430000 363.7933 248.2616
18440000 378.3535 253.5007
18450000 373.4195 265.0268
18460000 383.9525 260.3782
18470000 363.3607 260.5750
18480000 355.8359 249.1728
18490000 339.9271 264.1573
18500000 349.1705 266.0970
18510000 357.7027 246.1242
18520000 328.1675 241.3092
18530000 376.4821 247.3622
18540000 353.4059 254.9475
18550000 340.5986 259.7791
18560000 349.7639 261.0381
18570000 326.7780 269.0583
18580000 346.8220 265.9551
18590000 372.0790 264.1116
18600000 349.4073 271.5313
18610000 359.0662 282.7343
18620000 347.6234 258.4188
18630000 322.9498 259.3571
18640000 354.3963 257.7514
18650000 352.5817 268.8142
18660000 337.3850 257.3987
18670000 343.3364 267.4418
18680000 338.7846 261.0971
18690000 357.7821 260.8450
18700000 347.0865 260.8158
18710000 351.6057 267.7934
18720000 376.4805 265.7080
18730000 345.9508 256.4661
18740000 340.5275 260.2607
18750000 357.8000 249.5876
18760000 362.0831 254.2291
18770000 354.5913 259.0511
18780000 354.4158 264.9177
18790000 326.7612 258.7655
18800000 333.1928 256.5478
18810000 332.2329 255.4467
18820000 331.7993 271.7052
18830000 330.9588 251.8701
18840000 336.0535 255.3805
18850000 362.7764 255.4608
18860000 362.6565 264.2679
18870000 327.3839 257.1715
18880000 352.6929 255.6207
18890000 338.6691 254.4590
18900000 333.5159 255.7202
18910000 321.5314 253.4662
18920000 323.1264 262.4056
18930000 326.5996 257.4433
18940000 340.3883 250.1489
18950000 340.3257 254.9997
18960000 327.5502 250.1596
18970000 324.9901 253.7942
18980000 364.6992 249.5600
18990000 372.7072 250.1496
19000000 349.2675 258.7947
19010000 339.6809 258.5228
19020000 362.5203 268.2818
19030000 348.8608 260.1989
19040000 346.8771 263.7243
19050000 349.9654 267.4680
19060000 342.0875 267.5749
19070000 350.9062 267.2265
19080000 368.3689 271.9765
19090000 366.6672 269.0830
19100000 358.6075 260.0831
19110000 357.1951 261.2896
19120000 356.8450 257.0867
19130000 344.9387 258.3249
19140000 357.5055 260.4904
19150000 347.2679 259.7393
19160000 332.5043 264.1818
19170000 340.0564 261.8370
19180000 354.6157 272.4469
19190000 345.2205 263.2973
19200000 342.1353 260.5211
19210000 358.1969 251.3405
19220000 374.5673 261.7219
19230000 357.3627 260.2860
19240000 321.6317 261.7799
19250000 336.1312 277.9710
19260000 352.7634 269.8898
19270000 354.4452 257.2065
19280000 339.8048 256.1455
19290000 340.6923 254.7391
19300000 347.6974 246.8659
19310000 330.0063 245.8697
19320000 304.7135 249.9942
19330000 325.3670 246.0903
19340000 317.5073 250.6918
19350000 349.2035 263.9476
19360000 362.7666 263.8286
19370000 343.4230 260.8007
19380000 319.2728 251.5203
19390000 344.5048 254.6676
19400000 337.7195 259.1022
19410000 345.9512 260.3063
19420000 339.5365 263.6343
19430000 360.3156 259.5139
19440000 334.4533 259.7533
19450000 337.0742 241.3855
19460000 329.9604 249.6033
19470000 326.6016 272.4612
19480000 354.4775 264.6295
19490000 343.8437 253.5648
19500000 348.3341 254.7520
19510000 346.0351 264.5009
19520000 309.1767 254.5353
19530000 352.5481 255.0740
19540000 339.6545 273.3798
19550000 333.6268 252.3348
19560000 333.4902 257.2106
19570000 352.4839 260.6042
19580000 343.0430 259.7105
19590000 357.0243 251.6956
19600000 344.7282 266.9407
19610000 354.3590 250.4929
19620000 351.6821 255.9732
19630000 331.4110 245.5393
19640000 337.9593 258.2870
19650000 347.9057 267.1138
19660000 327.7204 260.2891
19670000 340.6575 255.4811
19680000 338.9602 256.0779
19690000 354.2377 262.7949
19700000 370.0168 256.9099
19710000 370.4897 267.8099
19720000 360.2755 247.8015
19730000 375.8874 249.2391
19740000 368.4294 249.8736
19750000 337.7992 252.1571
19760000 339.7642 245.0032
19770000 344.5586 252.2139
19780000 353.2486 260.4875
19790000 313.1859 259.2048
19800000 332.2417 261.2774
19810000 337.4589 263.8615
19820000 337.9391 247.8515
19830000 343.2711 250.6729
19840000 333.2105 256.6999
19850000 357.3730 256.6458
19860000 357.8070 267.6275
19870000 340.4754 270.8906
19880000 344.6350 260.8104
19890000 322.0679 265.7025
19900000 347.5028 266.5492
19910000 347.4012 265.2414
19920000 367.2047 247.3523
19930000 345.3973 242.4759
19940000 357.3516 254.7418
19950000 340.7660 249.7069
19960000 340.2956 244.1371
19970000 354.4546 262.8177
19980000 371.7223 248.2743
19990000 356.7130 262.3038
20000000 342.0947 251.5315
