Step T_hot T_cold

0 0.0000 0.0000
10000 310.4450 240.1380
20000 347.2724 242.6959
30000 338.3117 261.1613
40000 334.4015 245.2974
50000 332.4711 252.2611
60000 329.3024 261.8643
70000 324.8144 256.6102
80000 332.9978 253.5948
90000 346.8824 256.5631
100000 337.8937 267.3966
110000 337.0791 259.2102
120000 344.8478 253.4362
130000 354.8688 250.3231
140000 349.5196 252.1134
150000 348.0830 250.1960
160000 322.8548 249.1314
170000 352.3599 261.9204
180000 357.3892 243.7471
190000 337.4945 246.0572
200000 333.2520 250.1589
210000 351.5738 250.5674
220000 331.6958 242.4294
230000 339.3073 258.2705
240000 333.3200 256.5601
250000 350.1457 256.9785
260000 346.5809 268.7951
270000 339.4559 249.8787
280000 345.4083 252.9171
290000 330.6787 260.5091
300000 327.9502 258.6331
310000 342.3078 255.5391
320000 331.1352 259.8349
330000 335.2657 265.7024
340000 354.8830 250.2952
350000 346.8143 264.1100
360000 328.6097 261.0442
370000 333.3039 268.2983
380000 310.8238 259.3356
390000 323.8884 254.7019
400000 345.3415 250.2790
410000 362.0515 251.7773
420000 355.9754 249.0815
430000 350.9882 250.2312
440000 344.6143 253.9090
450000 338.7432 250.1849
460000 343.2373 259.2378
470000 356.5621 263.3348
480000 347.3903 253.7918
490000 353.1334 257.1457
500000 358.8107 248.9100
510000 341.0917 256.5845
520000 329.7106 258.9355
530000 353.6626 259.0035
540000 330.2065 265.6775
550000 335.6570 257.0039
560000 321.0929 257.6014
570000 344.3513 264.9784
580000 341.5591 261.1379
590000 342.6678 253.7754
600000 326.1745 254.5868
610000 341.7382 246.0797
620000 337.9448 257.2458
630000 323.0152 260.6573
640000 327.4311 267.1598
650000 339.5689 260.8937
660000 348.7472 249.9797
670000 337.4011 257.4760
680000 355.9055 257.5336
690000 332.2175 246.5286
700000 357.9798 256.6189
710000 320.3646 251.3993
720000 319.5937 272.0055
730000 331.7976 251.2188
740000 326.2316 264.6067
750000 350.3227 267.3859
760000 339.9332 269.8415
770000 335.2004 275.9812
780000 321.0928 267.9387
790000 320.7358 268.9495
800000 336.4396 264.7586
810000 333.1374 250.4782
820000 365.2881 259.9362
830000 332.6276 263.8753
840000 332.9486 257.5052
850000 364.5035 250.9827
860000 374.0487 258.4102
870000 346.1873 267.2959
880000 334.7961 261.5961
890000 348.1729 257.8052
900000 334.1288 250.1638
910000 331.1550 252.2248
920000 333.4089 260.6134
930000 325.2501 264.4195
940000 340.4642 262.9140
950000 341.6734 254.4919
960000 333.0038 254.9470
970000 332.8097 253.3554
980000 335.4412 267.8713
990000 321.5020 260.7652
1000000 321.0103 264.8487
1010000 341.3950 248.8069
1020000 312.2331 253.6500
1030000 326.6804 273.9233
1040000 338.1747 262.9732
1050000 344.6238 259.6747
1060000 334.9462 254.5100
1070000 326.2261 260.2470
1080000 329.8938 259.0069
1090000 335.0191 272.1996
1100000 339.2361 252.7608
1110000 310.2531 261.7369
1120000 312.9244 269.2262
1130000 330.9404 263.3017
1140000 343.5879 268.8729
1150000 329.6930 261.8329
1160000 331.8717 269.8886
1170000 333.5235 271.9523
1180000 341.9253 260.1338
1190000 330.0919 264.2301
1200000 343.6418 244.6378
1210000 320.8837 243.6351
1220000 356.1849 254.3777
1230000 336.1421 251.8068
1240000 330.2756 274.9208
1250000 346.6763 250.8347
1260000 346.6674 262.5860
1270000 346.1112 271.4819
1280000 355.5666 267.1204
1290000 344.4212 249.3500
1300000 341.2346 258.8048
1310000 346.4495 255.3467
1320000 348.5869 260.0024
1330000 359.1709 250.3953
1340000 368.4116 258.5290
1350000 352.2517 245.5571
1360000 358.6542 251.1641
1370000 348.9926 251.7698
1380000 345.9976 265.2105
1390000 350.3319 255.3515
1400000 343.4301 255.8759
1410000 347.8370 259.3551
1420000 354.2455 265.4179
1430000 351.1819 263.8428
1440000 378.8076 276.3154
1450000 381.7998 256.1813
1460000 352.7791 275.5543
1470000 365.8745 266.1925
1480000 352.3605 257.2394
1490000 342.7706 259.1193
1500000 369.5535 267.5427
1510000 354.8292 276.2742
1520000 328.1394 270.3262
1530000 330.2800 272.8824
1540000 343.6678 266.8243
1550000 322.3586 257.0890
1560000 338.1812 267.1382
1570000 356.4688 250.0278
1580000 359.8721 264.1993
1590000 352.8846 270.5477
1600000 347.2877 256.8219
1610000 348.9477 253.4125
1620000 345.1272 261.6021
1630000 329.1593 264.6658
1640000 358.4139 259.8506
1650000 350.3975 273.7554
1660000 378.5050 256.6759
1670000 352.7144 253.7787
1680000 342.9850 258.9201
1690000 346.5747 269.2376
1700000 356.1472 263.4004
1710000 341.8411 254.5414
1720000 352.7633 261.5830
1730000 362.1613 263.5990
1740000 346.0066 262.4400
1750000 345.8647 263.7992
1760000 324.0805 261.1012
1770000 330.0191 254.3706
1780000 332.7787 253.4609
1790000 338.5805 266.7047
1800000 334.3279 262.3478
1810000 338.9283 263.5211
1820000 317.5669 260.9078
1830000 340.1708 262.3396
1840000 352.1709 258.4308
1850000 348.5179 258.4149
1860000 336.6318 266.3685
1870000 330.9997 257.8274
1880000 365.5653 264.3287
1890000 341.7928 258.6476
1900000 348.5128 269.3444
1910000 334.7706 263.1276
1920000 327.5868 272.1002
1930000 333.2434 258.2569
1940000 343.5268 267.3584
1950000 326.9744 256.8966
1960000 326.0750 253.7920
1970000 326.9198 259.7142
1980000 316.6211 251.0814
1990000 322.4607 269.5033
2000000 320.7320 254.6831
2010000 331.4528 268.9653
2020000 326.5976 271.4050
2030000 342.5421 259.3823
2040000 335.7649 263.6977
2050000 322.5097 275.0115
2060000 313.1164 246.4073
2070000 351.4744 253.8453
2080000 350.9172 262.5618
2090000 346.6801 263.7843
2100000 342.6389 254.5312
2110000 334.5134 265.2437
2120000 339.2963 268.7472
2130000 344.0228 268.8383
2140000 337.6045 259.4384
2150000 329.4640 260.0257
2160000 334.4847 270.8188
2170000 328.3615 264.2237
2180000 330.1892 251.1959
2190000 359.3838 261.5893
2200000 347.8636 263.3604
2210000 340.8991 272.5224
2220000 338.1071 257.2348
2230000 328.8675 268.6006
2240000 349.1177 275.0130
2250000 344.6717 272.9089
2260000 322.5196 275.2577
2270000 337.6659 269.4016
2280000 353.7570 283.2617
2290000 341.1776 286.7889
2300000 356.7873 288.0408
2310000 361.3978 275.1451
2320000 359.1908 266.1199
2330000 335.3151 265.0385
2340000 331.1707 266.2512
2350000 346.2198 267.4896
2360000 347.3122 255.8986
2370000 336.2599 267.2417
2380000 330.1897 263.0591
2390000 335.3389 266.9863
2400000 321.0127 264.8530
2410000 334.6595 255.2025
2420000 328.4508 245.5489
2430000 357.1593 258.8423
2440000 318.6994 264.1342
2450000 324.1719 243.2416
2460000 355.5317 257.3276
2470000 339.0198 261.5197
2480000 339.5535 259.1089
2490000 351.3858 253.1406
2500000 337.1273 251.5087
2510000 345.5539 252.4539
2520000 316.3705 252.2624
2530000 323.8988 256.7230
2540000 316.7835 257.8311
2550000 327.3174 257.5049
2560000 333.3901 250.3725
2570000 316.9908 240.1126
2580000 315.3537 253.0302
2590000 322.9305 259.6033
2600000 315.9405 261.3834
2610000 329.9364 269.0080
2620000 346.5466 255.0124
2630000 341.8661 260.0502
2640000 333.8051 255.2658
2650000 352.2898 256.2810
2660000 330.1214 273.4854
2670000 334.8753 254.9157
2680000 337.0339 251.7880
2690000 351.4274 261.7379
2700000 326.8731 265.2042
2710000 313.7515 265.9721
2720000 318.2301 263.4859
2730000 350.9455 260.1995
2740000 357.1719 265.6979
2750000 335.1531 260.3815
2760000 346.5413 258.3132
2770000 338.7055 254.6434
2780000 359.9329 264.6924
2790000 325.2175 265.9418
2800000 332.0830 259.8902
2810000 332.3052 268.3912
2820000 322.7196 266.8265
2830000 362.8484 267.4777
2840000 339.4793 268.3223
2850000 332.0921 262.7687
2860000 317.8307 260.3384
2870000 333.5556 257.6425
2880000 337.0582 249.0474
2890000 341.6306 263.3987
2900000 323.8069 259.0305
2910000 332.2223 257.9170
2920000 323.0209 258.5059
2930000 345.0513 260.2210
2940000 333.6855 247.5539
2950000 342.8556 257.1691
2960000 343.9388 259.4486
2970000 338.0369 259.0967
2980000 339.8118 257.4654
2990000 346.3101 269.0640
3000000 323.1676 269.2729
3010000 329.7264 261.7923
3020000 329.7391 254.1307
3030000 352.1207 246.2545
3040000 362.8002 249.7141
3050000 351.1730 257.4576
3060000 335.7777 247.2669
3070000 322.3130 250.3712
3080000 350.2661 247.7845
3090000 354.6836 257.1530
3100000 346.1614 263.8327
3110000 334.5034 261.9195
3120000 354.6222 256.7743
3130000 349.7543 252.1458
3140000 340.6415 252.4008
3150000 312.5502 257.0349
3160000 338.6892 262.2527
3170000 338.7282 265.9626
3180000 351.4659 259.5829
3190000 326.6164 258.7782
3200000 332.3123 251.6826
3210000 324.1925 262.9287
3220000 327.6897 265.2056
3230000 347.8038 267.0055
3240000 316.1480 261.1504
3250000 340.8676 275.2254
3260000 337.5067 272.3694
3270000 336.2960 253.2213
3280000 341.0265 259.0699
3290000 324.1238 261.3188
3300000 326.0210 255.4314
3310000 351.0513 262.3842
3320000 350.7072 253.3121
3330000 331.9616 249.3120
3340000 333.7253 255.9100
3350000 349.9433 254.3884
3360000 340.9110 254.7329
3370000 337.4182 261.7568
3380000 346.4732 253.1148
3390000 358.9461 257.4105
3400000 342.4481 255.3812
3410000 326.2062 258.3392
3420000 333.4896 263.8124
3430000 346.7400 260.3576
3440000 328.7558 257.7008
3450000 331.3889 246.7824
3460000 331.1682 263.5206
3470000 351.5389 263.5469
3480000 344.5130 248.3831
3490000 331.7452 256.3360
3500000 348.4193 263.3190
3510000 341.0885 270.3722
3520000 341.4918 264.5473
3530000 358.6807 256.7600
3540000 351.7798 262.0897
3550000 342.9204 262.1840
3560000 343.7952 247.2412
3570000 346.2139 261.3698
3580000 354.2274 254.1999
3590000 346.3399 254.7170
3600000 343.6019 250.2927
3610000 363.1132 252.3635
3620000 341.9095 262.1170
3630000 355.1525 256.1576
3640000 346.7985 262.1365
3650000 345.8373 270.9523
3660000 355.3588 263.5671
3670000 353.0532 248.5821
3680000 346.2445 261.2535
3690000 342.4259 261.2497
3700000 320.9160 250.8484
3710000 331.4895 249.0779
3720000 345.5108 253.2357
3730000 334.8239 257.3834
3740000 337.1643 249.1436
3750000 353.3356 249.0163
3760000 360.4192 257.3903
3770000 338.7943 243.2232
3780000 317.0632 245.2124
3790000 360.7659 256.1028
3800000 340.9570 245.2188
3810000 314.4500 248.9989
3820000 333.0247 250.4893
3830000 339.8807 247.1980
3840000 341.4847 256.8407
3850000 329.1266 259.5895
3860000 322.7290 266.0049
3870000 331.2510 246.4258
3880000 339.4332 258.8163
3890000 344.6648 278.7001
3900000 353.5006 261.0190
3910000 363.4354 270.4296
3920000 350.2314 262.1417
3930000 350.6005 265.2735
3940000 365.2645 260.1659
3950000 339.8735 264.1865
3960000 336.6324 255.0866
3970000 355.9306 257.9054
3980000 347.7002 243.2952
3990000 342.9848 249.4795
4000000 351.6310 264.3856
4010000 316.3548 261.4791
4020000 327.1208 253.5126
4030000 359.8687 258.5501
4040000 353.6944 249.8778
4050000 330.9113 255.7230
4060000 318.7957 259.6956
4070000 319.3621 273.6824
4080000 335.7215 256.2378
4090000 333.1813 254.8154
4100000 334.1212 264.1895
4110000 324.3004 265.9582
4120000 334.5804 260.2165
4130000 338.3798 271.6010
4140000 312.7308 255.6860
4150000 331.2366 246.5518
4160000 329.1183 249.9635
4170000 318.3231 246.7595
4180000 309.6805 260.1621
4190000 327.4733 246.0676
4200000 328.0051 242.4998
4210000 354.7987 251.7881
4220000 339.8495 260.3753
4230000 356.8296 257.4866
4240000 319.4503 258.8225
4250000 321.6211 271.1921
4260000 327.8111 267.3875
4270000 319.2340 261.9929
4280000 307.9703 260.0121
4290000 306.4771 266.1637
4300000 326.5124 259.9741
4310000 333.7229 246.4239
4320000 314.9112 253.4797
4330000 347.9985 251.3819
4340000 356.2422 254.7479
4350000 343.1964 260.9809
4360000 329.8208 260.4393
4370000 337.3284 263.8692
4380000 331.3122 271.0836
4390000 335.8159 262.1779
4400000 332.5926 265.7123
4410000 331.5775 269.0728
4420000 354.2181 261.6233
4430000 351.8701 252.0134
4440000 349.4362 248.2059
4450000 343.1741 249.3704
4460000 329.7959 259.6669
4470000 367.2574 264.5469
4480000 344.3570 266.8915
4490000 344.8741 265.0961
4500000 364.9637 269.2713
4510000 347.4217 263.9146
4520000 326.3175 262.2738
4530000 349.0381 252.9185
4540000 337.6506 258.5113
4550000 331.6996 253.1543
4560000 336.0433 260.8131
4570000 360.8320 252.7758
4580000 353.5008 248.8464
4590000 346.1405 241.0586
4600000 340.4338 280.2736
4610000 342.5520 254.8738
4620000 326.8078 243.5548
4630000 345.2842 238.3356
4640000 376.4395 253.6038
4650000 353.1595 250.3028
4660000 344.7857 266.7886
4670000 346.1802 247.9471
4680000 359.2059 257.3291
4690000 360.3540 249.0578
4700000 357.4990 244.9505
4710000 362.7589 259.5608
4720000 342.2641 257.5726
4730000 344.8213 263.0056
4740000 318.5523 259.0318
4750000 331.2866 261.1509
4760000 334.3333 252.1184
4770000 347.1376 253.7823
4780000 348.6550 262.0252
4790000 338.0974 258.3561
4800000 323.1612 256.6590
4810000 335.0061 254.1541
4820000 346.3815 256.9953
4830000 345.1330 262.4971
4840000 330.7313 264.1921
4850000 345.0480 258.8305
4860000 350.9087 272.4291
4870000 355.0405 258.9944
4880000 335.2350 257.5426
4890000 352.4188 257.3479
4900000 354.3215 255.6513
4910000 341.9284 254.0208
4920000 337.8460 250.7147
4930000 329.8707 261.5740
4940000 340.1570 263.6236
4950000 349.0577 268.2992
4960000 338.5308 255.6053
4970000 352.3585 262.6352
4980000 339.9960 264.8800
4990000 342.3789 246.9661
5000000 338.9827 250.9723
5010000 352.0254 265.1672
5020000 355.0385 253.6670
5030000 328.2494 257.5854
5040000 337.3148 258.6641
5050000 329.5782 252.5217
5060000 340.5558 252.4183
5070000 358.9286 260.0326
5080000 322.7144 263.3523
5090000 337.8192 276.3631
5100000 317.0631 259.8604
5110000 338.2947 274.3545
5120000 329.3508 246.1169
5130000 326.3720 256.1911
5140000 340.7806 253.3757
5150000 327.6058 261.0271
5160000 336.3528 251.9549
5170000 349.7203 253.5144
5180000 338.3186 253.5079
5190000 315.3501 260.8075
5200000 330.6083 277.3746
5210000 327.9937 279.8660
5220000 325.3585 262.7848
5230000 345.3780 264.8217
5240000 317.1391 254.9334
5250000 317.1125 260.7979
5260000 329.5608 263.9162
5270000 339.8270 265.1514
5280000 338.3137 260.3509
5290000 358.4035 271.9819
5300000 342.2053 271.9721
5310000 358.5533 264.2991
5320000 368.6080 265.3381
5330000 357.5431 269.3574
5340000 349.2928 262.3216
5350000 339.4857 267.5457
5360000 316.0337 267.4671
5370000 339.2036 265.9303
5380000 348.9317 267.1568
5390000 327.7254 266.0888
5400000 318.8075 257.6543
5410000 320.3141 271.6265
5420000 336.0417 270.6432
5430000 334.4195 273.0974
5440000 352.5319 255.9717
5450000 343.3347 256.0291
5460000 335.8909 264.7298
5470000 350.9799 263.1010
5480000 365.8877 264.2223
5490000 343.7657 261.5857
5500000 349.9876 262.8333
5510000 338.6627 273.1302
5520000 372.8076 256.6725
5530000 347.1553 260.4206
5540000 344.4559 261.6938
5550000 344.5691 250.3824
5560000 353.4756 255.6622
5570000 359.3223 250.6642
5580000 341.5138 244.1859
5590000 335.5932 260.1283
5600000 324.8169 253.2809
5610000 334.8149 250.4264
5620000 329.0183 261.9556
5630000 349.3436 264.5856
5640000 360.7103 259.0435
5650000 348.1276 250.8954
5660000 349.2537 253.0382
5670000 348.0466 251.2802
5680000 349.4282 260.2364
5690000 345.3632 255.3060
5700000 348.2900 265.6819
5710000 369.9770 256.9894
5720000 345.8125 284.2060
5730000 329.6916 262.5159
5740000 339.6355 272.1547
5750000 358.1904 272.7133
5760000 339.6287 261.6895
5770000 329.6027 255.6349
5780000 338.5249 251.4074
5790000 342.8179 244.1938
5800000 317.0349 255.2102
5810000 337.0434 259.2319
5820000 331.1147 249.3017
5830000 327.4993 248.2944
5840000 313.5079 257.1704
5850000 329.3584 272.3148
5860000 344.6221 268.4197
5870000 322.1289 274.8770
5880000 324.8012 266.1755
5890000 327.4031 269.0837
5900000 325.8207 262.4784
5910000 329.7182 264.8418
5920000 337.4100 264.0341
5930000 341.7370 256.2687
5940000 322.6566 269.7152
5950000 327.3122 269.1233
5960000 331.1869 255.6037
5970000 328.0896 272.7080
5980000 303.4462 262.4268
5990000 328.6777 241.6154
6000000 319.8971 259.5350
6010000 313.5694 266.1339
6020000 318.7484 253.8756
6030000 320.5865 251.8331
6040000 334.6953 252.8509
6050000 332.1207 250.1563
6060000 319.7109 254.2126
6070000 337.3142 254.8331
6080000 347.5167 247.2834
6090000 328.6312 246.4444
6100000 341.9956 250.8904
6110000 341.2201 254.9018
6120000 341.7593 250.1116
6130000 329.7831 242.0960
6140000 334.3492 240.9352
6150000 324.4369 261.9389
6160000 352.2594 255.4136
6170000 343.6997 256.9646
6180000 347.6878 258.3472
6190000 353.9798 265.0818
6200000 371.6312 252.2912
6210000 372.7016 251.3642
6220000 346.7746 250.3075
6230000 333.2871 254.8445
6240000 344.3627 260.0356
6250000 346.0056 260.4911
6260000 331.6072 258.8307
6270000 337.4159 249.6723
6280000 329.2358 270.9118
6290000 335.3648 271.3753
6300000 343.5113 276.1883
6310000 345.8401 267.8214
6320000 344.3409 268.0025
6330000 337.0100 273.8591
6340000 340.6144 271.2394
6350000 323.0797 270.0617
6360000 332.4233 257.1849
6370000 336.2124 249.3939
6380000 326.4240 242.3236
6390000 330.0876 257.0336
6400000 337.5511 266.4149
6410000 340.5466 266.3785
6420000 343.3409 261.1492
6430000 329.2517 249.6893
6440000 331.1073 255.7501
6450000 333.8843 270.2452
6460000 329.0550 280.3428
6470000 322.1351 254.3820
6480000 340.3409 273.3391
6490000 339.1763 264.0697
6500000 320.0400 263.2411
6510000 317.2004 278.4225
6520000 326.9650 266.8777
6530000 331.7831 271.9487
6540000 335.8481 256.6323
6550000 339.2778 251.9687
6560000 346.0870 255.1780
6570000 327.2860 265.8764
6580000 354.1922 260.0028
6590000 335.4158 256.0186
6600000 345.1048 253.3365
6610000 363.9724 260.8832
6620000 336.1433 248.8786
6630000 355.2607 253.0732
6640000 343.9140 256.1773
6650000 340.1248 261.5947
6660000 362.2256 253.5583
6670000 355.2199 251.0203
6680000 337.6890 260.5445
6690000 336.8836 243.0923
6700000 315.5499 247.3436
6710000 328.7640 249.9746
6720000 344.5953 252.7915
6730000 327.9132 251.4754
6740000 335.4253 253.2929
6750000 325.0978 258.2782
6760000 334.0243 249.6366
6770000 366.0467 255.2657
6780000 341.5927 252.9800
6790000 352.1428 260.5999
6800000 334.0367 263.5854
6810000 345.8944 260.2316
6820000 344.3424 261.8737
6830000 347.1600 273.8960
6840000 319.7915 246.8803
6850000 345.2192 259.7128
6860000 340.4735 246.9386
6870000 342.0930 246.8775
6880000 365.2484 254.6078
6890000 355.3413 251.7198
6900000 351.6477 237.0327
6910000 342.0204 245.3454
6920000 352.1725 244.8504
6930000 347.4939 259.7086
6940000 341.5608 256.0397
6950000 338.6071 265.3495
6960000 324.1992 256.8331
6970000 337.4549 257.1426
6980000 334.0996 262.2621
6990000 340.3416 249.4341
7000000 331.0251 257.1513
7010000 336.3549 242.9002
7020000 355.9887 248.5318
7030000 341.3801 261.0819
7040000 348.7391 250.0872
7050000 337.4256 248.1995
7060000 330.7561 255.3787
7070000 319.1698 254.5660
7080000 358.5502 269.4816
7090000 333.0890 265.5076
7100000 340.4833 255.1965
7110000 328.5651 261.7034
7120000 330.1366 266.4779
7130000 341.7328 276.0416
7140000 335.9888 270.9196
7150000 338.0523 266.6797
7160000 342.3258 260.8012
7170000 339.9095 257.3635
7180000 339.3608 260.8001
7190000 329.9856 256.1065
7200000 344.0972 270.8132
7210000 325.5107 266.3980
7220000 334.7603 270.7835
7230000 331.1156 270.1786
7240000 318.5107 249.3866
7250000 343.7794 266.9965
7260000 352.5962 266.0963
7270000 367.3112 267.3276
7280000 348.1745 266.3190
7290000 343.6728 270.9580
7300000 325.5920 261.6534
7310000 320.2627 259.8364
7320000 329.1262 258.0087
7330000 323.1740 258.1460
7340000 344.4809 267.7723
7350000 325.8745 266.5519
7360000 352.1721 262.3651
7370000 336.7351 250.9657
7380000 335.7264 252.0855
7390000 340.2719 239.0762
7400000 346.7192 252.3200
7410000 331.9306 257.0402
7420000 341.0861 252.6957
7430000 335.3650 257.6883
7440000 315.8885 254.7259
7450000 329.8526 256.1870
7460000 349.7503 256.9037
7470000 340.5456 259.9789
7480000 354.2039 263.6637
7490000 346.3725 251.5541
7500000 330.9846 261.0366
7510000 332.7996 268.6462
7520000 353.6034 267.0710
7530000 352.0482 266.2424
7540000 356.3437 256.5917
7550000 336.7094 256.3953
7560000 345.5679 261.9012
7570000 340.5519 265.7395
7580000 330.0337 265.9411
7590000 329.3690 252.2412
7600000 345.2605 260.7522
7610000 356.1117 254.9644
7620000 322.8108 260.1234
7630000 327.7621 264.1734
7640000 331.2497 264.1067
7650000 342.2544 273.3408
7660000 339.3271 250.4084
7670000 338.2620 253.5805
7680000 339.0890 251.8072
7690000 340.9645 263.1668
7700000 336.2485 257.1150
7710000 332.4443 258.5763
7720000 329.1782 259.7461
7730000 344.9194 262.6132
7740000 340.2982 250.6962
7750000 336.6153 256.9181
7760000 323.9703 264.3218
7770000 331.1459 253.4793
7780000 327.6924 275.7269
7790000 344.4446 262.8857
7800000 354.6529 260.9066
7810000 353.6345 253.9226
7820000 336.3733 263.0380
7830000 322.7558 273.7552
7840000 328.1537 278.8397
7850000 338.6845 253.9162
7860000 336.9549 256.3171
7870000 341.7431 269.0977
7880000 358.6818 264.0389
7890000 343.2404 259.3570
7900000 346.8038 252.6466
7910000 327.6421 263.3323
7920000 335.5512 265.1954
7930000 348.0172 262.2091
7940000 359.4125 257.8989
7950000 351.5445 252.3844
7960000 341.9042 260.8560
7970000 333.1598 269.1793
7980000 337.6680 258.0002
7990000 344.1830 253.1996
8000000 338.9051 268.8939
8010000 362.9522 267.8647
8020000 335.9643 272.0932
8030000 317.3541 259.7333
8040000 323.1780 250.3027
8050000 340.8913 259.1559
8060000 357.6161 261.1374
8070000 343.4119 255.6937
8080000 328.4743 266.5341
8090000 340.8269 265.5972
8100000 343.8596 265.2506
8110000 341.8167 256.5679
8120000 352.7968 257.3199
8130000 330.4994 256.6507
8140000 344.8604 261.0643
8150000 362.9558 262.0608
8160000 347.0677 258.5417
8170000 330.1924 252.7728
8180000 337.6179 273.7450
8190000 329.2488 256.0859
8200000 337.4335 264.2062
8210000 338.1252 277.9720
8220000 325.4921 263.8146
8230000 331.1113 260.0421
8240000 342.7889 259.4743
8250000 331.2789 262.1513
8260000 339.1765 259.0128
8270000 342.8596 255.1109
8280000 344.4512 244.0198
8290000 351.5678 252.7894
8300000 347.8830 251.6732
8310000 326.5420 256.4498
8320000 353.2435 256.3930
8330000 335.0657 253.0673
8340000 332.2768 244.3800
8350000 352.5269 252.1665
8360000 340.7258 245.8047
8370000 326.5544 267.3844
8380000 339.1847 260.8477
8390000 331.7179 259.8979
8400000 324.7735 262.1587
8410000 335.2143 266.8393
8420000 343.9352 263.1412
8430000 324.7380 259.3496
8440000 318.9086 256.5159
8450000 321.5229 253.1440
8460000 321.0811 263.5563
8470000 302.4315 266.0967
8480000 315.3771 262.1825
8490000 312.5398 250.1532
8500000 325.9776 260.7956
8510000 335.6487 262.9198
8520000 316.7557 261.9743
8530000 327.0867 266.0016
8540000 327.8483 256.3989
8550000 347.6540 261.2242
8560000 336.8643 259.9807
8570000 344.6887 253.6084
8580000 338.1196 278.0603
8590000 317.6730 260.2316
8600000 324.1720 262.4443
8610000 338.4250 270.5958
8620000 340.6310 265.2652
8630000 310.9513 269.4337
8640000 315.8465 261.6345
8650000 333.0738 259.9440
8660000 353.5943 257.7603
8670000 346.1372 260.0731
8680000 319.7272 259.4545
8690000 333.5244 275.8972
8700000 318.3774 262.9365
8710000 341.2876 250.6886
8720000 333.2041 254.8957
8730000 316.2739 261.7627
8740000 315.1588 257.7938
8750000 328.1928 256.9195
8760000 331.6914 252.5971
8770000 348.4516 263.6059
8780000 336.9085 258.4684
8790000 330.8522 274.4200
8800000 337.2887 267.1370
8810000 354.9473 265.8971
8820000 342.2311 249.6356
8830000 330.2874 251.8665
8840000 318.2463 267.4217
8850000 316.5901 275.1482
8860000 341.9475 264.5388
8870000 346.2121 265.9179
8880000 360.3189 250.3835
8890000 351.1221 251.1148
8900000 344.5140 253.0608
8910000 345.9737 250.9118
8920000 348.5589 254.4402
8930000 348.5815 257.7779
8940000 329.1386 258.3326
8950000 350.7612 264.5223
8960000 323.3438 262.8503
8970000 316.7931 260.3001
8980000 338.1984 262.4584
8990000 348.0350 263.1526
9000000 352.1517 264.3296
9010000 343.9901 263.1261
9020000 320.8460 255.2015
9030000 336.9588 253.6452
9040000 344.7415 245.4176
9050000 327.0116 242.9630
9060000 350.6742 251.9119
9070000 346.8154 250.4248
9080000 333.6710 254.6941
9090000 338.1302 249.2028
9100000 347.0008 256.4141
9110000 341.1846 252.7111
9120000 326.8319 260.1131
9130000 339.7387 251.0893
9140000 347.0716 250.6530
9150000 343.6240 255.1543
9160000 326.0548 254.0282
9170000 349.8565 257.6481
9180000 333.1604 271.1225
9190000 312.0479 278.2135
9200000 317.3326 264.1336
9210000 305.8835 248.4054
9220000 328.1883 246.4129
9230000 335.4163 248.4454
9240000 339.5341 250.1188
9250000 338.8491 252.5436
9260000 356.7930 250.0888
9270000 366.1528 263.3783
9280000 337.1784 258.4934
9290000 320.3282 268.4433
9300000 342.8972 251.7961
9310000 359.2932 252.3550
9320000 380.3173 244.2262
9330000 352.4597 250.2721
9340000 316.9327 256.5441
9350000 316.4664 255.5359
9360000 335.6076 261.6246
9370000 337.1658 251.5438
9380000 322.8072 249.0878
9390000 338.0351 250.5040
9400000 352.5885 255.9771
9410000 354.4068 263.8640
9420000 342.4104 256.7460
9430000 348.4033 254.7778
9440000 344.5010 267.2751
9450000 335.9297 272.1487
9460000 358.2339 278.1582
9470000 333.4995 265.7745
9480000 347.3540 253.4850
9490000 343.8035 256.1392
9500000 354.0168 253.9957
9510000 349.4112 256.7296
9520000 335.0812 251.0687
9530000 338.0687 265.4151
9540000 341.6264 256.2390
9550000 360.7823 256.5838
9560000 324.6878 265.0093
9570000 330.8727 255.1753
9580000 326.7436 272.0812
9590000 331.7785 269.8398
9600000 331.1335 260.3026
9610000 345.1100 247.7147
9620000 342.1474 256.5792
9630000 335.8357 262.0748
9640000 335.6258 258.2902
9650000 325.5569 258.6641
9660000 340.2854 262.8446
9670000 317.6800 258.3437
9680000 338.4735 248.6438
9690000 323.7540 244.7461
9700000 334.3571 246.0800
9710000 326.9665 246.9731
9720000 344.0022 245.0402
9730000 348.6443 258.8388
9740000 335.0001 252.7822
9750000 352.5852 244.7428
9760000 343.2166 257.4306
9770000 353.1320 259.6841
9780000 345.6444 259.3648
9790000 350.3371 253.3874
9800000 342.1431 245.0588
9810000 355.6417 252.9421
9820000 348.4835 257.7927
9830000 352.3974 240.5911
9840000 353.8947 255.4884
9850000 350.1264 252.2601
9860000 342.8463 253.3319
9870000 370.9778 249.3542
9880000 366.6810 266.3203
9890000 342.6784 267.5286
9900000 337.2636 262.0697
9910000 362.9778 257.2604
9920000 353.7837 253.0979
9930000 379.2144 259.1158
9940000 381.6967 240.3254
9950000 343.7925 246.5927
9960000 374.0908 252.6528
9970000 353.9373 251.5773
9980000 342.0138 265.6848
9990000 336.1939 247.7354
10000000 351.5825 256.2177
10010000 353.2147 255.7382
10020000 339.0265 247.3943
10030000 342.4515 253.3120
10040000 358.2793 257.5043
10050000 348.6623 254.2550
10060000 352.1338 239.6913
10070000 356.0733 252.9197
10080000 346.1672 246.4724
10090000 328.5324 254.3767
10100000 372.3579 258.6165
10110000 380.7660 254.2541
10120000 348.9064 249.2566
10130000 354.8970 252.9168
10140000 346.0800 259.6385
10150000 339.2341 252.4103
10160000 349.4895 246.7729
10170000 370.9231 244.1420
10180000 363.9844 247.2690
10190000 355.0894 239.2171
10200000 347.5185 244.3840
10210000 328.9740 240.0793
10220000 345.8932 242.4727
10230000 349.1828 248.6166
10240000 338.1345 250.8106
10250000 332.5374 258.2639
10260000 345.4907 267.5762
10270000 333.6026 252.6312
10280000 338.5839 252.8653
10290000 339.6479 266.9520
10300000 329.6259 260.3971
10310000 314.4553 241.6721
10320000 345.8128 258.9490
10330000 341.8989 252.0497
10340000 338.1103 255.6428
10350000 339.3827 251.8818
10360000 339.2911 270.0834
10370000 327.4434 262.9428
10380000 338.9089 259.0997
10390000 361.4268 255.1434
10400000 348.2910 253.3032
10410000 351.9183 249.3056
10420000 362.1873 265.3617
10430000 348.5968 257.5306
10440000 335.3278 256.7226
10450000 345.8157 247.6176
10460000 354.7205 254.7520
10470000 337.7846 266.0768
10480000 341.0832 265.4697
10490000 357.0491 262.4955
10500000 357.9808 247.8757
10510000 342.3362 249.9579
10520000 331.8141 265.8811
10530000 337.6710 247.3875
10540000 349.3553 249.7891
10550000 341.0083 266.3107
10560000 345.1813 258.3823
10570000 330.5850 269.9735
10580000 316.4184 262.2595
10590000 329.5421 253.8299
10600000 327.2035 259.4588
10610000 325.5994 254.8610
10620000 337.9243 264.8896
10630000 333.7589 258.4932
10640000 329.3618 262.0057
10650000 364.0082 264.4046
10660000 355.7591 261.3689
10670000 343.6600 254.7209
10680000 317.6967 261.4007
10690000 359.1694 264.9694
10700000 331.1667 249.9177
10710000 341.9710 247.6530
10720000 330.0993 261.4215
10730000 342.9814 263.2242
10740000 341.2173 251.9831
10750000 339.9506 259.0247
10760000 349.9902 267.4630
10770000 329.5948 270.5143
10780000 326.0915 263.3483
10790000 334.7533 262.8525
10800000 324.1041 266.6618
10810000 344.8458 258.5439
10820000 326.5961 269.6675
10830000 341.8923 267.5386
10840000 355.0171 268.1903
10850000 339.4340 264.8564
10860000 366.8077 260.0087
10870000 342.2102 255.5230
10880000 329.6946 261.9341
10890000 335.0739 258.4778
10900000 329.3756 254.8311
10910000 354.3132 250.3876
10920000 348.1072 248.8202
10930000 341.6994 246.2548
10940000 332.4320 269.9953
10950000 337.0313 264.5860
10960000 331.8776 265.1000
10970000 322.5647 251.7239
10980000 344.2489 261.4991
10990000 350.8995 258.4108
11000000 333.6361 254.1242
11010000 344.9416 255.7606
11020000 354.6838 268.2537
11030000 350.4799 258.5019
11040000 348.9613 251.5318
11050000 343.4406 249.8968
11060000 344.6975 257.4180
11070000 354.5275 265.0382
11080000 368.5107 257.2055
11090000 345.8021 259.6996
11100000 335.4857 244.1249
11110000 332.6434 257.9107
11120000 334.2642 250.0956
11130000 337.0914 260.8513
11140000 322.7179 258.2113
11150000 350.7433 251.5248
11160000 342.0084 251.5772
11170000 325.2165 257.2456
11180000 339.7293 247.0104
11190000 330.8543 250.1177
11200000 333.8234 257.1789
11210000 341.4539 253.4846
11220000 334.0372 256.9550
11230000 322.2866 256.1578
11240000 337.1449 239.5503
11250000 341.8296 256.4545
11260000 346.5817 253.6942
11270000 343.0872 265.2887
11280000 351.2326 256.6047
11290000 326.1315 253.8040
11300000 332.3133 265.6094
11310000 327.4366 257.8614
11320000 326.1183 252.8571
11330000 321.3818 247.7942
11340000 330.0615 257.3063
11350000 321.1968 243.3273
11360000 337.7975 258.2490
11370000 329.7113 255.6610
11380000 322.1578 263.7906
11390000 342.3120 275.2995
11400000 339.2044 271.1695
11410000 341.5314 265.3910
11420000 353.2402 266.4729
11430000 351.5636 273.6557
11440000 355.2422 257.0065
11450000 352.3604 265.2872
11460000 353.4733 264.3894
11470000 347.0477 257.4357
11480000 342.5280 266.5579
11490000 336.1734 263.8088
11500000 331.0595 243.0712
11510000 334.7446 239.7964
11520000 344.3565 256.3158
11530000 329.5071 256.6860
11540000 323.7101 264.7489
11550000 326.3125 264.8213
11560000 326.1828 279.6113
11570000 348.2190 270.0068
11580000 364.0849 270.9307
11590000 367.4915 261.8182
11600000 367.4352 259.1842
11610000 355.2860 250.5731
11620000 345.6905 250.8922
11630000 359.9633 238.4087
11640000 356.8476 253.6138
11650000 337.9963 246.0866
11660000 336.6681 258.8211
11670000 337.2462 248.8356
11680000 356.1519 252.6583
11690000 332.1477 252.9654
11700000 361.3630 253.8326
11710000 361.4930 253.1683
11720000 360.2122 255.9279
11730000 366.1153 254.2206
11740000 342.6573 255.0993
11750000 349.5328 259.7252
11760000 351.6149 255.8373
11770000 332.9875 265.7533
11780000 350.0465 256.0912
11790000 340.4769 256.7579
11800000 349.3394 254.7373
11810000 335.0431 253.0883
11820000 332.7796 254.1853
11830000 333.8524 260.3325
11840000 341.8919 268.4645
11850000 333.6929 255.1972
11860000 343.6821 263.0430
11870000 341.9020 264.1162
11880000 341.9617 248.4873
11890000 362.9648 249.2295
11900000 353.4138 244.4576
11910000 338.2996 261.8249
11920000 342.7597 256.4875
11930000 327.8552 251.6805
11940000 324.8810 247.7863
11950000 334.1838 245.8145
11960000 341.4143 263.3027
11970000 323.6171 266.3666
11980000 343.8806 270.6587
11990000 324.2362 248.9832
12000000 325.4419 254.1019
12010000 334.1496 246.9435
12020000 326.9935 264.8805
12030000 324.4976 265.6256
12040000 347.4952 272.4037
12050000 347.9435 260.2109
12060000 335.0286 248.2473
12070000 309.8909 261.8779
12080000 313.2389 245.1036
12090000 322.7150 258.5554
12100000 331.7796 264.0411
12110000 322.1752 264.6962
12120000 341.7444 246.2927
12130000 324.6586 261.8970
12140000 315.8697 261.8949
12150000 322.6606 259.3289
12160000 319.3523 253.7986
12170000 330.2589 254.2947
12180000 333.3249 249.0058
12190000 317.0077 263.6282
12200000 310.2838 256.2017
12210000 325.0118 256.9432
12220000 338.7055 254.3721
12230000 332.0223 257.0608
12240000 327.4439 249.4971
12250000 327.3813 259.5119
12260000 332.8647 261.5726
12270000 345.8962 250.4492
12280000 335.7363 251.3591
12290000 332.0252 263.2692
12300000 353.1847 258.6232
12310000 361.3002 246.0742
12320000 321.7047 260.0702
12330000 348.8645 260.1488
12340000 354.7818 274.4560
12350000 344.9224 256.3340
12360000 323.3766 263.9007
12370000 330.6141 259.1154
12380000 332.0851 259.0194
12390000 336.0181 257.7459
12400000 339.0441 260.5774
12410000 325.9959 260.7646
12420000 327.0887 262.3971
12430000 320.4040 261.9982
12440000 337.7293 252.5159
12450000 344.6853 268.2005
12460000 328.4542 255.7450
12470000 316.2983 268.9044
12480000 317.9279 257.6998
12490000 322.9267 242.5561
12500000 321.5015 246.7008
12510000 319.4652 244.3687
12520000 332.1881 255.3973
12530000 334.1390 255.8162
12540000 312.0616 248.6607
12550000 353.6141 261.0044
12560000 353.1833 258.9139
12570000 345.9876 258.0181
12580000 337.6961 261.8859
12590000 345.9884 265.5184
12600000 336.4305 256.7525
12610000 352.1929 257.4045
12620000 344.9100 255.5458
12630000 351.3569 257.3844
12640000 343.0450 275.6654
12650000 326.0763 250.5471
12660000 329.6583 265.8939
12670000 344.9392 257.8207
12680000 344.4106 265.8722
12690000 327.6861 244.1507
12700000 306.7407 255.6858
12710000 333.4012 256.9521
12720000 329.4693 259.1142
12730000 317.5565 244.1945
12740000 315.9198 253.5479
12750000 313.9574 268.5969
12760000 296.9586 260.6323
12770000 316.0773 256.5976
12780000 327.1458 252.1210
12790000 309.4358 266.1319
12800000 319.9273 256.9761
12810000 321.1533 264.6809
12820000 322.3525 253.5537
12830000 337.4111 251.9740
12840000 345.1075 250.5248
12850000 314.9066 250.6805
12860000 321.5813 263.7864
12870000 314.9442 256.8575
12880000 320.5852 259.7665
12890000 335.6467 254.5367
12900000 347.5171 247.0027
12910000 319.6894 261.5317
12920000 320.3130 256.9205
12930000 321.2454 255.9762
12940000 344.8763 253.2802
12950000 362.5643 253.6150
12960000 333.2719 255.3124
12970000 310.8619 257.6026
12980000 324.6984 242.7770
12990000 337.9557 252.5703
13000000 344.4062 263.7255
13010000 331.8980 275.4698
13020000 329.2629 258.8854
13030000 329.5182 262.2184
13040000 326.3554 251.3161
13050000 338.7838 258.6822
13060000 340.6206 266.8825
13070000 339.1075 269.7476
13080000 312.8027 263.2086
13090000 303.1061 266.3807
13100000 324.3113 249.5277
13110000 364.6531 270.7073
13120000 340.4186 263.0358
13130000 346.7177 257.6243
13140000 346.0754 259.8983
13150000 342.9984 264.6341
13160000 359.9737 248.6580
13170000 329.9483 242.3133
13180000 355.1309 245.4948
13190000 335.2355 252.5096
13200000 336.6279 260.4031
13210000 354.1637 261.2489
13220000 336.1757 275.4502
13230000 336.9944 257.3662
13240000 352.4621 267.2833
13250000 333.6048 264.7056
13260000 334.9469 261.3933
13270000 330.5016 260.7752
13280000 326.2046 256.2738
13290000 329.7782 247.4668
13300000 328.0398 260.1610
13310000 342.7218 259.5438
13320000 353.4933 263.7631
13330000 319.1764 268.3364
13340000 320.7464 262.6404
13350000 334.4083 263.2981
13360000 337.0061 257.9915
13370000 348.1600 248.5158
13380000 343.8340 254.5620
13390000 334.0877 259.6210
13400000 338.4698 270.6568
13410000 329.6667 269.6489
13420000 333.8129 263.9338
13430000 350.6903 256.5793
13440000 348.7236 258.2810
13450000 351.3851 250.0676
13460000 356.3650 242.0427
13470000 365.6202 271.5599
13480000 340.1054 263.0746
13490000 328.0430 273.8035
13500000 332.3347 271.3852
13510000 334.4465 260.8427
13520000 345.9734 257.2897
13530000 349.1909 262.5056
13540000 340.6167 262.2274
13550000 333.6922 253.4001
13560000 346.7916 258.1115
13570000 331.1337 270.5614
13580000 354.3203 256.6404
13590000 339.0045 279.5432
13600000 346.6994 258.6129
13610000 353.7140 252.2193
13620000 352.7098 260.1960
13630000 345.0017 257.4601
13640000 332.0704 256.5357
13650000 322.9179 260.1587
13660000 319.0913 269.5525
13670000 328.8792 264.9872
13680000 323.2026 254.6687
13690000 321.9115 256.3137
13700000 325.4992 263.7838
13710000 363.0466 243.4622
13720000 338.7731 259.8960
13730000 340.5448 273.2887
13740000 336.5324 268.2920
13750000 329.0123 253.3905
13760000 334.4219 262.7862
13770000 334.4430 254.4156
13780000 327.1150 262.8217
13790000 352.0606 260.1652
13800000 316.4276 272.2329
13810000 328.1984 248.8283
13820000 344.0873 250.0592
13830000 343.2357 254.8804
13840000 343.4893 249.9674
13850000 346.3424 249.2341
13860000 361.7086 270.9655
13870000 341.5650 259.1848
13880000 347.5049 254.7813
13890000 341.9983 268.6852
13900000 352.5102 264.9553
13910000 335.9424 263.4555
13920000 349.1356 263.5220
13930000 364.3970 261.9156
13940000 333.7261 263.2391
13950000 345.6644 258.5580
13960000 358.0681 253.5890
13970000 349.7020 250.0776
13980000 334.5354 249.5969
13990000 326.4739 260.3768
14000000 328.8935 251.6842
14010000 337.5935 265.1054
14020000 329.6051 258.6589
14030000 331.3911 241.7644
14040000 344.5214 242.6286
14050000 336.9169 251.4348
14060000 340.6059 254.5060
14070000 349.3795 252.3224
14080000 335.0406 251.0148
14090000 340.2127 254.6482
14100000 337.5784 251.2198
14110000 332.2260 256.4061
14120000 347.7011 256.0082
14130000 345.8212 256.8212
14140000 336.0243 243.0538
14150000 332.5562 245.2084
14160000 313.6901 258.7933
14170000 327.4930 258.4530
14180000 340.0668 262.6933
14190000 346.9319 252.9250
14200000 333.0352 271.7722
14210000 357.4688 256.5570
14220000 325.8854 254.7032
14230000 352.6192 259.0095
14240000 352.8534 260.2276
14250000 348.1046 255.6585
14260000 346.7966 250.0397
14270000 350.8290 260.7076
14280000 344.7425 254.8238
14290000 327.3980 254.3357
14300000 319.3783 259.2962
14310000 334.4822 252.1489
14320000 337.9801 263.0268
14330000 328.6737 256.2348
14340000 335.2205 262.1098
14350000 322.5942 263.8492
14360000 330.2471 257.9634
14370000 320.4243 258.7556
14380000 332.7316 256.7611
14390000 340.4376 248.6656
14400000 344.6615 259.8303
14410000 333.6776 252.6132
14420000 341.7273 257.7161
14430000 319.2003 268.1195
14440000 335.3005 260.4055
14450000 337.8625 275.3491
14460000 338.5028 273.5941
14470000 349.7585 266.3936
14480000 323.8127 269.2709
14490000 345.9689 262.6434
14500000 335.5546 266.3030
14510000 336.9138 254.4826
14520000 360.6088 252.1576
14530000 331.9939 256.7014
14540000 333.2277 269.2517
14550000 330.0862 276.4443
14560000 321.9143 254.9742
14570000 342.4887 259.9882
14580000 333.5125 273.0324
14590000 345.5804 270.9258
14600000 342.2108 268.4137
14610000 317.5000 274.5896
14620000 320.3431 251.9607
14630000 341.1875 265.8885
14640000 329.2950 269.8229
14650000 326.0942 272.0623
14660000 312.4126 279.7036
14670000 306.7481 273.7563
14680000 321.5461 278.1973
14690000 341.5862 272.3277
14700000 340.8830 257.5902
14710000 336.3438 275.5209
14720000 330.1940 263.3162
14730000 343.2990 268.4717
14740000 319.9904 276.5374
14750000 330.8832 275.6069
14760000 340.4418 277.7788
14770000 317.8205 267.5245
14780000 319.7544 261.5698
14790000 327.3274 265.2316
14800000 328.9760 264.9997
14810000 324.4682 269.5264
14820000 321.4968 262.7086
14830000 326.6359 256.6457
14840000 336.1380 259.7523
14850000 327.1205 265.5856
14860000 328.5078 256.0044
14870000 327.9107 271.1050
14880000 326.5230 272.0698
14890000 321.1293 259.9517
14900000 330.0731 269.1333
14910000 335.6887 258.6577
14920000 342.4545 259.7029
14930000 316.5826 259.4592
14940000 322.8028 250.7864
14950000 337.1947 252.6957
14960000 313.7763 255.7789
14970000 335.6166 262.6919
14980000 322.9371 266.5585
14990000 323.2593 264.9124
15000000 328.4177 266.2924
15010000 322.4059 273.7046
15020000 328.5025 261.3899
15030000 334.7810 252.9751
15040000 316.2121 253.4545
15050000 305.6913 274.4630
15060000 321.4308 279.1890
15070000 321.3020 259.5328
15080000 311.8858 253.6192
15090000 319.5074 266.0561
15100000 339.5331 275.9629
15110000 344.8775 273.6483
15120000 344.3042 270.0585
15130000 326.3983 265.7676
15140000 333.0470 272.9004
15150000 333.8100 275.3035
15160000 332.8915 253.9055
15170000 321.5167 257.6863
15180000 322.9815 264.1519
15190000 327.2999 260.8576
15200000 328.5053 266.0178
15210000 314.5588 257.1301
15220000 328.8667 265.9988
15230000 340.5754 261.0404
15240000 325.3251 256.2845
15250000 325.8564 269.4203
15260000 345.4486 252.4844
15270000 323.3564 261.7203
15280000 331.5941 260.0245
15290000 348.7099 252.6999
15300000 352.6052 268.3581
15310000 356.5503 253.4079
15320000 346.2775 268.5461
15330000 335.7582 271.8792
15340000 358.0283 277.1644
15350000 355.2638 269.5266
15360000 325.9524 257.4698
15370000 330.0650 246.3358
15380000 344.9673 255.1085
15390000 325.1639 259.0708
15400000 334.9840 265.6597
15410000 330.4391 265.2302
15420000 324.8572 267.6816
15430000 341.8716 258.0929
15440000 345.4749 263.7376
15450000 338.0707 251.6307
15460000 316.2346 250.7165
15470000 336.4443 252.8105
15480000 342.9824 252.0961
15490000 322.4815 259.7874
15500000 323.6015 257.0612
15510000 319.2636 250.3073
15520000 336.9593 264.4572
15530000 339.1832 263.3940
15540000 347.0949 256.2731
15550000 332.8500 249.0637
15560000 333.2223 257.3914
15570000 334.4590 270.0757
15580000 310.0795 269.6893
15590000 339.4708 277.7808
15600000 320.1388 263.6723
15610000 324.0320 253.1010
15620000 344.4124 252.1156
15630000 343.2798 261.3896
15640000 316.4465 262.9028
15650000 323.4624 260.1520
15660000 327.0970 261.4010
15670000 329.0629 251.6700
15680000 332.3647 251.8362
15690000 334.1965 253.5604
15700000 335.0204 253.5416
15710000 333.4643 251.0872
15720000 327.7791 254.1906
15730000 349.3990 256.7063
15740000 332.7288 280.7121
15750000 344.8301 270.3680
15760000 356.9446 270.0450
15770000 332.3227 265.7833
15780000 333.4085 273.0966
15790000 341.8336 266.3862
15800000 331.0841 256.1896
15810000 330.5868 266.0040
15820000 342.1270 251.1692
15830000 310.3095 259.1821
15840000 336.7393 256.1352
15850000 309.6984 258.5049
15860000 331.4380 261.7118
15870000 341.9997 257.5665
15880000 328.8653 270.5565
15890000 323.2157 280.3952
15900000 329.5748 274.7663
15910000 331.4257 270.3872
15920000 319.8249 260.6966
15930000 347.2460 260.1202
15940000 322.8063 258.8462
15950000 343.1234 259.8576
15960000 356.8698 246.8067
15970000 323.1974 264.2023
15980000 323.2909 265.5716
15990000 330.8758 256.3065
16000000 333.6738 244.1464
16010000 326.1750 245.5815
16020000 320.7755 261.6890
16030000 357.6096 274.6250
16040000 327.4535 242.3676
16050000 324.6278 246.8320
16060000 337.3971 255.1604
16070000 315.8904 268.7657
16080000 351.2122 254.8250
16090000 345.7605 262.1850
16100000 339.3510 259.4524
16110000 324.8543 252.3756
16120000 341.8385 258.7061
16130000 336.9494 258.1007
16140000 343.9698 279.2100
16150000 354.2246 274.4482
16160000 345.4255 270.0674
16170000 333.6534 272.9813
16180000 324.0501 267.4374
16190000 342.5036 269.0169
16200000 327.1731 259.1435
16210000 319.6160 248.3061
16220000 329.6622 252.1135
16230000 340.3955 257.7760
16240000 341.4015 256.6719
16250000 338.8157 255.2255
16260000 355.3363 254.7128
16270000 342.0694 255.8223
16280000 349.8545 262.4504
16290000 358.3905 266.7690
16300000 326.7992 267.3372
16310000 327.4040 256.2520
16320000 329.3189 278.7301
16330000 339.0188 267.0103
16340000 330.6106 252.0805
16350000 334.7778 245.8568
16360000 332.1421 272.5569
16370000 348.2886 258.2494
16380000 344.3890 266.4260
16390000 355.1248 260.1087
16400000 350.0493 254.7708
16410000 352.0831 254.3973
16420000 338.9137 252.7856
16430000 312.4567 265.8721
16440000 315.5353 255.5798
16450000 321.9796 258.8499
16460000 329.0503 260.0641
16470000 338.2854 251.8419
16480000 345.5222 247.2027
16490000 331.7209 252.5639
16500000 348.0231 250.4755
16510000 346.8154 247.4601
16520000 335.0795 256.5259
16530000 336.7367 258.8871
16540000 328.9059 256.0681
16550000 324.4573 255.1861
16560000 333.6987 265.4193
16570000 337.0387 252.7223
16580000 327.2221 258.0713
16590000 335.3898 243.6111
16600000 333.5211 256.8605
16610000 336.0850 261.3942
16620000 325.1719 258.0018
16630000 348.2680 270.8274
16640000 350.0317 269.2278
16650000 343.9895 257.1464
16660000 341.9102 261.8952
16670000 345.1552 259.6845
16680000 349.6075 264.5877
16690000 341.6658 264.5616
16700000 333.1468 259.0471
16710000 363.4561 254.7664
16720000 336.0187 262.9505
16730000 350.3154 273.9500
16740000 345.9922 264.3659
16750000 331.8718 248.0961
16760000 336.7754 264.1448
16770000 338.6179 259.1429
16780000 330.9507 259.7572
16790000 338.6316 271.9294
16800000 341.6190 270.4369
16810000 368.3971 251.6369
16820000 342.8311 268.3287
16830000 346.6088 268.3325
16840000 341.6323 258.2654
16850000 328.0948 270.8923
16860000 314.3880 260.8365
16870000 331.6320 262.4851
16880000 331.4835 272.4018
16890000 333.6044 263.7248
16900000 337.8167 271.6352
16910000 318.8143 268.0527
16920000 348.3354 251.9036
16930000 352.8997 242.0047
16940000 323.5489 248.8143
16950000 322.0656 268.3860
16960000 326.4304 263.1823
16970000 319.2890 251.0964
16980000 356.5960 263.8476
16990000 337.2353 240.3573
17000000 348.2431 245.7552
17010000 358.0606 262.9510
17020000 349.3366 259.5299
17030000 340.6675 253.3682
17040000 322.8137 250.5193
17050000 335.5715 255.2430
17060000 331.1101 258.0552
17070000 346.4323 253.9062
17080000 325.3304 250.1659
17090000 334.8878 252.0778
17100000 344.4847 263.6404
17110000 333.4096 244.7566
17120000 347.5224 266.1410
17130000 318.6382 253.2601
17140000 348.5253 255.5572
17150000 331.7947 250.5354
17160000 343.0933 250.7762
17170000 345.4896 258.6508
17180000 329.6395 265.0867
17190000 330.2671 266.4042
17200000 335.2534 261.1205
17210000 355.5688 263.9495
17220000 341.9008 263.1110
17230000 350.8599 259.9110
17240000 322.6960 274.1294
17250000 331.1253 262.3553
17260000 336.3584 253.9712
17270000 349.5279 263.1321
17280000 329.9501 265.0122
17290000 344.4291 276.1038
17300000 324.7613 263.6917
17310000 335.4709 256.9952
17320000 352.3169 253.4717
17330000 333.7916 261.9800
17340000 342.4029 256.8805
17350000 339.9487 260.1723
17360000 332.1277 256.1287
17370000 356.2445 250.0609
17380000 339.7215 251.1310
17390000 328.1564 272.7961
17400000 336.7113 264.6618
17410000 342.4447 259.0809
17420000 320.4476 257.7820
17430000 337.3565 263.9594
17440000 349.6722 259.1421
17450000 341.9152 257.2014
17460000 340.1095 257.3222
17470000 347.0538 257.6119
17480000 338.0831 250.8508
17490000 327.1700 252.7688
17500000 343.0167 252.5362
17510000 339.7718 271.8167
17520000 327.3872 270.3222
17530000 356.6172 258.8547
17540000 337.7777 259.2509
17550000 346.1039 253.2914
17560000 358.7798 255.6702
17570000 338.0452 251.4416
17580000 352.4037 265.3569
17590000 334.7696 268.8907
17600000 341.3537 261.7570
17610000 324.5622 255.4366
17620000 332.4671 259.1288
17630000 304.3371 270.2494
17640000 312.0331 265.1372
17650000 336.9092 264.1352
17660000 321.3771 263.2519
17670000 330.2947 263.0608
17680000 338.1613 255.5758
17690000 360.9067 249.3813
17700000 355.5099 270.4885
17710000 331.4396 265.6709
17720000 342.3708 246.1408
17730000 338.0993 246.2992
17740000 359.1349 254.0888
17750000 332.7717 249.6295
17760000 332.1214 264.0164
17770000 347.5804 237.6403
17780000 340.6701 249.1775
17790000 354.3529 254.1388
17800000 333.8080 250.4265
17810000 327.9774 256.6748
17820000 331.8536 256.0305
17830000 331.4577 262.2456
17840000 361.1699 248.6921
17850000 327.6444 258.8033
17860000 315.9968 255.9379
17870000 345.5792 257.4015
17880000 351.0223 258.1134
17890000 338.5495 255.0146
17900000 327.3700 255.3502
17910000 323.4800 251.6190
17920000 323.3456 259.3676
17930000 338.9521 263.3344
17940000 327.6994 262.4274
17950000 330.8511 267.2710
17960000 324.2732 266.0025
17970000 339.6083 256.0770
17980000 318.6962 253.5194
17990000 343.8846 256.6440
18000000 332.5281 262.4685
18010000 314.3493 269.4198
18020000 323.9345 249.2635
18030000 322.8431 256.7417
18040000 331.7544 259.6714
18050000 329.8332 258.3794
18060000 328.6079 262.5024
18070000 322.9278 256.5386
18080000 325.2591 248.3434
18090000 339.5062 256.8983
18100000 343.6296 253.3109
18110000 342.7319 254.6166
18120000 330.3875 262.8990
18130000 354.7035 253.3334
18140000 343.6163 263.4606
18150000 346.7668 268.3212
18160000 335.3778 259.6381
18170000 312.7117 256.0568
18180000 344.8151 262.2244
18190000 319.9187 261.5771
18200000 328.8895 253.3818
18210000 344.2634 254.4958
18220000 336.3539 252.0856
18230000 320.1305 269.1060
18240000 346.2872 266.8839
18250000 359.5343 257.6417
18260000 348.9336 261.5916
18270000 338.2649 249.7102
18280000 359.8099 250.3879
18290000 361.1336 267.0983
18300000 351.5591 269.3971
18310000 342.2482 253.6614
18320000 341.5283 259.2237
18330000 329.2672 259.2763
18340000 343.2217 265.8080
18350000 355.8134 256.7076
18360000 341.3100 256.9880
18370000 348.8319 254.8512
18380000 342.7269 254.4149
18390000 349.5914 253.9689
18400000 356.4357 247.9094
18410000 328.4707 272.8298
18420000 335.5077 261.8059
18430000 354.9096 285.0034
18440000 340.9697 277.1448
18450000 328.9969 260.0646
18460000 336.5152 255.4048
18470000 365.9137 265.9043
18480000 349.5752 264.9638
18490000 340.3355 246.1655
18500000 341.0308 250.8774
18510000 328.9787 251.2359
18520000 326.7585 258.5136
18530000 316.3830 261.5677
18540000 328.9701 254.3026
18550000 333.0966 260.5753
18560000 317.3248 248.4092
18570000 321.8071 251.5895
18580000 329.0832 247.7551
18590000 343.8150 243.9627
18600000 337.7416 261.7344
18610000 342.2731 254.6248
18620000 343.9144 262.2437
18630000 349.0191 259.5635
18640000 359.8050 254.4481
18650000 338.5819 272.4030
18660000 344.6676 286.6761
18670000 334.6927 254.1121
18680000 326.3065 271.0726
18690000 336.7974 263.2295
18700000 331.2365 281.1163
18710000 354.5445 264.0155
18720000 336.5998 272.4795
18730000 366.7538 264.1550
18740000 353.5380 256.3009
18750000 371.4706 259.3489
18760000 345.2299 269.0459
18770000 323.0849 260.1412
18780000 330.1027 273.9341
18790000 332.5196 258.0373
18800000 334.8815 254.6216
18810000 334.3775 259.7357
18820000 323.8897 265.1555
18830000 327.4783 257.2501
18840000 340.8261 256.1378
18850000 345.7585 262.6235
18860000 333.9286 255.8198
18870000 326.8005 254.1255
18880000 323.8381 252.8024
18890000 321.2028 261.2759
18900000 346.4688 264.6923
18910000 322.3956 248.8930
18920000 321.4459 256.1137
18930000 355.6071 264.3475
18940000 334.7211 273.5561
18950000 335.8866 260.1247
18960000 332.2079 251.3326
18970000 337.8030 250.7960
18980000 315.8675 256.9065
18990000 348.5044 251.0154
19000000 344.8312 251.5606
19010000 359.1680 254.4748
19020000 334.2135 259.7354
19030000 359.3068 253.0187
19040000 363.7036 244.8817
19050000 354.7279 252.8683
19060000 349.9163 261.4708
19070000 360.2689 246.0123
19080000 358.1792 249.2668
19090000 349.7666 260.7826
19100000 324.7332 269.1068
19110000 332.6243 251.2001
19120000 332.8000 253.4527
19130000 347.5031 250.0273
19140000 352.6559 254.4570
19150000 330.0007 246.0621
19160000 326.7717 257.6949
19170000 341.2280 258.7043
19180000 328.7604 265.1289
19190000 318.0869 249.1146
19200000 319.1812 250.1878
19210000 330.2157 265.6160
19220000 340.7828 262.0470
19230000 343.8789 258.9511
19240000 351.0390 257.7343
19250000 307.0859 265.6706
19260000 312.7677 259.7528
19270000 330.6619 259.4328
19280000 346.3719 274.7176
19290000 342.5657 259.0514
19300000 344.1184 259.8416
19310000 330.1534 259.6021
19320000 350.0390 259.8048
19330000 349.0928 259.9325
19340000 329.5320 246.8684
19350000 335.8142 259.4203
19360000 339.5860 261.6381
19370000 345.3145 258.7562
19380000 327.9552 252.6009
19390000 345.1925 252.6290
19400000 330.5478 262.8896
19410000 347.7858 260.7098
19420000 343.7275 268.8246
19430000 316.7936 261.4000
19440000 317.8348 272.5131
19450000 325.5992 269.1728
19460000 329.7584 254.1215
19470000 318.5479 268.8192
19480000 343.5954 265.6373
19490000 348.4248 255.1250
19500000 331.2717 247.2027
19510000 340.3609 262.1077
19520000 362.7028 262.4549
19530000 356.2637 273.5624
19540000 348.2008 264.7408
19550000 339.3838 256.3267
19560000 346.9506 260.8217
19570000 354.2714 247.6289
19580000 327.9624 258.1893
19590000 342.7352 267.4149
19600000 339.6471 252.9570
19610000 329.6021 258.2838
19620000 340.1027 247.7571
19630000 336.0749 254.2921
19640000 324.7701 262.6516
19650000 338.1969 258.6343
19660000 331.9043 260.4392
19670000 337.0897 259.7605
19680000 351.4800 258.9987
19690000 344.1591 253.2353
19700000 330.7426 244.8948
19710000 339.7845 261.4231
19720000 328.4520 265.7358
19730000 330.1310 255.4996
19740000 353.6922 262.8471
19750000 339.1893 239.6631
19760000 346.3797 238.8200
19770000 321.4590 245.1929
19780000 335.6014 249.1893
19790000 329.8930 257.3303
19800000 323.8855 249.8438
19810000 321.3641 252.5925
19820000 305.9294 251.9567
19830000 328.3708 254.1750
19840000 314.9626 259.1323
19850000 326.1466 252.6317
19860000 306.1469 260.4488
19870000 318.0547 256.7432
19880000 327.2490 263.6274
19890000 315.0270 262.8089
19900000 323.8756 251.4259
19910000 350.7219 247.5856
19920000 360.1892 251.7040
19930000 343.0368 248.0428
19940000 356.0321 256.8814
19950000 340.4124 244.1621
19960000 346.5837 260.4079
19970000 342.5791 255.0356
19980000 320.4736 252.7018
19990000 336.1620 250.3137
20000000 325.3989 264.1391
