Step T_hot T_cold

0 0.0000 0.0000
10000 334.2464 250.2555
20000 337.9294 249.4582
30000 339.7545 258.6480
40000 339.2401 254.9045
50000 346.6457 256.6459
60000 332.0916 251.7577
70000 321.6472 256.0287
80000 327.5698 253.6755
90000 332.7275 240.8907
100000 323.5546 239.6111
110000 329.9765 251.3089
120000 327.4750 242.2559
130000 312.3763 249.1964
140000 327.5583 246.6572
150000 335.6970 248.5297
160000 332.2708 253.8935
170000 314.8861 254.8181
180000 331.9294 262.1831
190000 329.7605 263.9373
200000 319.3656 273.2388
210000 328.7123 268.8412
220000 339.3350 262.4037
230000 356.6291 277.8741
240000 356.2008 266.4785
250000 340.6268 267.0895
260000 313.5211 278.7852
270000 325.7292 271.3899
280000 325.8101 250.1788
290000 334.3271 256.8563
300000 326.1890 257.0186
310000 346.3090 254.5532
320000 329.5343 255.1710
330000 326.4083 263.9838
340000 361.9926 257.4703
350000 345.0123 256.2843
360000 350.2038 263.7536
370000 343.7956 267.7956
380000 323.0026 269.1713
390000 332.6784 262.6622
400000 335.1312 249.2294
410000 344.6593 250.2681
420000 355.7260 254.2122
430000 346.9095 253.0854
440000 335.4578 254.1021
450000 317.5543 255.9757
460000 321.6366 264.6166
470000 332.4394 269.3018
480000 342.5211 260.0968
490000 315.4516 272.2062
500000 345.2067 274.6783
510000 342.8722 269.3341
520000 363.6996 271.2689
530000 366.6910 263.5426
540000 338.9977 243.6938
550000 331.8157 267.0649
560000 335.5230 259.1591
570000 340.0510 270.6341
580000 346.5092 269.9732
590000 358.3567 263.4160
600000 347.2043 265.4139
610000 326.1649 261.5651
620000 334.7711 264.5360
630000 306.0521 270.6158
640000 315.5080 265.3132
650000 325.8842 272.7051
660000 336.6675 265.5277
670000 352.0443 266.6726
680000 338.8656 259.5383
690000 326.8418 267.3925
700000 333.2681 275.9622
710000 340.7000 254.9204
720000 324.9278 252.0086
730000 321.1819 258.9890
740000 334.7658 260.2108
750000 355.5748 253.2981
760000 347.9046 265.4409
770000 331.0273 269.0441
780000 339.1113 262.5100
790000 367.9978 258.7274
800000 352.4507 256.1747
810000 345.1228 264.4588
820000 364.6262 260.7385
830000 376.0049 256.8390
840000 361.0092 256.0534
850000 342.4831 267.4839
860000 340.3044 274.9300
870000 340.8730 262.6781
880000 324.5955 265.0245
890000 321.2028 260.1341
900000 341.3585 259.9112
910000 335.6780 268.6153
920000 339.5014 264.9949
930000 339.0271 278.0614
940000 332.8657 267.5528
950000 350.6578 256.8287
960000 333.8855 255.5509
970000 345.9008 257.4332
980000 327.2308 252.8196
990000 330.5249 260.9798
1000000 326.0281 269.6673
1010000 337.9873 267.1479
1020000 328.5792 261.7491
1030000 337.4330 269.3331
1040000 329.7369 266.0840
1050000 344.4902 253.6045
1060000 341.9236 245.7595
1070000 338.9307 245.2113
1080000 339.6901 254.5255
1090000 340.5396 254.5250
1100000 332.6733 256.1114
1110000 312.8830 249.4584
1120000 327.1129 249.1413
1130000 333.8336 264.0412
1140000 336.6126 260.9542
1150000 336.3405 262.3150
1160000 346.8772 249.5656
1170000 344.6869 253.3485
1180000 351.4089 253.7177
1190000 335.9328 248.2198
1200000 335.0288 265.3261
1210000 335.3804 260.0257
1220000 346.0516 265.4567
1230000 351.0220 258.0616
1240000 333.4378 258.6836
1250000 335.7714 257.1781
1260000 338.4621 264.5392
1270000 368.0587 270.4965
1280000 347.8843 267.9818
1290000 354.1908 261.7293
1300000 356.1694 251.3885
1310000 341.8690 255.6583
1320000 358.5661 270.1205
1330000 355.3222 251.0414
1340000 342.2446 241.7695
1350000 339.3600 255.1281
1360000 315.0498 241.7802
1370000 323.4859 239.2809
1380000 363.5962 261.2023
1390000 326.0925 261.9534
1400000 340.5890 266.4847
1410000 342.1612 262.2256
1420000 329.3345 256.6497
1430000 329.5889 260.4393
1440000 316.2052 257.6276
1450000 331.1519 258.0848
1460000 344.9017 264.6541
1470000 340.4881 269.3338
1480000 335.7573 260.9248
1490000 340.4478 273.0752
1500000 325.6970 277.8448
1510000 340.5800 264.9314
1520000 353.5041 263.8699
1530000 349.8148 271.2011
1540000 350.5523 277.6999
1550000 326.9065 263.2488
1560000 344.4236 261.2062
1570000 352.3087 257.9185
1580000 338.4051 250.9293
1590000 331.5861 245.9880
1600000 346.4042 258.7375
1610000 323.3681 253.0323
1620000 309.9309 254.0894
1630000 312.6324 246.5372
1640000 337.7524 245.8782
1650000 346.7669 246.5675
1660000 339.6286 263.7301
1670000 333.0752 262.6793
1680000 334.6632 266.8121
1690000 334.1352 260.1311
1700000 337.3449 270.2432
1710000 323.3208 252.4814
1720000 334.4886 264.2662
1730000 348.0227 271.5550
1740000 367.0802 266.8653
1750000 360.5467 262.3287
1760000 340.0089 266.7416
1770000 351.9811 260.7636
1780000 371.3062 268.7848
1790000 349.6668 262.3690
1800000 356.8934 247.8491
1810000 348.1888 240.0935
1820000 345.0403 255.0915
1830000 328.3875 254.5981
1840000 327.2139 255.4751
1850000 328.3143 259.7277
1860000 333.6655 248.8577
1870000 334.1426 261.9585
1880000 332.4097 260.3301
1890000 325.7827 268.9735
1900000 330.9563 244.6743
1910000 340.9752 253.6052
1920000 324.7679 243.1429
1930000 340.0293 242.1801
1940000 338.8359 249.9769
1950000 340.0848 242.5979
1960000 332.3352 254.6767
1970000 339.3387 257.4192
1980000 321.3855 250.3101
1990000 340.6622 255.7914
2000000 326.2887 266.1375
2010000 336.0829 254.9387
2020000 336.8276 262.6757
2030000 318.0970 261.9287
2040000 321.5020 258.6062
2050000 340.9999 254.9072
2060000 361.7216 246.3463
2070000 349.2942 248.5898
2080000 343.7289 241.8856
2090000 338.6312 256.6123
2100000 345.2819 262.6614
2110000 359.1039 255.3144
2120000 329.2105 265.5647
2130000 359.1852 253.0702
2140000 320.8505 256.3801
2150000 345.6059 273.2479
2160000 332.8241 265.3414
2170000 324.2370 268.9948
2180000 317.9673 255.3270
2190000 354.7893 259.0627
2200000 341.1728 255.4131
2210000 313.6024 256.5121
2220000 306.9077 253.9909
2230000 319.4854 256.3566
2240000 311.1892 260.1158
2250000 336.1261 250.3831
2260000 318.8058 248.3252
2270000 323.9704 266.4608
2280000 327.8727 286.3960
2290000 331.3644 264.2876
2300000 350.0061 257.6175
2310000 371.9157 274.0266
2320000 350.2850 252.9490
2330000 339.2227 260.6368
2340000 326.3088 269.5523
2350000 345.2366 270.5831
2360000 355.8087 259.4633
2370000 337.5229 256.5698
2380000 324.6199 251.2284
2390000 320.0438 259.3786
2400000 324.6592 257.7482
2410000 339.1416 267.3171
2420000 350.0933 252.4867
2430000 355.0276 250.8166
2440000 358.3459 258.4073
2450000 338.3744 265.0818
2460000 332.0404 274.3415
2470000 330.1045 265.0721
2480000 337.1846 263.9250
2490000 336.1331 265.6586
2500000 356.1390 256.4711
2510000 353.2021 274.2169
2520000 346.7685 252.4084
2530000 340.5292 245.7866
2540000 340.2003 245.8389
2550000 354.9227 258.1225
2560000 348.0140 256.1697
2570000 321.2560 254.8773
2580000 323.8489 252.0332
2590000 340.3467 253.0576
2600000 343.6431 241.1700
2610000 341.5616 242.1403
2620000 323.7269 263.1670
2630000 318.6140 251.0875
2640000 327.1130 249.8336
2650000 307.3685 246.0308
2660000 325.9811 244.6846
2670000 335.4564 235.2874
2680000 347.5860 244.3103
2690000 336.3262 254.2062
2700000 336.3287 258.6908
2710000 334.1659 256.9665
2720000 343.9350 259.9861
2730000 342.2599 255.5394
2740000 333.4454 256.5250
2750000 317.5425 268.0080
2760000 324.4973 255.1175
2770000 331.9871 262.6394
2780000 338.3166 266.9309
2790000 339.3949 270.4692
2800000 329.9185 261.1994
2810000 332.5467 252.3545
2820000 349.2088 259.3458
2830000 341.6185 259.9654
2840000 352.1630 269.0317
2850000 348.6398 252.0134
2860000 346.4623 250.8570
2870000 333.0081 252.6814
2880000 351.2210 248.5628
2890000 354.8498 250.9770
2900000 348.9181 251.3759
2910000 333.4871 259.6788
2920000 346.7681 253.2021
2930000 329.4805 257.1633
2940000 325.8759 266.6074
2950000 348.2941 260.5169
2960000 356.9282 263.9418
2970000 361.0421 259.4691
2980000 362.2834 266.1324
2990000 334.1721 276.5279
3000000 355.0924 271.7793
3010000 364.8725 262.7519
3020000 361.8810 246.7086
3030000 342.7567 256.9817
3040000 342.6437 267.1216
3050000 330.0282 262.5349
3060000 331.9861 261.6640
3070000 333.8668 256.5409
3080000 340.9089 268.8161
3090000 330.4897 255.7630
3100000 348.1737 263.4054
3110000 322.5113 256.2569
3120000 342.0337 263.0386
3130000 355.5645 267.5624
3140000 349.1381 273.2825
3150000 336.4222 277.4524
3160000 336.7384 261.5605
3170000 359.2741 258.3644
3180000 360.7778 255.4370
3190000 378.2757 253.2868
3200000 352.7875 247.5913
3210000 359.2335 248.9377
3220000 367.1651 249.6497
3230000 367.1259 252.1326
3240000 389.3578 249.8038
3250000 360.6610 242.7028
3260000 330.6561 259.3428
3270000 335.9448 249.8956
3280000 350.7717 251.7028
3290000 355.8623 252.8057
3300000 336.3555 251.0578
3310000 335.2786 245.2140
3320000 335.3619 260.8545
3330000 355.3139 254.4107
3340000 338.9732 246.2834
3350000 349.9462 266.0667
3360000 322.2838 273.3249
3370000 332.3255 257.0569
3380000 336.8726 242.0895
3390000 340.2677 251.0163
3400000 331.2560 254.4704
3410000 329.4592 246.9888
3420000 321.2151 237.4882
3430000 344.1140 253.2677
3440000 345.8593 256.6934
3450000 329.8058 242.4832
3460000 337.6358 249.8515
3470000 349.6275 257.8678
3480000 366.4888 256.5310
3490000 349.4126 259.0889
3500000 354.4858 269.3767
3510000 361.9897 270.9239
3520000 352.6670 277.6329
3530000 353.3766 258.4117
3540000 347.6307 253.5402
3550000 330.7856 241.8031
3560000 366.9197 255.1566
3570000 344.7201 261.6379
3580000 351.6938 270.5938
3590000 327.7755 249.2928
3600000 345.3010 255.5427
3610000 321.9312 267.3040
3620000 327.4916 282.3122
3630000 345.0923 264.3823
3640000 344.8145 264.0429
3650000 349.0139 264.3267
3660000 331.3908 252.5145
3670000 342.2912 262.6739
3680000 342.5389 257.7005
3690000 355.7145 256.0273
3700000 339.0994 262.5179
3710000 325.4467 260.0548
3720000 357.0129 251.4633
3730000 333.7584 260.7226
3740000 346.0046 260.8972
3750000 364.4116 261.8660
3760000 343.9772 249.9914
3770000 346.0353 263.3875
3780000 349.8928 262.0455
3790000 331.1048 266.0036
3800000 335.2884 264.7737
3810000 337.4291 258.3209
3820000 347.8815 252.3559
3830000 356.3814 250.2090
3840000 348.6935 267.0581
3850000 345.5220 272.3982
3860000 314.8899 257.1613
3870000 341.6627 253.8502
3880000 337.3994 257.7369
3890000 344.6408 250.1898
3900000 335.0673 256.0560
3910000 354.0853 255.3818
3920000 338.8968 264.4236
3930000 332.1019 254.8012
3940000 331.5379 247.2454
3950000 325.2100 248.8035
3960000 346.8975 252.9946
3970000 302.0958 241.8763
3980000 327.5723 247.8804
3990000 340.9404 246.1274
4000000 342.2953 246.2909
4010000 333.3063 250.3195
4020000 331.6517 248.1963
4030000 329.4946 243.6724
4040000 344.2164 260.0284
4050000 351.5700 248.1388
4060000 355.2647 242.8476
4070000 342.9779 249.3812
4080000 332.9688 263.8301
4090000 326.1602 277.9161
4100000 318.7603 250.4987
4110000 336.6562 260.0086
4120000 343.8798 260.9586
4130000 334.2876 269.2869
4140000 336.1749 250.9113
4150000 348.4536 260.3987
4160000 348.5059 258.9385
4170000 323.9020 266.1270
4180000 349.7667 237.7219
4190000 319.6999 245.2856
4200000 355.5123 253.4041
4210000 341.6663 266.2108
4220000 329.4797 269.2489
4230000 340.2776 271.8408
4240000 356.7147 266.8563
4250000 349.1882 261.5721
4260000 346.8991 272.3637
4270000 357.3513 263.8490
4280000 334.3199 254.8176
4290000 341.7454 250.4175
4300000 335.2970 261.4169
4310000 333.4675 256.3218
4320000 319.2277 259.7152
4330000 332.3879 269.9241
4340000 343.5714 257.0882
4350000 350.2752 248.3204
4360000 346.2783 245.4948
4370000 340.9658 232.5670
4380000 318.1144 258.3676
4390000 324.5527 250.5463
4400000 353.2425 255.8716
4410000 354.6710 235.4957
4420000 344.3935 248.5705
4430000 341.4419 255.6634
4440000 344.3182 249.8949
4450000 349.5881 258.8961
4460000 348.1938 264.2329
4470000 320.8398 261.2600
4480000 342.3829 274.7392
4490000 363.4743 264.9030
4500000 345.3380 260.4880
4510000 342.5378 265.0941
4520000 335.5366 265.4559
4530000 337.1271 265.4005
4540000 348.6885 262.8396
4550000 343.1196 261.3002
4560000 342.8131 263.5132
4570000 360.9375 271.5382
4580000 365.0456 268.2051
4590000 339.1182 267.7874
4600000 333.2412 268.0946
4610000 328.7930 254.8312
4620000 336.6053 264.7306
4630000 327.6319 259.3857
4640000 334.4700 267.9478
4650000 334.5087 271.4286
4660000 328.9759 271.1323
4670000 354.3758 263.6477
4680000 328.7520 258.8211
4690000 329.0220 258.1618
4700000 339.2917 246.9778
4710000 323.3587 256.1408
4720000 342.4790 253.7349
4730000 344.6604 255.7765
4740000 357.1341 259.5958
4750000 340.8513 262.5148
4760000 353.7963 238.3546
4770000 358.5478 252.1542
4780000 335.6793 256.5905
4790000 332.2540 265.3831
4800000 330.6533 254.8800
4810000 325.9940 266.2165
4820000 330.5616 266.4626
4830000 334.0851 244.6238
4840000 349.2225 260.5393
4850000 332.5271 263.4684
4860000 335.4639 263.3607
4870000 360.6912 275.7482
4880000 346.0106 264.4233
4890000 327.6876 252.5374
4900000 326.9842 250.6859
4910000 332.2817 260.6369
4920000 329.9382 265.8649
4930000 337.1048 266.4362
4940000 315.5686 264.2660
4950000 325.4914 259.6065
4960000 326.4744 260.4188
4970000 351.9896 271.1765
4980000 344.5900 258.6528
4990000 328.2435 253.4613
5000000 334.4460 259.0716
5010000 328.2830 262.3490
5020000 352.1472 242.4170
5030000 333.9119 262.8858
5040000 318.8992 266.3131
5050000 332.2986 272.3046
5060000 328.0571 258.5808
5070000 350.1421 262.2683
5080000 331.3032 266.6409
5090000 353.0622 270.2848
5100000 355.0462 282.2601
5110000 363.6524 265.1022
5120000 355.2024 271.1660
5130000 364.6976 268.5480
5140000 367.1524 255.6462
5150000 352.9218 246.0613
5160000 362.6833 258.9275
5170000 359.9745 270.1489
5180000 332.8130 262.2481
5190000 347.5717 255.4651
5200000 329.2689 263.4861
5210000 323.2317 257.4193
5220000 342.6181 256.8321
5230000 324.4650 257.9532
5240000 323.5144 253.6474
5250000 348.2329 254.8101
5260000 344.6071 245.5337
5270000 324.0149 265.7424
5280000 336.4589 252.8212
5290000 359.6990 258.7758
5300000 376.5295 256.0120
5310000 361.6839 262.5496
5320000 348.1850 256.9589
5330000 350.7261 248.5098
5340000 327.4657 254.0469
5350000 343.7673 258.6563
5360000 333.0368 261.8478
5370000 310.0200 260.1099
5380000 319.3959 264.0272
5390000 326.6669 262.0715
5400000 337.4733 260.0464
5410000 358.8764 275.5416
5420000 348.2234 265.9481
5430000 364.2377 271.6734
5440000 346.1289 261.7977
5450000 352.8219 266.4514
5460000 350.6487 253.9479
5470000 355.9571 248.9112
5480000 351.4854 250.9883
5490000 320.7241 263.9246
5500000 338.6388 262.2740
5510000 335.9885 254.5642
5520000 332.4947 251.0625
5530000 332.1666 255.2605
5540000 350.9127 261.0364
5550000 321.9396 251.9486
5560000 342.8643 272.4603
5570000 334.0071 271.4784
5580000 317.3816 266.5631
5590000 321.5119 258.4268
5600000 330.4235 258.0999
5610000 316.1283 262.8936
5620000 302.2273 253.5613
5630000 340.7438 261.9493
5640000 359.1502 260.3788
5650000 348.7313 253.1625
5660000 343.0208 275.9204
5670000 325.5216 258.7591
5680000 327.4314 268.0747
5690000 355.1907 255.6350
5700000 345.2346 248.9465
5710000 356.7906 252.7786
5720000 340.6852 259.6825
5730000 350.3247 268.8783
5740000 355.5164 268.4308
5750000 350.5511 250.9695
5760000 336.0296 257.5421
5770000 342.2920 254.6417
5780000 342.8196 258.0009
5790000 322.6828 259.2197
5800000 333.9228 243.6373
5810000 323.0413 247.5345
5820000 325.2753 259.1252
5830000 342.9874 248.5476
5840000 344.3680 260.2624
5850000 342.2418 270.7364
5860000 371.8837 269.2033
5870000 367.9577 254.0315
5880000 319.1191 269.8019
5890000 342.2460 263.3352
5900000 341.0558 253.4485
5910000 339.5382 250.6403
5920000 345.0683 262.3412
5930000 326.5670 257.3030
5940000 344.8410 271.2328
5950000 338.6543 271.8507
5960000 344.8597 276.2731
5970000 347.4549 262.4898
5980000 326.0719 259.1565
5990000 327.6846 256.7369
6000000 344.0742 266.5661
6010000 332.7187 263.5687
6020000 338.6903 253.4059
6030000 353.8915 252.3950
6040000 342.8848 262.0244
6050000 341.2014 264.4357
6060000 335.2743 276.8671
6070000 350.6438 261.9979
6080000 364.2740 253.9462
6090000 337.0630 258.6816
6100000 333.5041 259.7167
6110000 357.3328 249.6866
6120000 348.4202 251.9773
6130000 339.6031 241.7102
6140000 355.0885 253.9511
6150000 361.5841 258.9553
6160000 351.8282 247.4247
6170000 362.5304 254.7327
6180000 344.7439 267.2222
6190000 348.3839 257.0460
6200000 363.9261 265.5766
6210000 370.5936 270.7394
6220000 352.5081 256.0986
6230000 357.5655 260.8612
6240000 350.1402 256.6323
6250000 341.6979 250.4295
6260000 350.7210 265.8901
6270000 368.4516 262.0950
6280000 339.1299 253.3034
6290000 337.2018 247.2109
6300000 346.0711 255.8159
6310000 340.1388 254.6612
6320000 364.9551 262.8857
6330000 346.6241 262.9513
6340000 348.2076 262.4807
6350000 352.1053 278.1877
6360000 349.9300 271.9719
6370000 359.1873 262.3049
6380000 359.5038 259.7803
6390000 350.9095 249.9213
6400000 333.3548 268.7679
6410000 333.5047 251.2663
6420000 347.9611 269.8799
6430000 329.5597 257.6123
6440000 350.7408 269.6723
6450000 335.7439 273.3524
6460000 345.7004 255.7734
6470000 352.0440 269.3899
6480000 358.1004 265.5147
6490000 332.2580 264.4387
6500000 346.5922 267.8838
6510000 332.7952 245.7124
6520000 339.2933 252.8205
6530000 318.8403 258.5650
6540000 343.0323 255.4135
6550000 342.8809 253.4522
6560000 330.0236 247.2829
6570000 325.2940 260.7188
6580000 329.5067 250.7523
6590000 337.6246 255.7316
6600000 323.3553 248.3774
6610000 326.0603 245.9515
6620000 333.5283 258.9450
6630000 328.5903 257.3554
6640000 328.4595 250.8059
6650000 344.6539 254.2588
6660000 342.6589 255.2397
6670000 345.6300 263.2201
6680000 349.2190 262.4571
6690000 346.9425 263.3214
6700000 339.7775 258.8309
6710000 339.2477 259.8005
6720000 327.9025 260.7399
6730000 332.9519 259.0734
6740000 330.2177 268.5236
6750000 327.1500 265.2196
6760000 334.1129 278.5793
6770000 325.9665 269.7068
6780000 338.4102 262.0170
6790000 332.2334 272.1357
6800000 330.6062 259.9499
6810000 334.5479 246.4292
6820000 345.1521 256.3956
6830000 337.9018 248.7002
6840000 330.4882 259.6115
6850000 362.4110 240.6674
6860000 355.0481 239.5410
6870000 353.6927 250.4331
6880000 330.9973 245.6849
6890000 329.2011 259.4176
6900000 341.9054 271.7078
6910000 333.6168 267.6223
6920000 335.1138 244.1865
6930000 335.6913 252.9182
6940000 336.5848 247.9023
6950000 338.0053 262.4109
6960000 344.2813 252.8328
6970000 341.9033 252.5216
6980000 322.9232 252.8343
6990000 329.1946 256.1796
7000000 343.3800 259.6730
7010000 330.6737 257.8207
7020000 328.7512 254.1588
7030000 340.9536 253.0310
7040000 324.6228 270.3741
7050000 322.1939 276.2130
7060000 320.3814 268.6543
7070000 324.1441 270.4247
7080000 340.1840 254.1511
7090000 323.8226 271.6068
7100000 341.1861 264.0316
7110000 324.9367 263.6002
7120000 324.9976 260.3722
7130000 333.8546 243.9829
7140000 338.6127 234.1320
7150000 337.9884 261.7510
7160000 327.2083 260.9901
7170000 326.6087 260.9690
7180000 344.1449 254.9044
7190000 335.1292 253.2629
7200000 336.3933 251.4643
7210000 308.5111 251.2047
7220000 317.0768 257.3126
7230000 348.3426 259.6866
7240000 338.5235 262.1158
7250000 344.1292 269.4296
7260000 340.7449 257.6463
7270000 327.9371 266.2138
7280000 344.5270 262.7011
7290000 360.6749 255.7970
7300000 340.5439 246.0475
7310000 330.7573 253.7564
7320000 342.0696 261.0372
7330000 347.7218 262.2797
7340000 343.0045 261.3206
7350000 326.7098 254.6249
7360000 326.3891 273.2848
7370000 334.0887 270.8396
7380000 322.5508 263.6778
7390000 341.6644 269.5434
7400000 342.7886 250.6030
7410000 364.0737 257.7031
7420000 335.8649 254.8732
7430000 308.5320 263.1415
7440000 349.1852 269.7444
7450000 349.5545 258.8680
7460000 341.6617 245.6197
7470000 338.0985 253.8510
7480000 339.1698 256.0784
7490000 316.8307 248.8677
7500000 333.6474 261.7354
7510000 342.3111 249.1038
7520000 346.9049 248.9075
7530000 357.5323 257.2087
7540000 331.8849 259.3713
7550000 337.6554 247.0600
7560000 339.4217 248.2894
7570000 354.7813 247.2785
7580000 349.6688 256.7101
7590000 332.2315 256.5883
7600000 329.3869 261.0042
7610000 334.2249 258.7055
7620000 344.0536 253.0441
7630000 348.6088 254.5887
7640000 346.3878 268.7491
7650000 349.2872 275.8053
7660000 347.2332 259.0634
7670000 337.4028 267.3482
7680000 332.6223 255.9193
7690000 343.0998 244.3568
7700000 353.1561 253.7138
7710000 362.5999 254.5798
7720000 359.2424 268.3678
7730000 330.3004 265.8531
7740000 332.9243 272.7206
7750000 338.8599 255.6223
7760000 321.0231 256.1399
7770000 334.1341 265.5965
7780000 347.6426 261.4562
7790000 341.4965 260.2135
7800000 343.5550 264.4062
7810000 336.8068 270.9105
7820000 336.4176 251.5971
7830000 352.2173 257.6941
7840000 339.5727 262.4934
7850000 340.6850 259.5097
7860000 321.0324 253.1159
7870000 327.2863 251.4742
7880000 330.7486 251.9131
7890000 334.4178 252.2234
7900000 329.1868 266.7011
7910000 337.5297 263.4586
7920000 333.8819 263.1861
7930000 329.1954 271.7098
7940000 330.4537 255.7753
7950000 334.8385 265.6335
7960000 342.2466 253.2549
7970000 326.7258 247.3572
7980000 321.8869 267.1661
7990000 346.4012 256.3077
8000000 337.5036 250.5923
8010000 359.7886 245.1001
8020000 349.8429 249.5832
8030000 321.4673 251.6339
8040000 326.5763 270.7427
8050000 344.4385 255.3137
8060000 328.1327 252.4859
8070000 325.7913 260.5527
8080000 337.9901 262.1220
8090000 353.4428 251.3097
8100000 330.4355 248.0548
8110000 331.8279 260.1903
8120000 328.8455 250.8488
8130000 330.0163 248.4432
8140000 326.2437 264.7794
8150000 328.0867 257.8470
8160000 328.0507 244.7258
8170000 322.4275 251.8427
8180000 318.3151 267.3083
8190000 330.0645 259.9019
8200000 328.4547 258.8072
8210000 333.5026 255.8655
8220000 339.3420 255.7674
8230000 327.9375 256.1551
8240000 313.1378 257.2735
8250000 320.2783 264.9533
8260000 324.4193 262.7118
8270000 339.0690 260.1665
8280000 327.5861 255.6158
8290000 328.7109 256.5542
8300000 360.1017 258.9641
8310000 320.9729 267.4771
8320000 322.7313 255.7588
8330000 338.6538 254.1671
8340000 342.0349 265.5307
8350000 348.6983 266.3872
8360000 342.1858 267.9389
8370000 340.6313 248.6293
8380000 346.5710 261.8579
8390000 362.6661 260.3535
8400000 389.1610 249.1755
8410000 354.7456 264.7414
8420000 366.2903 262.8134
8430000 363.7280 259.6846
8440000 375.1431 265.3846
8450000 346.4155 255.2858
8460000 360.8436 267.6826
8470000 359.9543 272.6837
8480000 327.5450 269.6594
8490000 351.7613 266.9160
8500000 329.0067 271.0607
8510000 336.9544 265.4922
8520000 337.6837 253.6521
8530000 330.3663 251.7323
8540000 352.3060 269.6315
8550000 342.6494 256.4045
8560000 335.5119 260.0340
8570000 354.4600 254.7328
8580000 345.1057 271.3690
8590000 361.9820 256.2694
8600000 324.1458 254.8459
8610000 316.5956 270.4299
8620000 332.9286 270.1387
8630000 328.4628 265.8786
8640000 312.1167 270.2402
8650000 346.0057 260.9310
8660000 335.5435 262.0116
8670000 341.6645 262.1429
8680000 352.6378 260.5919
8690000 320.7228 264.4464
8700000 336.2486 253.5184
8710000 337.9249 257.9814
8720000 330.1217 260.1250
8730000 330.3094 267.1249
8740000 314.7663 262.2207
8750000 328.8208 263.4151
8760000 328.0112 268.8532
8770000 338.1482 243.3475
8780000 331.4479 250.5965
8790000 335.7784 258.1032
8800000 341.3439 269.9704
8810000 326.5223 253.9621
8820000 356.0405 251.7397
8830000 337.4798 253.0865
8840000 347.8590 263.0991
8850000 359.0286 259.8996
8860000 330.1526 260.3557
8870000 339.4540 254.3872
8880000 333.4699 259.8326
8890000 330.6226 263.7076
8900000 326.4179 255.2516
8910000 321.7752 260.6795
8920000 311.1694 261.8307
8930000 323.0465 257.3554
8940000 334.5622 262.7977
8950000 340.2585 263.2092
8960000 343.9207 258.1610
8970000 340.1341 253.5340
8980000 333.7555 243.2662
8990000 338.4577 249.4533
9000000 346.5458 272.7836
9010000 323.8991 261.9715
9020000 332.0686 268.9905
9030000 319.1085 260.4412
9040000 323.9046 258.1921
9050000 342.7014 253.4691
9060000 352.2840 262.8061
9070000 334.0098 266.3209
9080000 310.7229 263.2436
9090000 330.6025 268.2155
9100000 320.7601 274.1510
9110000 319.4452 272.6999
9120000 326.5475 269.1211
9130000 333.0796 271.5942
9140000 322.3745 264.8221
9150000 298.6982 269.2440
9160000 314.4685 268.4098
9170000 320.8271 253.5486
9180000 309.2758 261.9606
9190000 325.3951 260.4022
9200000 336.2297 254.3905
9210000 330.2095 255.0469
9220000 329.6146 256.7708
9230000 315.5721 265.8828
9240000 321.2995 250.5042
9250000 321.5377 258.4256
9260000 340.9815 269.4407
9270000 328.5949 277.1360
9280000 334.1898 276.9299
9290000 333.3504 264.6158
9300000 312.1058 252.9299
9310000 326.7133 259.0225
9320000 325.4242 258.0691
9330000 336.0575 257.4595
9340000 333.8504 257.7107
9350000 346.0011 252.6294
9360000 329.9412 250.5499
9370000 341.3608 263.2666
9380000 338.7433 255.1860
9390000 322.4522 253.5290
9400000 351.3853 267.7794
9410000 326.4019 275.9491
9420000 341.0373 259.0386
9430000 338.4914 250.1937
9440000 302.7171 258.8868
9450000 330.6957 268.3864
9460000 311.1445 263.7163
9470000 324.1479 257.7819
9480000 334.0318 254.8354
9490000 330.5038 266.5158
9500000 336.7700 256.5676
9510000 341.6110 256.3864
9520000 332.0723 249.2894
9530000 330.9118 250.2399
9540000 322.2134 266.7095
9550000 322.6686 252.7499
9560000 340.5135 259.2327
9570000 335.4018 261.9770
9580000 324.2183 268.3261
9590000 341.8375 265.8149
9600000 336.2112 268.9911
9610000 315.7857 262.6376
9620000 301.6670 257.7544
9630000 313.5432 254.3889
9640000 308.1970 264.0563
9650000 328.7501 254.2551
9660000 333.7167 247.6533
9670000 343.8511 243.1651
9680000 334.6233 246.0172
9690000 346.1144 248.7753
9700000 338.4384 245.1305
9710000 352.9439 247.1815
9720000 341.2538 246.8803
9730000 328.7724 250.1405
9740000 299.9169 254.2618
9750000 324.5517 265.9692
9760000 326.6445 270.7630
9770000 318.5593 263.2036
9780000 307.1861 267.5934
9790000 328.0366 257.6952
9800000 334.5141 264.8646
9810000 354.0705 251.7127
9820000 324.0579 261.9860
9830000 346.0607 268.4076
9840000 359.9136 273.7945
9850000 337.7326 253.1115
9860000 336.6373 255.6842
9870000 337.8254 256.6775
9880000 336.5661 256.7040
9890000 322.7798 253.1308
9900000 331.8275 267.3111
9910000 340.9276 265.9883
9920000 335.2384 259.9765
9930000 334.1456 258.4734
9940000 318.9110 245.3684
9950000 299.0946 250.1885
9960000 338.9827 243.8329
9970000 351.9464 257.9756
9980000 328.4743 265.0602
9990000 346.5977 260.3795
10000000 340.0944 260.2272
10010000 342.8201 272.0230
10020000 345.8712 266.9023
10030000 322.2422 249.6214
10040000 341.4176 249.8179
10050000 329.5581 257.7604
10060000 359.7756 262.1198
10070000 352.3983 250.9348
10080000 339.8315 257.6023
10090000 322.6268 258.8582
10100000 325.1958 245.4927
10110000 313.0572 253.9209
10120000 335.7002 256.9053
10130000 331.2633 266.7863
10140000 326.2956 266.2907
10150000 341.4457 265.5078
10160000 336.5211 252.9858
10170000 318.4934 255.8420
10180000 317.9277 258.5273
10190000 328.9021 256.2227
10200000 345.4106 251.9685
10210000 335.5680 255.4396
10220000 342.3714 267.0406
10230000 338.9617 253.9030
10240000 316.1622 263.9836
10250000 354.7742 256.0607
10260000 343.8223 254.1669
10270000 337.1861 255.0300
10280000 331.2304 265.3529
10290000 341.4659 260.0916
10300000 340.9206 257.9414
10310000 346.2833 266.2188
10320000 339.2448 254.7618
10330000 349.4343 254.5511
10340000 349.2410 255.8604
10350000 332.0900 270.8540
10360000 339.6336 256.4001
10370000 329.0316 267.4762
10380000 319.6337 268.1438
10390000 341.2139 260.4418
10400000 322.4133 268.2100
10410000 335.7260 257.1507
10420000 323.4587 260.3621
10430000 338.5075 259.1635
10440000 331.5408 257.5013
10450000 339.0951 240.6906
10460000 329.8298 246.1549
10470000 346.5938 247.4150
10480000 332.9459 252.5791
10490000 341.6580 253.8811
10500000 331.8129 259.2092
10510000 318.9880 243.0151
10520000 324.3404 247.6212
10530000 329.6771 257.2271
10540000 328.6789 260.5436
10550000 320.6152 265.9321
10560000 345.3145 266.7769
10570000 334.2143 261.1843
10580000 329.6227 245.0778
10590000 335.8898 258.8929
10600000 328.1924 251.2034
10610000 333.4284 263.3452
10620000 338.1780 252.7402
10630000 329.8315 249.4984
10640000 327.3042 256.1534
10650000 337.3019 261.8395
10660000 326.1154 254.7878
10670000 322.7114 260.8001
10680000 338.1652 249.3548
10690000 348.8208 261.8309
10700000 321.0872 250.4879
10710000 338.7688 256.3971
10720000 344.8697 256.5470
10730000 331.8144 251.9291
10740000 325.3997 247.8784
10750000 328.3511 252.8106
10760000 329.3490 246.2403
10770000 342.2386 257.6060
10780000 346.2056 254.5952
10790000 343.2751 259.2024
10800000 340.8782 267.0403
10810000 344.3533 248.2811
10820000 351.9427 259.9035
10830000 346.8802 262.4057
10840000 353.5301 256.3162
10850000 364.6752 243.8602
10860000 352.1346 239.9908
10870000 337.2936 246.6670
10880000 347.6481 240.3820
10890000 361.1159 244.5642
10900000 341.5179 251.2587
10910000 383.9673 263.6817
10920000 358.5340 258.7440
10930000 349.0273 258.3363
10940000 326.5464 258.6607
10950000 308.7154 257.2967
10960000 330.8449 258.8402
10970000 335.1023 260.8430
10980000 323.4760 259.5406
10990000 331.5335 265.0995
11000000 317.3079 264.7272
11010000 314.7484 253.6790
11020000 322.4067 263.4194
11030000 328.4451 261.5866
11040000 320.0023 261.6442
11050000 342.9450 249.2219
11060000 334.0705 263.4909
11070000 340.0044 270.6392
11080000 338.8509 276.8685
11090000 332.3844 267.4135
11100000 338.8854 268.4326
11110000 342.0303 259.4582
11120000 330.0757 260.9262
11130000 336.6211 257.7604
11140000 336.6441 277.9128
11150000 325.5891 258.7680
11160000 339.8249 260.1209
11170000 350.8273 263.1098
11180000 337.7610 268.3942
11190000 335.9615 278.1770
11200000 364.9254 275.8879
11210000 339.7158 278.1848
11220000 329.4132 273.5830
11230000 342.5728 260.4530
11240000 334.6007 271.3822
11250000 325.3820 249.2436
11260000 352.5998 252.5974
11270000 336.8836 257.1853
11280000 345.1637 269.7777
11290000 345.9932 269.2276
11300000 351.5505 264.2202
11310000 359.9246 261.4300
11320000 353.6168 257.5634
11330000 342.5164 270.4409
11340000 337.1281 267.6426
11350000 345.3581 257.0973
11360000 348.0914 267.2402
11370000 363.2165 258.6657
11380000 354.2817 264.2234
11390000 346.6267 272.5253
11400000 334.0246 269.3582
11410000 323.5987 258.2949
11420000 352.8376 253.9728
11430000 334.6575 250.4661
11440000 354.0172 268.6318
11450000 314.3478 267.1102
11460000 338.4631 262.8644
11470000 351.3205 270.2849
11480000 336.7681 249.7835
11490000 318.6948 262.7946
11500000 339.8351 263.3778
11510000 336.0845 254.9842
11520000 343.0810 252.4081
11530000 347.8273 246.6142
11540000 346.8550 258.1935
11550000 355.8063 251.3710
11560000 334.7305 255.8957
11570000 352.4833 264.5035
11580000 339.9490 256.2925
11590000 327.9182 254.8487
11600000 315.9989 247.3512
11610000 331.8077 264.8573
11620000 334.4250 250.0665
11630000 334.9143 252.3888
11640000 323.0012 261.1735
11650000 337.1167 247.5195
11660000 319.7500 246.7501
11670000 350.2503 237.6448
11680000 313.8349 238.8228
11690000 362.4476 259.9442
11700000 336.5051 253.9203
11710000 324.7301 257.8586
11720000 315.0463 268.1976
11730000 319.3405 260.9553
11740000 322.2223 258.9402
11750000 328.9659 245.6594
11760000 321.3072 255.5640
11770000 315.8219 255.9438
11780000 323.5412 241.2759
11790000 341.3501 254.9857
11800000 342.1929 247.6842
11810000 341.1930 245.2339
11820000 323.4643 267.9313
11830000 322.4816 262.9539
11840000 346.6734 261.8955
11850000 319.2698 253.1441
11860000 337.7721 250.2224
11870000 321.7229 250.6541
11880000 327.8866 255.5096
11890000 321.0487 268.7804
11900000 321.3460 256.4402
11910000 315.4366 252.0485
11920000 322.4960 256.6686
11930000 324.8466 257.5337
11940000 331.6045 266.2828
11950000 339.2172 254.9112
11960000 334.4054 250.0496
11970000 333.7766 260.3374
11980000 357.1562 249.4177
11990000 376.5511 257.7148
12000000 363.4800 253.9661
12010000 330.3164 256.6132
12020000 331.1568 267.4860
12030000 335.4863 254.0765
12040000 322.6003 269.1398
12050000 320.4252 264.7213
12060000 332.7315 267.1324
12070000 335.0974 266.4728
12080000 319.8046 280.3014
12090000 344.7223 268.4482
12100000 333.7158 273.6314
12110000 340.9294 264.5086
12120000 346.2124 266.3883
12130000 328.6191 263.5359
12140000 365.5736 271.0025
12150000 362.0286 265.0884
12160000 346.3955 258.6526
12170000 355.6366 261.1034
12180000 345.2829 257.5044
12190000 339.1909 254.9599
12200000 305.6296 252.9437
12210000 327.8139 249.4587
12220000 339.8757 251.3030
12230000 324.3976 260.1259
12240000 332.9431 263.5267
12250000 330.6528 267.8936
12260000 347.1280 254.1233
12270000 347.8268 258.3288
12280000 321.3440 263.7385
12290000 325.6525 250.1660
12300000 358.9656 265.8332
12310000 328.9591 263.2524
12320000 309.9400 249.7900
12330000 310.8351 265.0259
12340000 313.4591 258.9271
12350000 307.8936 249.4323
12360000 322.0876 254.0819
12370000 335.6734 254.8132
12380000 313.5855 261.9578
12390000 343.1692 269.9517
12400000 331.7964 258.4459
12410000 326.2139 248.7839
12420000 349.0042 248.6140
12430000 334.4841 260.8105
12440000 339.3929 276.4822
12450000 334.7536 245.0936
12460000 342.9739 255.2038
12470000 351.2952 257.5707
12480000 321.2621 264.5167
12490000 323.9006 271.9835
12500000 333.8628 266.7871
12510000 345.7531 238.7020
12520000 315.9320 248.9887
12530000 316.5592 259.7913
12540000 319.2029 266.8686
12550000 330.8530 254.2400
12560000 334.7391 255.1465
12570000 331.5105 251.7100
12580000 346.8846 256.0614
12590000 340.0562 260.8340
12600000 341.8575 252.0660
12610000 338.1833 269.0343
12620000 341.3700 261.6624
12630000 325.8676 255.2020
12640000 343.2182 258.0745
12650000 329.3531 257.7943
12660000 345.6972 273.2297
12670000 335.9726 267.1677
12680000 339.0477 260.2634
12690000 320.0470 257.1512
12700000 342.4816 248.0750
12710000 328.2382 250.7462
12720000 343.0296 261.4095
12730000 341.7762 275.6490
12740000 370.4276 263.7223
12750000 359.2008 258.8909
12760000 335.7664 273.6769
12770000 322.4629 252.0278
12780000 326.0649 237.1648
12790000 351.8581 253.4831
12800000 333.6096 273.5494
12810000 327.3557 273.7456
12820000 344.6158 275.2259
12830000 353.3158 268.9030
12840000 348.2672 273.1971
12850000 333.9673 272.7265
12860000 322.4308 266.5317
12870000 327.1720 277.4149
12880000 315.9510 276.9895
12890000 322.6402 276.5296
12900000 333.5471 265.8131
12910000 344.8604 257.3699
12920000 348.8377 265.3692
12930000 334.7719 258.8709
12940000 333.7006 262.3631
12950000 320.8728 242.1646
12960000 334.2814 256.3878
12970000 329.8811 253.7691
12980000 330.2344 249.2788
12990000 346.3037 263.4677
13000000 334.0722 261.4672
13010000 334.5835 248.8438
13020000 327.1440 257.0450
13030000 337.6316 259.4564
13040000 316.1893 272.3782
13050000 312.5764 246.8328
13060000 322.5081 257.7249
13070000 328.7283 267.5725
13080000 314.4096 255.9775
13090000 332.6783 262.5780
13100000 350.2449 248.5934
13110000 349.8667 260.6257
13120000 353.2714 262.6751
13130000 346.2461 260.9649
13140000 356.0685 259.5729
13150000 338.6662 271.8707
13160000 340.5809 267.2560
13170000 331.5729 263.5925
13180000 331.0692 279.3241
13190000 327.9028 265.3421
13200000 333.3831 255.7505
13210000 357.2821 266.0286
13220000 333.1609 263.1701
13230000 324.7615 243.0339
13240000 304.0673 250.4193
13250000 328.9573 255.3302
13260000 320.8431 264.6557
13270000 313.1921 272.7889
13280000 324.8337 261.4011
13290000 305.3334 270.5321
13300000 319.3185 281.8361
13310000 309.8613 263.0927
13320000 318.1848 249.1417
13330000 321.1523 248.2100
13340000 340.5919 248.0701
13350000 324.3201 248.3424
13360000 328.4264 251.8248
13370000 312.9729 250.2812
13380000 327.6733 255.3592
13390000 324.8828 258.4062
13400000 318.2855 247.1658
13410000 327.8426 245.3529
13420000 326.1760 251.5640
13430000 348.7007 246.5203
13440000 360.5796 260.3366
13450000 321.1407 247.8151
13460000 324.4247 249.6984
13470000 343.7810 255.7940
13480000 327.4640 249.3155
13490000 347.5266 246.8600
13500000 340.4670 247.6135
13510000 312.9209 256.8122
13520000 326.5191 258.0007
13530000 327.1766 250.6077
13540000 348.5599 253.9059
13550000 346.6334 246.3802
13560000 335.0251 253.6008
13570000 337.0070 250.4747
13580000 349.8103 260.8375
13590000 335.6559 253.6480
13600000 321.0044 255.7631
13610000 328.6702 261.3203
13620000 340.6399 267.5134
13630000 327.9716 264.8319
13640000 340.9460 258.1735
13650000 324.3190 257.2204
13660000 318.3106 255.7231
13670000 320.2998 258.0083
13680000 333.8986 254.7473
13690000 346.5502 248.7671
13700000 346.1935 241.9754
13710000 354.6764 254.0002
13720000 348.1837 258.7363
13730000 342.9579 243.7423
13740000 352.9070 246.3275
13750000 346.9109 257.2562
13760000 319.3712 249.2809
13770000 335.2627 242.8664
13780000 352.6586 249.2140
13790000 348.0304 245.6677
13800000 344.5206 264.9856
13810000 331.1930 262.8524
13820000 361.0310 246.2357
13830000 341.0180 253.1914
13840000 345.0562 255.7214
13850000 340.5170 258.5017
13860000 335.0109 268.7949
13870000 352.2643 250.3913
13880000 335.8475 256.0472
13890000 334.2054 249.7414
13900000 334.0561 264.9911
13910000 366.2543 262.5996
13920000 342.0749 248.5684
13930000 349.6612 246.7895
13940000 329.5536 237.2900
13950000 330.7296 250.7209
13960000 360.1721 259.0827
13970000 329.4504 258.9571
13980000 341.7881 267.6903
13990000 342.8541 250.5527
14000000 387.8034 253.9075
14010000 365.9234 253.0962
14020000 340.2125 249.8071
14030000 341.5469 258.0141
14040000 354.9607 266.5201
14050000 335.2993 251.3846
14060000 324.2057 250.3953
14070000 340.7905 258.7371
14080000 330.3263 250.1163
14090000 352.4066 254.0400
14100000 335.5692 260.3572
14110000 337.2242 256.5633
14120000 338.1049 267.4432
14130000 306.6989 250.7565
14140000 327.1953 247.5701
14150000 350.9940 252.2824
14160000 348.9729 247.1159
14170000 354.0194 263.4326
14180000 341.1791 257.6475
14190000 318.1609 279.9316
14200000 318.9527 267.4065
14210000 331.8935 272.7431
14220000 333.5543 264.1484
14230000 353.2178 262.1058
14240000 356.9066 259.2036
14250000 339.2756 260.9100
14260000 330.9280 260.3490
14270000 343.7749 258.8576
14280000 335.3203 267.3311
14290000 317.1276 261.0263
14300000 311.8722 268.0463
14310000 332.7501 252.8629
14320000 343.7300 262.6331
14330000 339.0843 249.2155
14340000 345.4934 261.0474
14350000 330.6927 251.5036
14360000 315.1310 256.0558
14370000 327.3969 249.8934
14380000 321.3204 262.6655
14390000 317.9121 252.0150
14400000 336.4315 253.7646
14410000 353.0439 260.7280
14420000 321.3732 263.2594
14430000 335.7591 269.0780
14440000 335.2766 262.2334
14450000 335.9909 252.8857
14460000 344.3751 246.6754
14470000 363.5393 257.1198
14480000 362.2106 251.1204
14490000 342.8124 265.5662
14500000 328.6848 270.1082
14510000 340.1797 261.3573
14520000 363.9890 246.8950
14530000 359.4249 265.3387
14540000 355.2960 261.1252
14550000 351.7623 258.0183
14560000 326.1770 255.5727
14570000 343.9133 262.2356
14580000 350.4401 249.7487
14590000 347.3109 257.5851
14600000 331.5709 257.3236
14610000 323.2820 257.0894
14620000 351.6613 271.4116
14630000 349.2343 257.7850
14640000 342.4946 248.4604
14650000 342.3837 259.8884
14660000 343.2576 278.7323
14670000 331.3007 258.6804
14680000 328.9006 253.0339
14690000 322.2037 254.9640
14700000 345.7868 255.6996
14710000 347.5510 250.1836
14720000 349.0194 249.4515
14730000 342.6757 261.0181
14740000 357.6904 268.4787
14750000 316.6905 270.3357
14760000 318.7351 258.6183
14770000 326.0918 262.3718
14780000 333.1280 250.7709
14790000 347.8617 248.1065
14800000 333.7635 254.3407
14810000 332.8546 259.4877
14820000 344.1971 274.2187
14830000 348.5538 257.5775
14840000 345.7430 250.9423
14850000 346.2747 248.7838
14860000 353.2782 248.3237
14870000 335.4148 252.3830
14880000 343.6525 253.9937
14890000 337.4286 258.9214
14900000 351.6476 250.2942
14910000 358.6321 250.8907
14920000 368.3010 245.6634
14930000 347.6640 249.2960
14940000 346.3853 244.4196
14950000 360.8634 248.7776
14960000 353.8384 262.4004
14970000 341.5085 259.2001
14980000 340.4288 255.0387
14990000 334.9157 254.3939
15000000 340.3017 259.0793
15010000 360.0248 251.0671
15020000 349.7442 245.1429
15030000 328.3419 260.4946
15040000 339.1883 263.0539
15050000 356.0189 246.2074
15060000 348.2455 246.5378
15070000 334.8662 257.6568
15080000 339.7590 259.0389
15090000 328.0709 251.1835
15100000 320.8994 245.8429
15110000 324.4596 262.3241
15120000 346.9304 271.9128
15130000 333.6615 270.1031
15140000 337.0182 255.2970
15150000 365.2527 261.4097
15160000 332.4502 270.1324
15170000 338.8531 256.5070
15180000 331.9625 259.8732
15190000 346.0071 253.8684
15200000 348.3406 258.7298
15210000 336.8897 263.4420
15220000 349.0085 257.2860
15230000 349.8190 257.0836
15240000 334.1411 252.1352
15250000 339.3214 244.9430
15260000 332.7953 243.0531
15270000 342.6406 249.2162
15280000 342.7358 256.0525
15290000 333.1397 273.1558
15300000 336.8474 267.0997
15310000 354.6385 261.5735
15320000 338.8488 252.8775
15330000 317.2842 248.1551
15340000 319.9456 251.9615
15350000 341.1118 251.4583
15360000 349.8893 254.8062
15370000 345.9672 252.2605
15380000 349.7101 253.5117
15390000 352.6408 249.2238
15400000 347.3112 246.7541
15410000 331.0382 253.2368
15420000 350.2580 256.9680
15430000 338.6074 257.1466
15440000 323.0746 262.4772
15450000 343.5963 264.9225
15460000 335.1730 253.5393
15470000 340.3881 259.4387
15480000 333.0392 266.1779
15490000 333.8103 251.3661
15500000 333.1494 258.7653
15510000 343.4530 263.8101
15520000 338.6242 252.1176
15530000 343.8596 254.2061
15540000 334.4575 255.7026
15550000 347.4150 253.6977
15560000 356.3944 246.8164
15570000 336.8954 248.9648
15580000 365.8080 244.8926
15590000 352.1504 247.4632
15600000 319.8327 247.3999
15610000 342.8279 265.3005
15620000 333.5883 263.8909
15630000 338.4030 267.2656
15640000 346.1331 258.6686
15650000 340.5882 249.9957
15660000 336.0124 264.0616
15670000 317.6054 262.4100
15680000 341.9977 262.6651
15690000 352.8963 264.9108
15700000 361.7344 255.8903
15710000 347.8125 259.0681
15720000 360.2234 266.1651
15730000 350.3415 246.0667
15740000 358.5748 247.1955
15750000 359.6535 253.5371
15760000 330.3255 260.6510
15770000 345.9591 265.4885
15780000 340.7042 266.5526
15790000 340.6840 269.6386
15800000 339.1934 260.3890
15810000 346.9406 255.4185
15820000 342.3322 254.0180
15830000 342.3003 257.1769
15840000 345.7175 270.0981
15850000 373.6853 255.0004
15860000 331.3163 257.4364
15870000 330.7527 263.0211
15880000 326.0378 271.9581
15890000 340.9384 264.9429
15900000 326.6169 267.3045
15910000 338.9426 262.6926
15920000 329.3412 264.8244
15930000 318.4859 267.6031
15940000 315.0804 253.1947
15950000 314.3699 259.2845
15960000 322.7496 266.1939
15970000 347.7177 264.7740
15980000 316.5147 257.4760
15990000 321.9311 252.9757
16000000 332.3517 244.1129
16010000 329.2908 254.4961
16020000 351.2740 261.0107
16030000 334.8036 258.9691
16040000 352.2165 265.6126
16050000 329.4297 270.1149
16060000 351.9137 256.8629
16070000 338.2717 248.0583
16080000 342.7377 251.7492
16090000 355.8850 257.5262
16100000 342.1805 252.3248
16110000 320.0996 251.5545
16120000 331.9395 268.7287
16130000 301.7549 276.2847
16140000 324.5060 265.3588
16150000 327.0314 271.4332
16160000 338.2668 277.5349
16170000 340.3474 254.3095
16180000 330.2268 266.6201
16190000 343.3421 263.0692
16200000 336.6950 255.8429
16210000 346.8396 273.4583
16220000 326.5489 276.3939
16230000 344.5954 267.0792
16240000 349.8886 258.5162
16250000 342.8071 255.8383
16260000 350.0415 269.5050
16270000 341.2119 265.6903
16280000 343.5945 254.6043
16290000 332.6416 258.5209
16300000 320.0487 261.3487
16310000 338.1441 260.1968
16320000 351.6257 263.6655
16330000 331.6699 249.4126
16340000 357.1991 259.6040
16350000 364.5819 257.1752
16360000 348.1970 252.0924
16370000 344.9184 250.8713
16380000 341.3156 251.4058
16390000 325.1845 241.1122
16400000 333.3710 262.2433
16410000 346.8115 257.7259
16420000 325.6447 257.6979
16430000 320.1012 264.0820
16440000 312.1457 263.4876
16450000 333.6656 260.4220
16460000 334.8897 261.0340
16470000 327.0201 260.7358
16480000 315.1456 260.2934
16490000 331.2688 258.4708
16500000 335.3710 249.4667
16510000 349.4189 259.0272
16520000 345.7161 254.5720
16530000 358.9414 254.0563
16540000 343.3710 264.4730
16550000 344.7273 267.2417
16560000 331.3493 257.9664
16570000 327.6901 258.2151
16580000 345.7384 255.5433
16590000 325.6570 277.1182
16600000 340.3878 274.8056
16610000 339.7973 260.7055
16620000 346.7392 271.6422
16630000 382.4336 248.4123
16640000 349.0091 254.2942
16650000 335.6486 254.0784
16660000 351.9248 255.0624
16670000 353.1540 248.5669
16680000 337.0122 254.3804
16690000 351.3881 262.9232
16700000 354.2719 257.9259
16710000 353.4730 256.1577
16720000 353.4592 270.7272
16730000 333.7542 264.9991
16740000 347.6076 267.0683
16750000 359.5283 254.1959
16760000 345.3643 257.7868
16770000 333.9351 252.2378
16780000 333.5439 250.7003
16790000 333.4756 253.6848
16800000 351.8440 247.5323
16810000 345.9268 255.9285
16820000 323.6814 262.5426
16830000 330.1984 254.6705
16840000 349.1011 254.8288
16850000 342.8943 256.6364
16860000 349.2749 259.5757
16870000 362.6546 260.7143
16880000 354.0748 270.8788
16890000 344.3437 257.0213
16900000 345.2993 262.9376
16910000 371.6776 252.7028
16920000 338.6297 256.0219
16930000 347.1617 247.0775
16940000 332.4661 252.0865
16950000 327.9024 250.0349
16960000 345.0251 248.5339
16970000 341.8831 254.4887
16980000 339.8586 243.9332
16990000 337.5165 248.0772
17000000 364.2535 251.6352
17010000 332.7586 247.0602
17020000 338.1254 249.2387
17030000 352.7638 246.0757
17040000 343.1823 252.3201
17050000 358.3843 255.5933
17060000 335.0277 244.3417
17070000 333.8032 250.8268
17080000 329.5947 254.7687
17090000 334.8665 252.8830
17100000 353.1202 253.7390
17110000 336.7466 252.8510
17120000 326.9572 261.0650
17130000 350.0988 259.5004
17140000 345.7292 257.7639
17150000 375.5569 257.9169
17160000 345.1791 256.9643
17170000 372.4213 256.1428
17180000 331.7914 251.2329
17190000 336.8726 255.8511
17200000 346.4364 254.9028
17210000 348.3589 248.4611
17220000 327.3124 251.8474
17230000 338.0618 266.2963
17240000 339.6943 255.0242
17250000 365.1302 271.1766
17260000 363.6251 266.7232
17270000 342.7241 257.3656
17280000 361.7476 249.6609
17290000 353.3369 264.8317
17300000 356.2230 270.5751
17310000 332.0796 270.8655
17320000 326.6430 258.3660
17330000 340.5165 255.1484
17340000 338.0185 253.6689
17350000 318.4765 259.9173
17360000 334.4987 261.0091
17370000 337.4253 263.1886
17380000 360.5420 272.3089
17390000 337.6705 259.5174
17400000 325.3296 258.7871
17410000 326.3050 254.8642
17420000 323.5156 259.8112
17430000 320.4014 250.5050
17440000 330.4390 258.8980
17450000 329.5859 256.3482
17460000 344.2253 258.8581
17470000 325.0339 259.3360
17480000 330.9494 256.2357
17490000 338.3366 254.1401
17500000 345.5586 260.6054
17510000 330.0923 252.3610
17520000 322.1506 272.8566
17530000 343.1018 260.8933
17540000 333.9442 256.6869
17550000 353.1897 260.3131
17560000 335.3630 254.6226
17570000 333.4339 246.6303
17580000 324.5474 249.9308
17590000 336.7137 254.4460
17600000 363.0030 261.9926
17610000 366.6788 261.7610
17620000 339.6379 273.5851
17630000 349.6963 247.8529
17640000 366.5625 257.4711
17650000 369.9038 253.4133
17660000 347.5743 241.7322
17670000 352.7909 249.3529
17680000 348.7831 260.8039
17690000 331.5929 251.0957
17700000 332.5996 242.4958
17710000 341.1558 248.8003
17720000 326.3789 257.9163
17730000 333.3335 257.0796
17740000 353.7121 261.1223
17750000 343.0450 249.5708
17760000 320.3920 247.3112
17770000 332.7389 255.3746
17780000 348.0700 252.3874
17790000 348.0903 257.5894
17800000 353.5584 247.8100
17810000 366.3845 259.2743
17820000 374.7612 250.9764
17830000 369.9216 256.8003
17840000 335.7523 247.6094
17850000 352.8609 271.8903
17860000 354.2497 256.4973
17870000 356.6501 255.4677
17880000 347.1324 240.1962
17890000 341.0262 248.5597
17900000 361.0832 242.2330
17910000 324.9739 261.3679
17920000 339.2802 263.4471
17930000 347.1260 255.9043
17940000 350.2648 245.2617
17950000 336.5906 257.9101
17960000 341.7592 259.8053
17970000 344.8979 239.9253
17980000 350.4488 249.0825
17990000 344.1657 245.3863
18000000 339.4038 255.2218
18010000 366.6833 247.1558
18020000 356.0005 251.2643
18030000 335.2656 268.5109
18040000 329.6688 273.0603
18050000 325.4526 258.0398
18060000 314.9567 261.0893
18070000 313.7447 266.9324
18080000 325.3595 274.0713
18090000 332.9955 276.1439
18100000 352.4071 278.0551
18110000 355.5479 270.0146
18120000 340.3944 260.3648
18130000 358.7873 256.9319
18140000 328.4467 267.0008
18150000 334.4785 273.4990
18160000 343.3983 280.8632
18170000 340.4521 273.0815
18180000 311.9156 257.2581
18190000 340.8441 260.8591
18200000 342.0237 257.4460
18210000 354.8145 260.6412
18220000 345.8889 265.3712
18230000 350.2920 251.2720
18240000 340.9951 254.0066
18250000 352.3226 248.0963
18260000 341.1091 264.5873
18270000 338.8575 244.8574
18280000 331.8336 249.0132
18290000 342.8116 240.5477
18300000 337.2209 244.4360
18310000 332.4328 256.8947
18320000 345.9414 249.8332
18330000 326.0034 264.1794
18340000 325.2231 255.3052
18350000 333.2489 256.5410
18360000 325.0325 264.0624
18370000 335.8210 266.3725
18380000 338.2275 261.3199
18390000 317.5917 267.7035
18400000 324.8391 258.5921
18410000 328.0508 256.9491
18420000 316.9456 257.7957
18430000 330.4004 258.3067
18440000 326.1711 249.7837
18450000 347.6951 258.6198
18460000 354.7860 250.7599
18470000 349.7659 249.2570
18480000 346.0296 253.9813
18490000 332.4475 258.5002
18500000 339.9093 268.7360
18510000 350.1922 260.0137
18520000 336.3287 254.9220
18530000 349.0841 266.3103
18540000 344.2391 280.2038
18550000 328.2089 272.9962
18560000 336.0586 256.0506
18570000 350.4185 253.2659
18580000 341.8847 262.9058
18590000 314.6666 261.5278
18600000 327.0097 259.4838
18610000 323.6283 255.9793
18620000 324.2825 232.8517
18630000 338.9061 251.9305
18640000 335.5754 246.6381
18650000 325.1828 242.0575
18660000 326.0027 243.7241
18670000 323.8847 240.5360
18680000 321.4163 244.8034
18690000 333.5413 260.0520
18700000 325.7868 276.1431
18710000 333.0989 257.7445
18720000 340.5325 261.7993
18730000 362.9516 256.6488
18740000 337.5346 263.4846
18750000 342.7511 257.0254
18760000 348.5865 253.1459
18770000 332.3625 247.1036
18780000 338.5581 250.0027
18790000 326.7863 254.5414
18800000 324.3345 253.1778
18810000 321.2224 257.9660
18820000 337.1923 262.5163
18830000 345.9577 246.6443
18840000 326.0153 249.5079
18850000 332.4786 257.3950
18860000 307.2195 253.7804
18870000 318.3114 249.8633
18880000 333.4138 233.4341
18890000 312.4495 242.8000
18900000 337.2625 238.5474
18910000 333.0027 251.5901
18920000 341.4327 263.2963
18930000 338.2221 247.0385
18940000 340.6881 261.9343
18950000 354.5984 247.2352
18960000 334.2757 262.1708
18970000 335.5834 249.3624
18980000 317.6634 249.6555
18990000 306.6256 260.9995
19000000 329.8911 250.7880
19010000 326.4779 245.1039
19020000 332.9192 243.5153
19030000 327.1378 248.2342
19040000 321.8437 241.0640
19050000 326.5491 245.6852
19060000 339.0588 243.6431
19070000 325.4246 261.7691
19080000 333.0730 249.4155
19090000 335.9166 253.4000
19100000 326.1036 261.8024
19110000 335.5368 254.3977
19120000 345.6243 245.0552
19130000 322.3826 250.8421
19140000 340.6548 256.7922
19150000 326.7982 266.9274
19160000 305.0250 259.4157
19170000 330.7832 258.8672
19180000 333.5510 259.1421
19190000 337.2505 237.6294
19200000 349.9919 237.5588
19210000 353.7625 253.4478
19220000 340.9612 262.1782
19230000 344.2571 271.1726
19240000 351.9261 251.4126
19250000 337.3528 246.7624
19260000 334.9173 259.3565
19270000 344.5017 255.4558
19280000 351.0651 258.9615
19290000 349.0535 254.0478
19300000 339.6823 261.4071
19310000 341.7103 265.9829
19320000 356.2876 256.7183
19330000 337.2705 240.9901
19340000 327.5974 264.1706
19350000 325.0609 261.5721
19360000 330.5840 257.4651
19370000 345.2044 266.5365
19380000 335.8723 276.1321
19390000 329.8475 260.8490
19400000 319.3596 272.9466
19410000 331.0675 263.2796
19420000 330.8017 263.9218
19430000 335.9156 256.4300
19440000 341.9212 264.0172
19450000 341.2178 254.0580
19460000 343.6727 264.1423
19470000 347.9162 266.5463
19480000 369.5494 254.3628
19490000 349.4720 260.7550
19500000 345.9600 248.0028
19510000 335.4302 250.4460
19520000 357.3490 258.4846
19530000 335.8234 254.3458
19540000 351.7994 255.6017
19550000 357.4953 251.9466
19560000 357.3177 267.4846
19570000 331.3206 251.7034
19580000 345.3892 255.6284
19590000 369.2324 262.3888
19600000 336.4680 260.2026
19610000 343.9073 248.7598
19620000 322.0180 259.6753
19630000 341.5766 252.2243
19640000 351.7689 262.4981
19650000 336.1139 262.4192
19660000 342.8656 263.8926
19670000 348.4792 253.9301
19680000 338.5641 255.3683
19690000 327.1618 258.1676
19700000 331.1138 257.0855
19710000 319.3596 271.7923
19720000 328.3221 276.9504
19730000 327.4351 268.3900
19740000 331.9746 261.3089
19750000 340.3829 261.3092
19760000 350.5625 271.1741
19770000 336.4745 269.0380
19780000 332.7969 261.8618
19790000 322.0615 258.1025
19800000 319.2414 263.0297
19810000 318.1837 245.2878
19820000 318.2531 259.9079
19830000 344.1879 259.0129
19840000 339.5880 267.2720
19850000 345.2306 264.4188
19860000 345.2036 259.1456
19870000 347.0178 269.4949
19880000 335.5453 258.9593
19890000 355.5390 266.1189
19900000 337.4228 279.6848
19910000 352.9190 253.0459
19920000 363.0239 258.9044
19930000 341.8461 250.9157
19940000 336.8803 258.5806
19950000 326.1500 263.7277
19960000 319.0862 271.4716
19970000 308.2389 255.0946
19980000 350.9472 262.9814
19990000 339.2636 258.2128
20000000 336.1527 266.7539
